Using pre-set license
Built from '2020.2/staging' branch; Version is '2020.2.7f1 (c53830e277f1) revision 12924976'; Using compiler version '192528614'; Build Type 'Release'
OS: 'Windows 10 Pro; OS build 19042.928; Version 2009; 64bit' Language: 'pt' Physical Memory: 4022 MB
BatchMode: 1, IsHumanControllingUs: 0, StartBugReporterOnCrash: 0, Is64bit: 1, IsPro: 0

 COMMAND LINE ARGUMENTS:
C:\Program Files\Unity\Hub\Editor\2020.2.7f1\Editor\Unity.exe
-adb2
-batchMode
-noUpm
-name
AssetImportWorker7
-projectPath
C:/Users/User/OneDrive/Documentos/GitHub/TCC/Projeto 5
-logFile
Logs/AssetImportWorker7.log
-srvPort
52180
Successfully changed project path to: C:/Users/User/OneDrive/Documentos/GitHub/TCC/Projeto 5
C:/Users/User/OneDrive/Documentos/GitHub/TCC/Projeto 5
Using Asset Import Pipeline V2.
Refreshing native plugins compatible for Editor in 124.84 ms, found 1 plugins.
Preloading 0 native plugins for Editor in 0.00 ms.
Initialize engine version: 2020.2.7f1 (c53830e277f1)
[Subsystems] Discovering subsystems at path C:/Program Files/Unity/Hub/Editor/2020.2.7f1/Editor/Data/Resources/UnitySubsystems
[Subsystems] Discovering subsystems at path C:/Users/User/OneDrive/Documentos/GitHub/TCC/Projeto 5/Assets
GfxDevice: creating device client; threaded=0
Direct3D:
    Version:  Direct3D 11.0 [level 10.0]
    Renderer: NVIDIA GeForce 9800 GT   (ID=0x614)
    Vendor:   
    VRAM:     1001 MB
    Driver:   21.21.13.4201
Initialize mono
Mono path[0] = 'C:/Program Files/Unity/Hub/Editor/2020.2.7f1/Editor/Data/Managed'
Mono path[1] = 'C:/Program Files/Unity/Hub/Editor/2020.2.7f1/Editor/Data/MonoBleedingEdge/lib/mono/unityjit'
Mono config path = 'C:/Program Files/Unity/Hub/Editor/2020.2.7f1/Editor/Data/MonoBleedingEdge/etc'
Using monoOptions --debugger-agent=transport=dt_socket,embedding=1,server=y,suspend=n,address=127.0.0.1:56968
Begin MonoManager ReloadAssembly
Registering precompiled unity dll's ...
Register platform support module: C:/Program Files/Unity/Hub/Editor/2020.2.7f1/Editor/Data/PlaybackEngines/WindowsStandaloneSupport/UnityEditor.WindowsStandalone.Extensions.dll
Registered in 0.006351 seconds.
Native extension for WindowsStandalone target not found
Refreshing native plugins compatible for Editor in 75.76 ms, found 1 plugins.
Preloading 0 native plugins for Editor in 0.00 ms.
Invoked RoslynAnalysisRunner static constructor.
RoslynAnalysisRunner will not be running.
RoslynAnalysisRunner has terminated.
Mono: successfully reloaded assembly
- Completed reload, in  2.344 seconds
Platform modules already initialized, skipping
Registering precompiled user dll's ...
Registered in 0.002306 seconds.
Begin MonoManager ReloadAssembly
Native extension for WindowsStandalone target not found
Refreshing native plugins compatible for Editor in 76.76 ms, found 1 plugins.
Preloading 0 native plugins for Editor in 0.00 ms.
Invoked RoslynAnalysisRunner static constructor.
RoslynAnalysisRunner will not be running.
RoslynAnalysisRunner has terminated.
Mono: successfully reloaded assembly
- Completed reload, in  2.597 seconds
Platform modules already initialized, skipping
========================================================================
Worker process is ready to serve import requests
Launched and connected shader compiler UnityShaderCompiler.exe after 0.32 seconds
Refreshing native plugins compatible for Editor in 0.70 ms, found 1 plugins.
Preloading 0 native plugins for Editor in 0.00 ms.
Unloading 1825 Unused Serialized files (Serialized files now loaded: 0)
System memory in use before: 85.6 MB.
System memory in use after: 85.7 MB.

Unloading 19 unused Assets to reduce memory usage. Loaded Objects now: 2274.
Total: 4.307500 ms (FindLiveObjects: 0.585300 ms CreateObjectMapping: 0.130400 ms MarkObjects: 3.404300 ms  DeleteObjects: 0.184100 ms)

========================================================================
Received Import Request.
  path: Assets/3DModels/Cenário/Sacodelixo.fbx
  artifactKey: Guid(b3ad91b50d58bcd4b9a3b57c9c0de2aa) Importer(815301076,1909f56bfc062723c751e8b465ee728b)
Start importing Assets/3DModels/Cenário/Sacodelixo.fbx using Guid(b3ad91b50d58bcd4b9a3b57c9c0de2aa) Importer(815301076,1909f56bfc062723c751e8b465ee728b)  -> (artifact id: '978acec4d478bc58ba088af1ee357f51') in 1.308018 seconds
  Import took 1.357240 seconds .

========================================================================
Received Import Request.
  Time since last request: 0.000425 seconds.
  path: Assets/3DModels/Cenário/CasaTCCv2 1.fbx
  artifactKey: Guid(81501708eb516c74e9515bab5cf689f2) Importer(815301076,1909f56bfc062723c751e8b465ee728b)
Start importing Assets/3DModels/Cenário/CasaTCCv2 1.fbx using Guid(81501708eb516c74e9515bab5cf689f2) Importer(815301076,1909f56bfc062723c751e8b465ee728b)  -> (artifact id: '4f7323e2dbad30f7da61bc62f278f0ac') in 0.334799 seconds
  Import took 0.459511 seconds .

========================================================================
Received Import Request.
  Time since last request: 0.000446 seconds.
  path: Assets/3DModels/Cenário/Galpaov1.fbx
  artifactKey: Guid(4c4329268822aed4493bc9703397e67b) Importer(815301076,1909f56bfc062723c751e8b465ee728b)
Start importing Assets/3DModels/Cenário/Galpaov1.fbx using Guid(4c4329268822aed4493bc9703397e67b) Importer(815301076,1909f56bfc062723c751e8b465ee728b)  -> (artifact id: '3bf87d3384bb48e7131f5f7495a1b651') in 0.199355 seconds
  Import took 0.260172 seconds .

========================================================================
Received Import Request.
  Time since last request: 0.000360 seconds.
  path: Assets/3DModels/Cenário/Poste.fbx
  artifactKey: Guid(0d96037ddb81cf3419ca395c4af70055) Importer(815301076,1909f56bfc062723c751e8b465ee728b)
Start importing Assets/3DModels/Cenário/Poste.fbx using Guid(0d96037ddb81cf3419ca395c4af70055) Importer(815301076,1909f56bfc062723c751e8b465ee728b)  -> (artifact id: '8e8739a02775c194e80118dbbe05aba8') in 0.042227 seconds
  Import took 0.073375 seconds .

========================================================================
Received Import Request.
  Time since last request: 0.000325 seconds.
  path: Assets/3DModels/Cenário/Caçamba.fbx
  artifactKey: Guid(cfc8bb4249fad9045be7458709ddb2ad) Importer(815301076,1909f56bfc062723c751e8b465ee728b)
Start importing Assets/3DModels/Cenário/Caçamba.fbx using Guid(cfc8bb4249fad9045be7458709ddb2ad) Importer(815301076,1909f56bfc062723c751e8b465ee728b)  -> (artifact id: 'f6402174bd5ee04870a37227e09fdfe6') in 0.305213 seconds
  Import took 0.335626 seconds .

========================================================================
Received Import Request.
  Time since last request: 0.000326 seconds.
  path: Assets/3DModels/Cenário/Caixadagua.fbx
  artifactKey: Guid(b5de40addab5d704882059966cc40adb) Importer(815301076,1909f56bfc062723c751e8b465ee728b)
Start importing Assets/3DModels/Cenário/Caixadagua.fbx using Guid(b5de40addab5d704882059966cc40adb) Importer(815301076,1909f56bfc062723c751e8b465ee728b)  -> (artifact id: '179eb0974cf30f35743ee3168ab610c6') in 0.170109 seconds
  Import took 0.202262 seconds .

========================================================================
Received Import Request.
  Time since last request: 54.820240 seconds.
  path: Assets/3DModels/Cenário/Poste.fbx
  artifactKey: Guid(0d96037ddb81cf3419ca395c4af70055) Importer(815301076,1909f56bfc062723c751e8b465ee728b)
Start importing Assets/3DModels/Cenário/Poste.fbx using Guid(0d96037ddb81cf3419ca395c4af70055) Importer(815301076,1909f56bfc062723c751e8b465ee728b)  -> (artifact id: '0e9d4b67c17b6827f535a3e3a140edde') in 0.091789 seconds
  Import took 0.101398 seconds .

========================================================================
Received Import Request.
  Time since last request: 183.860441 seconds.
  path: Assets/Materials/New Material.mat
  artifactKey: Guid(5da702838795e9a46a940b0c5e54ec40) Importer(815301076,1909f56bfc062723c751e8b465ee728b)
Start importing Assets/Materials/New Material.mat using Guid(5da702838795e9a46a940b0c5e54ec40) Importer(815301076,1909f56bfc062723c751e8b465ee728b)  -> (artifact id: '2a360bc46f0c95e9fceb07589422827d') in 7.119665 seconds
  Import took 7.286082 seconds .

========================================================================
Received Import Request.
  Time since last request: 0.000443 seconds.
  path: Assets/Materials/Weapons_Materials
  artifactKey: Guid(1701d694718daf5429e2d7355291f01a) Importer(815301076,1909f56bfc062723c751e8b465ee728b)
Start importing Assets/Materials/Weapons_Materials using Guid(1701d694718daf5429e2d7355291f01a) Importer(815301076,1909f56bfc062723c751e8b465ee728b)  -> (artifact id: '9101c2b1c401538b24bf89c0506292fd') in 0.033069 seconds
  Import took 0.171882 seconds .

========================================================================
Received Import Request.
  Time since last request: 0.000307 seconds.
  path: Assets/Materials/Weapons_Materials/GearAxe_Material.mat
  artifactKey: Guid(05799b23f053cf5439666ef7eac596f2) Importer(815301076,1909f56bfc062723c751e8b465ee728b)
Start importing Assets/Materials/Weapons_Materials/GearAxe_Material.mat using Guid(05799b23f053cf5439666ef7eac596f2) Importer(815301076,1909f56bfc062723c751e8b465ee728b)  -> (artifact id: '857756f9dd9079e11d0718a5d5571dba') in 0.430978 seconds
  Import took 0.696917 seconds .

========================================================================
Received Import Request.
  Time since last request: 53.804389 seconds.
  path: Assets/Textures/Poste_Text.png
  artifactKey: Guid(5f060bb3c83e6e74c92af1399d4808f5) Importer(815301076,1909f56bfc062723c751e8b465ee728b)
Start importing Assets/Textures/Poste_Text.png using Guid(5f060bb3c83e6e74c92af1399d4808f5) Importer(815301076,1909f56bfc062723c751e8b465ee728b)  -> (artifact id: '9837059e469a653137a79f65cbf6957e') in 0.928826 seconds
  Import took 1.002765 seconds .

AssetImportWorkerClient::OnTransportError - code=2 error=End of file
