Using pre-set license
Built from '2020.2/staging' branch; Version is '2020.2.7f1 (c53830e277f1) revision 12924976'; Using compiler version '192528614'; Build Type 'Release'
OS: 'Windows 10 Pro; OS build 19042.867; Version 2009; 64bit' Language: 'pt' Physical Memory: 16315 MB
BatchMode: 1, IsHumanControllingUs: 0, StartBugReporterOnCrash: 0, Is64bit: 1, IsPro: 0

 COMMAND LINE ARGUMENTS:
C:\Program Files\Unity\Hub\Editor\2020.2.7f1\Editor\Unity.exe
-adb2
-batchMode
-noUpm
-name
AssetImportWorker0
-projectPath
C:/Users/T-Gamer/Documents/GitHub/Projeto4/Projeto4/TCC/Projeto 5
-logFile
Logs/AssetImportWorker0.log
-srvPort
55082
Successfully changed project path to: C:/Users/T-Gamer/Documents/GitHub/Projeto4/Projeto4/TCC/Projeto 5
C:/Users/T-Gamer/Documents/GitHub/Projeto4/Projeto4/TCC/Projeto 5
Using Asset Import Pipeline V2.
Refreshing native plugins compatible for Editor in 47.84 ms, found 1 plugins.
Preloading 0 native plugins for Editor in 0.00 ms.
Initialize engine version: 2020.2.7f1 (c53830e277f1)
[Subsystems] Discovering subsystems at path C:/Program Files/Unity/Hub/Editor/2020.2.7f1/Editor/Data/Resources/UnitySubsystems
[Subsystems] Discovering subsystems at path C:/Users/T-Gamer/Documents/GitHub/Projeto4/Projeto4/TCC/Projeto 5/Assets
GfxDevice: creating device client; threaded=0
Direct3D:
    Version:  Direct3D 11.0 [level 11.1]
    Renderer: Radeon RX 580 Series (ID=0x67df)
    Vendor:   
    VRAM:     8171 MB
    Driver:   27.20.1034.6
Initialize mono
Mono path[0] = 'C:/Program Files/Unity/Hub/Editor/2020.2.7f1/Editor/Data/Managed'
Mono path[1] = 'C:/Program Files/Unity/Hub/Editor/2020.2.7f1/Editor/Data/MonoBleedingEdge/lib/mono/unityjit'
Mono config path = 'C:/Program Files/Unity/Hub/Editor/2020.2.7f1/Editor/Data/MonoBleedingEdge/etc'
Using monoOptions --debugger-agent=transport=dt_socket,embedding=1,server=y,suspend=n,address=127.0.0.1:56144
Begin MonoManager ReloadAssembly
Registering precompiled unity dll's ...
Register platform support module: C:/Program Files/Unity/Hub/Editor/2020.2.7f1/Editor/Data/PlaybackEngines/WindowsStandaloneSupport/UnityEditor.WindowsStandalone.Extensions.dll
Registered in 0.004448 seconds.
Native extension for WindowsStandalone target not found
Refreshing native plugins compatible for Editor in 51.94 ms, found 1 plugins.
Preloading 0 native plugins for Editor in 0.00 ms.
Invoked RoslynAnalysisRunner static constructor.
RoslynAnalysisRunner will not be running.
RoslynAnalysisRunner has terminated.
Mono: successfully reloaded assembly
- Completed reload, in  2.023 seconds
Platform modules already initialized, skipping
Registering precompiled user dll's ...
Registered in 0.001822 seconds.
Begin MonoManager ReloadAssembly
Symbol file data-0000023BF6F0A010 doesn't match image C:\Users\T-Gamer\Documents\GitHub\Projeto4\Projeto4\TCC\Projeto 5\Library\ScriptAssemblies\Unity.2D.Animation.Editor.dll
Symbol file LoadedFromMemory is not a mono symbol file
Symbol file data-0000023BF22379F0 doesn't match image C:\Users\T-Gamer\Documents\GitHub\Projeto4\Projeto4\TCC\Projeto 5\Library\ScriptAssemblies\Unity.InternalAPIEngineBridge.001.dll
Symbol file LoadedFromMemory is not a mono symbol file
Symbol file data-0000023BF55899F0 doesn't match image C:\Users\T-Gamer\Documents\GitHub\Projeto4\Projeto4\TCC\Projeto 5\Library\ScriptAssemblies\Unity.VSCode.Editor.dll
Symbol file LoadedFromMemory is not a mono symbol file
Symbol file data-0000023BF38276F0 doesn't match image C:\Users\T-Gamer\Documents\GitHub\Projeto4\Projeto4\TCC\Projeto 5\Library\ScriptAssemblies\Unity.2D.PixelPerfect.dll
Symbol file LoadedFromMemory is not a mono symbol file
Symbol file data-0000023BF3CD1010 doesn't match image C:\Users\T-Gamer\Documents\GitHub\Projeto4\Projeto4\TCC\Projeto 5\Library\ScriptAssemblies\PsdPlugin.dll
Symbol file LoadedFromMemory is not a mono symbol file
Symbol file data-0000023BF3CD1010 doesn't match image C:\Users\T-Gamer\Documents\GitHub\Projeto4\Projeto4\TCC\Projeto 5\Library\ScriptAssemblies\Unity.TextMeshPro.Editor.dll
Symbol file LoadedFromMemory is not a mono symbol file
Symbol file data-0000023BF568C620 doesn't match image C:\Users\T-Gamer\Documents\GitHub\Projeto4\Projeto4\TCC\Projeto 5\Library\ScriptAssemblies\Unity.VisualStudio.Editor.dll
Symbol file LoadedFromMemory is not a mono symbol file
Symbol file data-0000023BF3CE4420 doesn't match image C:\Users\T-Gamer\Documents\GitHub\Projeto4\Projeto4\TCC\Projeto 5\Library\ScriptAssemblies\UnityEngine.TestRunner.dll
Symbol file LoadedFromMemory is not a mono symbol file
Symbol file data-0000023BF3CE4420 doesn't match image C:\Users\T-Gamer\Documents\GitHub\Projeto4\Projeto4\TCC\Projeto 5\Library\ScriptAssemblies\Unity.Timeline.dll
Symbol file LoadedFromMemory is not a mono symbol file
Symbol file data-0000023BF6039010 doesn't match image C:\Users\T-Gamer\Documents\GitHub\Projeto4\Projeto4\TCC\Projeto 5\Library\ScriptAssemblies\Unity.TextMeshPro.dll
Symbol file LoadedFromMemory is not a mono symbol file
Symbol file data-0000023BF6066A20 doesn't match image C:\Users\T-Gamer\Documents\GitHub\Projeto4\Projeto4\TCC\Projeto 5\Library\ScriptAssemblies\UnityEditor.TestRunner.dll
Symbol file LoadedFromMemory is not a mono symbol file
Symbol file data-0000023BF6AF3C30 doesn't match image C:\Users\T-Gamer\Documents\GitHub\Projeto4\Projeto4\TCC\Projeto 5\Library\ScriptAssemblies\Unity.2D.IK.Editor.dll
Symbol file LoadedFromMemory is not a mono symbol file
Symbol file data-0000023BF67E1190 doesn't match image C:\Users\T-Gamer\Documents\GitHub\Projeto4\Projeto4\TCC\Projeto 5\Library\ScriptAssemblies\Unity.2D.Psdimporter.Editor.dll
Symbol file LoadedFromMemory is not a mono symbol file
Symbol file data-0000023BF67E1190 doesn't match image C:\Users\T-Gamer\Documents\GitHub\Projeto4\Projeto4\TCC\Projeto 5\Library\ScriptAssemblies\Unity.2D.Path.Editor.dll
Symbol file LoadedFromMemory is not a mono symbol file
Symbol file data-0000023BF6AD9050 doesn't match image C:\Users\T-Gamer\Documents\GitHub\Projeto4\Projeto4\TCC\Projeto 5\Library\ScriptAssemblies\Unity.InternalAPIEditorBridge.001.dll
Symbol file LoadedFromMemory is not a mono symbol file
Symbol file data-0000023BF3CEC430 doesn't match image C:\Users\T-Gamer\Documents\GitHub\Projeto4\Projeto4\TCC\Projeto 5\Library\ScriptAssemblies\Unity.Rider.Editor.dll
Symbol file LoadedFromMemory is not a mono symbol file
Symbol file data-0000023BF54A7020 doesn't match image C:\Users\T-Gamer\Documents\GitHub\Projeto4\Projeto4\TCC\Projeto 5\Library\ScriptAssemblies\Unity.Mathematics.dll
Symbol file LoadedFromMemory is not a mono symbol file
Symbol file data-0000023BF59CE030 doesn't match image C:\Users\T-Gamer\Documents\GitHub\Projeto4\Projeto4\TCC\Projeto 5\Library\ScriptAssemblies\Unity.2D.IK.Runtime.dll
Symbol file LoadedFromMemory is not a mono symbol file
Symbol file data-0000023BF5BAC8F0 doesn't match image C:\Users\T-Gamer\Documents\GitHub\Projeto4\Projeto4\TCC\Projeto 5\Library\ScriptAssemblies\Unity.2D.Animation.Triangle.Runtime.dll
Symbol file LoadedFromMemory is not a mono symbol file
Symbol file data-0000023BF59CE030 doesn't match image C:\Users\T-Gamer\Documents\GitHub\Projeto4\Projeto4\TCC\Projeto 5\Library\ScriptAssemblies\Unity.2D.Animation.Runtime.dll
Symbol file LoadedFromMemory is not a mono symbol file
Symbol file data-0000023BF6A7D040 doesn't match image C:\Users\T-Gamer\Documents\GitHub\Projeto4\Projeto4\TCC\Projeto 5\Library\ScriptAssemblies\Unity.2D.PixelPerfect.Editor.dll
Symbol file LoadedFromMemory is not a mono symbol file
Symbol file data-0000023BF5DF9010 doesn't match image C:\Users\T-Gamer\Documents\GitHub\Projeto4\Projeto4\TCC\Projeto 5\Library\ScriptAssemblies\Unity.Timeline.Editor.dll
Symbol file LoadedFromMemory is not a mono symbol file
Symbol file data-0000023BF590A220 doesn't match image C:\Users\T-Gamer\Documents\GitHub\Projeto4\Projeto4\TCC\Projeto 5\Library\ScriptAssemblies\Unity.CollabProxy.Editor.dll
Symbol file LoadedFromMemory is not a mono symbol file
Symbol file data-0000023BF704E040 doesn't match image C:\Users\T-Gamer\Documents\GitHub\Projeto4\Projeto4\TCC\Projeto 5\Library\ScriptAssemblies\Unity.Mathematics.Editor.dll
Symbol file LoadedFromMemory is not a mono symbol file
Symbol file data-0000023BF386BD10 doesn't match image C:\Users\T-Gamer\Documents\GitHub\Projeto4\Projeto4\TCC\Projeto 5\Library\ScriptAssemblies\Unity.2D.Common.Runtime.dll
Symbol file LoadedFromMemory is not a mono symbol file
Symbol file data-0000023BF67E1190 doesn't match image C:\Users\T-Gamer\Documents\GitHub\Projeto4\Projeto4\TCC\Projeto 5\Library\ScriptAssemblies\Unity.2D.SpriteShape.Editor.dll
Symbol file LoadedFromMemory is not a mono symbol file
Symbol file data-0000023BF6695A40 doesn't match image C:\Users\T-Gamer\Documents\GitHub\Projeto4\Projeto4\TCC\Projeto 5\Library\ScriptAssemblies\Unity.2D.Common.Editor.dll
Symbol file LoadedFromMemory is not a mono symbol file
Symbol file data-0000023BF600CC40 doesn't match image C:\Users\T-Gamer\Documents\GitHub\Projeto4\Projeto4\TCC\Projeto 5\Library\ScriptAssemblies\Unity.2D.SpriteShape.Runtime.dll
Symbol file LoadedFromMemory is not a mono symbol file
Native extension for WindowsStandalone target not found
Refreshing native plugins compatible for Editor in 49.80 ms, found 1 plugins.
Preloading 0 native plugins for Editor in 0.00 ms.
Invoked RoslynAnalysisRunner static constructor.
RoslynAnalysisRunner will not be running.
RoslynAnalysisRunner has terminated.
Mono: successfully reloaded assembly
- Completed reload, in  1.464 seconds
Platform modules already initialized, skipping
========================================================================
Worker process is ready to serve import requests
Launched and connected shader compiler UnityShaderCompiler.exe after 0.21 seconds
Refreshing native plugins compatible for Editor in 0.55 ms, found 1 plugins.
Preloading 0 native plugins for Editor in 0.00 ms.
Unloading 1828 Unused Serialized files (Serialized files now loaded: 0)
System memory in use before: 85.6 MB.
System memory in use after: 85.7 MB.

Unloading 19 unused Assets to reduce memory usage. Loaded Objects now: 2278.
Total: 3.030600 ms (FindLiveObjects: 0.324300 ms CreateObjectMapping: 0.064400 ms MarkObjects: 2.553500 ms  DeleteObjects: 0.087100 ms)

========================================================================
Received Import Request.
  path: Assets/Scripts/vidaEnemy.cs
  artifactKey: Guid(487f956f179443e44b97f0df24375222) Importer(815301076,1909f56bfc062723c751e8b465ee728b)
Start importing Assets/Scripts/vidaEnemy.cs using Guid(487f956f179443e44b97f0df24375222) Importer(815301076,1909f56bfc062723c751e8b465ee728b)  -> (artifact id: '73294e94993ef996d7048c781c547ff2') in 0.059553 seconds
  Import took 0.063980 seconds .

========================================================================
Received Prepare
Refreshing native plugins compatible for Editor in 3.34 ms, found 1 plugins.
Preloading 0 native plugins for Editor in 0.00 ms.
Unloading 6 Unused Serialized files (Serialized files now loaded: 0)
System memory in use before: 49.3 MB.
System memory in use after: 49.4 MB.

Unloading 5 unused Assets to reduce memory usage. Loaded Objects now: 2278.
Total: 2.517900 ms (FindLiveObjects: 0.286800 ms CreateObjectMapping: 0.059500 ms MarkObjects: 2.154100 ms  DeleteObjects: 0.016100 ms)

========================================================================
Received Import Request.
  Time since last request: 5.042846 seconds.
  path: Assets/Scripts/DamagePlayer.cs
  artifactKey: Guid(53dd23bfff9cff84bae4f4d083e8ea0e) Importer(815301076,1909f56bfc062723c751e8b465ee728b)
Start importing Assets/Scripts/DamagePlayer.cs using Guid(53dd23bfff9cff84bae4f4d083e8ea0e) Importer(815301076,1909f56bfc062723c751e8b465ee728b)  -> (artifact id: 'fd3b0f9fe40113e02e66002652b61b0a') in 0.003863 seconds
  Import took 0.007018 seconds .

========================================================================
Received Prepare
Registering precompiled user dll's ...
Registered in 0.003649 seconds.
Begin MonoManager ReloadAssembly
Symbol file data-0000023BF83BB010 doesn't match image C:\Users\T-Gamer\Documents\GitHub\Projeto4\Projeto4\TCC\Projeto 5\Library\ScriptAssemblies\Unity.2D.Animation.Editor.dll
Symbol file LoadedFromMemory is not a mono symbol file
Symbol file data-0000023BF3828040 doesn't match image C:\Users\T-Gamer\Documents\GitHub\Projeto4\Projeto4\TCC\Projeto 5\Library\ScriptAssemblies\Unity.InternalAPIEngineBridge.001.dll
Symbol file LoadedFromMemory is not a mono symbol file
Symbol file data-0000023BF38D8BB0 doesn't match image C:\Users\T-Gamer\Documents\GitHub\Projeto4\Projeto4\TCC\Projeto 5\Library\ScriptAssemblies\Unity.VSCode.Editor.dll
Symbol file LoadedFromMemory is not a mono symbol file
Symbol file data-0000023BF39AB010 doesn't match image C:\Users\T-Gamer\Documents\GitHub\Projeto4\Projeto4\TCC\Projeto 5\Library\ScriptAssemblies\Unity.2D.PixelPerfect.dll
Symbol file LoadedFromMemory is not a mono symbol file
Symbol file data-0000023BF56F8020 doesn't match image C:\Users\T-Gamer\Documents\GitHub\Projeto4\Projeto4\TCC\Projeto 5\Library\ScriptAssemblies\PsdPlugin.dll
Symbol file LoadedFromMemory is not a mono symbol file
Symbol file data-0000023BF56F8020 doesn't match image C:\Users\T-Gamer\Documents\GitHub\Projeto4\Projeto4\TCC\Projeto 5\Library\ScriptAssemblies\Unity.TextMeshPro.Editor.dll
Symbol file LoadedFromMemory is not a mono symbol file
Symbol file data-0000023BF7E98060 doesn't match image C:\Users\T-Gamer\Documents\GitHub\Projeto4\Projeto4\TCC\Projeto 5\Library\ScriptAssemblies\Unity.VisualStudio.Editor.dll
Symbol file LoadedFromMemory is not a mono symbol file
Symbol file data-0000023BF5DC2010 doesn't match image C:\Users\T-Gamer\Documents\GitHub\Projeto4\Projeto4\TCC\Projeto 5\Library\ScriptAssemblies\UnityEngine.TestRunner.dll
Symbol file LoadedFromMemory is not a mono symbol file
Symbol file data-0000023BF5DC2010 doesn't match image C:\Users\T-Gamer\Documents\GitHub\Projeto4\Projeto4\TCC\Projeto 5\Library\ScriptAssemblies\Unity.Timeline.dll
Symbol file LoadedFromMemory is not a mono symbol file
Symbol file data-0000023BF3CD1010 doesn't match image C:\Users\T-Gamer\Documents\GitHub\Projeto4\Projeto4\TCC\Projeto 5\Library\ScriptAssemblies\Unity.TextMeshPro.dll
Symbol file LoadedFromMemory is not a mono symbol file
Symbol file data-0000023BF5DC2010 doesn't match image C:\Users\T-Gamer\Documents\GitHub\Projeto4\Projeto4\TCC\Projeto 5\Library\ScriptAssemblies\UnityEditor.TestRunner.dll
Symbol file LoadedFromMemory is not a mono symbol file
Symbol file data-0000023BF7F78C30 doesn't match image C:\Users\T-Gamer\Documents\GitHub\Projeto4\Projeto4\TCC\Projeto 5\Library\ScriptAssemblies\Unity.2D.IK.Editor.dll
Symbol file LoadedFromMemory is not a mono symbol file
Symbol file data-0000023BF5DC2010 doesn't match image C:\Users\T-Gamer\Documents\GitHub\Projeto4\Projeto4\TCC\Projeto 5\Library\ScriptAssemblies\Unity.2D.Psdimporter.Editor.dll
Symbol file LoadedFromMemory is not a mono symbol file
Symbol file data-0000023BF556F010 doesn't match image C:\Users\T-Gamer\Documents\GitHub\Projeto4\Projeto4\TCC\Projeto 5\Library\ScriptAssemblies\Unity.2D.Path.Editor.dll
Symbol file LoadedFromMemory is not a mono symbol file
Symbol file data-0000023BF3751880 doesn't match image C:\Users\T-Gamer\Documents\GitHub\Projeto4\Projeto4\TCC\Projeto 5\Library\ScriptAssemblies\Unity.InternalAPIEditorBridge.001.dll
Symbol file LoadedFromMemory is not a mono symbol file
Symbol file data-0000023BF7EA76C0 doesn't match image C:\Users\T-Gamer\Documents\GitHub\Projeto4\Projeto4\TCC\Projeto 5\Library\ScriptAssemblies\Unity.Rider.Editor.dll
Symbol file LoadedFromMemory is not a mono symbol file
Symbol file data-0000023BF54A7020 doesn't match image C:\Users\T-Gamer\Documents\GitHub\Projeto4\Projeto4\TCC\Projeto 5\Library\ScriptAssemblies\Unity.Mathematics.dll
Symbol file LoadedFromMemory is not a mono symbol file
Symbol file data-0000023BF83E8A20 doesn't match image C:\Users\T-Gamer\Documents\GitHub\Projeto4\Projeto4\TCC\Projeto 5\Library\ScriptAssemblies\Unity.2D.IK.Runtime.dll
Symbol file LoadedFromMemory is not a mono symbol file
Symbol file data-0000023BF5B93010 doesn't match image C:\Users\T-Gamer\Documents\GitHub\Projeto4\Projeto4\TCC\Projeto 5\Library\ScriptAssemblies\Unity.2D.Animation.Triangle.Runtime.dll
Symbol file LoadedFromMemory is not a mono symbol file
Symbol file data-0000023BF5B73220 doesn't match image C:\Users\T-Gamer\Documents\GitHub\Projeto4\Projeto4\TCC\Projeto 5\Library\ScriptAssemblies\Unity.2D.Animation.Runtime.dll
Symbol file LoadedFromMemory is not a mono symbol file
Symbol file data-0000023BF6DE1A50 doesn't match image C:\Users\T-Gamer\Documents\GitHub\Projeto4\Projeto4\TCC\Projeto 5\Library\ScriptAssemblies\Unity.2D.PixelPerfect.Editor.dll
Symbol file LoadedFromMemory is not a mono symbol file
Symbol file data-0000023BF5990010 doesn't match image C:\Users\T-Gamer\Documents\GitHub\Projeto4\Projeto4\TCC\Projeto 5\Library\ScriptAssemblies\Unity.Timeline.Editor.dll
Symbol file LoadedFromMemory is not a mono symbol file
Symbol file data-0000023BF5F2B630 doesn't match image C:\Users\T-Gamer\Documents\GitHub\Projeto4\Projeto4\TCC\Projeto 5\Library\ScriptAssemblies\Unity.CollabProxy.Editor.dll
Symbol file LoadedFromMemory is not a mono symbol file
Symbol file data-0000023BF7880080 doesn't match image C:\Users\T-Gamer\Documents\GitHub\Projeto4\Projeto4\TCC\Projeto 5\Library\ScriptAssemblies\Unity.Mathematics.Editor.dll
Symbol file LoadedFromMemory is not a mono symbol file
Symbol file data-0000023BCBBED4E0 doesn't match image C:\Users\T-Gamer\Documents\GitHub\Projeto4\Projeto4\TCC\Projeto 5\Library\ScriptAssemblies\Unity.2D.Common.Runtime.dll
Symbol file LoadedFromMemory is not a mono symbol file
Symbol file data-0000023BF5E32220 doesn't match image C:\Users\T-Gamer\Documents\GitHub\Projeto4\Projeto4\TCC\Projeto 5\Library\ScriptAssemblies\Unity.2D.SpriteShape.Editor.dll
Symbol file LoadedFromMemory is not a mono symbol file
Symbol file data-0000023BF83E8A20 doesn't match image C:\Users\T-Gamer\Documents\GitHub\Projeto4\Projeto4\TCC\Projeto 5\Library\ScriptAssemblies\Unity.2D.Common.Editor.dll
Symbol file LoadedFromMemory is not a mono symbol file
Symbol file data-0000023BF5BB3020 doesn't match image C:\Users\T-Gamer\Documents\GitHub\Projeto4\Projeto4\TCC\Projeto 5\Library\ScriptAssemblies\Unity.2D.SpriteShape.Runtime.dll
Symbol file LoadedFromMemory is not a mono symbol file
Native extension for WindowsStandalone target not found
Refreshing native plugins compatible for Editor in 0.50 ms, found 1 plugins.
Preloading 0 native plugins for Editor in 0.00 ms.
Invoked RoslynAnalysisRunner static constructor.
RoslynAnalysisRunner will not be running.
RoslynAnalysisRunner has terminated.
Mono: successfully reloaded assembly
- Completed reload, in  1.143 seconds
Platform modules already initialized, skipping
Refreshing native plugins compatible for Editor in 0.36 ms, found 1 plugins.
Preloading 0 native plugins for Editor in 0.00 ms.
Unloading 1819 Unused Serialized files (Serialized files now loaded: 0)
System memory in use before: 85.3 MB.
System memory in use after: 85.4 MB.

Unloading 8 unused Assets to reduce memory usage. Loaded Objects now: 2281.
Total: 2.522900 ms (FindLiveObjects: 0.348300 ms CreateObjectMapping: 0.062000 ms MarkObjects: 2.089400 ms  DeleteObjects: 0.021300 ms)

========================================================================
Received Prepare
Registering precompiled user dll's ...
Registered in 0.002121 seconds.
Begin MonoManager ReloadAssembly
Symbol file data-0000023BF83BB010 doesn't match image C:\Users\T-Gamer\Documents\GitHub\Projeto4\Projeto4\TCC\Projeto 5\Library\ScriptAssemblies\Unity.2D.Animation.Editor.dll
Symbol file LoadedFromMemory is not a mono symbol file
Symbol file data-0000023BF3828040 doesn't match image C:\Users\T-Gamer\Documents\GitHub\Projeto4\Projeto4\TCC\Projeto 5\Library\ScriptAssemblies\Unity.InternalAPIEngineBridge.001.dll
Symbol file LoadedFromMemory is not a mono symbol file
Symbol file data-0000023BF3CCDC40 doesn't match image C:\Users\T-Gamer\Documents\GitHub\Projeto4\Projeto4\TCC\Projeto 5\Library\ScriptAssemblies\Unity.VSCode.Editor.dll
Symbol file LoadedFromMemory is not a mono symbol file
Symbol file data-0000023BF39AB010 doesn't match image C:\Users\T-Gamer\Documents\GitHub\Projeto4\Projeto4\TCC\Projeto 5\Library\ScriptAssemblies\Unity.2D.PixelPerfect.dll
Symbol file LoadedFromMemory is not a mono symbol file
Symbol file data-0000023BF56F8020 doesn't match image C:\Users\T-Gamer\Documents\GitHub\Projeto4\Projeto4\TCC\Projeto 5\Library\ScriptAssemblies\PsdPlugin.dll
Symbol file LoadedFromMemory is not a mono symbol file
Symbol file data-0000023BF543BE50 doesn't match image C:\Users\T-Gamer\Documents\GitHub\Projeto4\Projeto4\TCC\Projeto 5\Library\ScriptAssemblies\Unity.TextMeshPro.Editor.dll
Symbol file LoadedFromMemory is not a mono symbol file
Symbol file data-0000023BF825D020 doesn't match image C:\Users\T-Gamer\Documents\GitHub\Projeto4\Projeto4\TCC\Projeto 5\Library\ScriptAssemblies\Unity.VisualStudio.Editor.dll
Symbol file LoadedFromMemory is not a mono symbol file
Symbol file data-0000023BF6128020 doesn't match image C:\Users\T-Gamer\Documents\GitHub\Projeto4\Projeto4\TCC\Projeto 5\Library\ScriptAssemblies\UnityEngine.TestRunner.dll
Symbol file LoadedFromMemory is not a mono symbol file
Symbol file data-0000023BF543BE50 doesn't match image C:\Users\T-Gamer\Documents\GitHub\Projeto4\Projeto4\TCC\Projeto 5\Library\ScriptAssemblies\Unity.Timeline.dll
Symbol file LoadedFromMemory is not a mono symbol file
Symbol file data-0000023BF3CD1010 doesn't match image C:\Users\T-Gamer\Documents\GitHub\Projeto4\Projeto4\TCC\Projeto 5\Library\ScriptAssemblies\Unity.TextMeshPro.dll
Symbol file LoadedFromMemory is not a mono symbol file
Symbol file data-0000023BF521FB00 doesn't match image C:\Users\T-Gamer\Documents\GitHub\Projeto4\Projeto4\TCC\Projeto 5\Library\ScriptAssemblies\UnityEditor.TestRunner.dll
Symbol file LoadedFromMemory is not a mono symbol file
Symbol file data-0000023BF3CCDC40 doesn't match image C:\Users\T-Gamer\Documents\GitHub\Projeto4\Projeto4\TCC\Projeto 5\Library\ScriptAssemblies\Unity.2D.IK.Editor.dll
Symbol file LoadedFromMemory is not a mono symbol file
Symbol file data-0000023BF84EA020 doesn't match image C:\Users\T-Gamer\Documents\GitHub\Projeto4\Projeto4\TCC\Projeto 5\Library\ScriptAssemblies\Unity.2D.Psdimporter.Editor.dll
Symbol file LoadedFromMemory is not a mono symbol file
Symbol file data-0000023C18F32010 doesn't match image C:\Users\T-Gamer\Documents\GitHub\Projeto4\Projeto4\TCC\Projeto 5\Library\ScriptAssemblies\Unity.2D.Path.Editor.dll
Symbol file LoadedFromMemory is not a mono symbol file
Symbol file data-0000023C1901F430 doesn't match image C:\Users\T-Gamer\Documents\GitHub\Projeto4\Projeto4\TCC\Projeto 5\Library\ScriptAssemblies\Unity.InternalAPIEditorBridge.001.dll
Symbol file LoadedFromMemory is not a mono symbol file
Symbol file data-0000023BF825D020 doesn't match image C:\Users\T-Gamer\Documents\GitHub\Projeto4\Projeto4\TCC\Projeto 5\Library\ScriptAssemblies\Unity.Rider.Editor.dll
Symbol file LoadedFromMemory is not a mono symbol file
Symbol file data-0000023BF5872020 doesn't match image C:\Users\T-Gamer\Documents\GitHub\Projeto4\Projeto4\TCC\Projeto 5\Library\ScriptAssemblies\Unity.Mathematics.dll
Symbol file LoadedFromMemory is not a mono symbol file
Symbol file data-0000023BF7F78900 doesn't match image C:\Users\T-Gamer\Documents\GitHub\Projeto4\Projeto4\TCC\Projeto 5\Library\ScriptAssemblies\Unity.2D.IK.Runtime.dll
Symbol file LoadedFromMemory is not a mono symbol file
Symbol file data-0000023BF6E34010 doesn't match image C:\Users\T-Gamer\Documents\GitHub\Projeto4\Projeto4\TCC\Projeto 5\Library\ScriptAssemblies\Unity.2D.Animation.Triangle.Runtime.dll
Symbol file LoadedFromMemory is not a mono symbol file
Symbol file data-0000023BF5713140 doesn't match image C:\Users\T-Gamer\Documents\GitHub\Projeto4\Projeto4\TCC\Projeto 5\Library\ScriptAssemblies\Unity.2D.Animation.Runtime.dll
Symbol file LoadedFromMemory is not a mono symbol file
Symbol file data-0000023BF7FB8A50 doesn't match image C:\Users\T-Gamer\Documents\GitHub\Projeto4\Projeto4\TCC\Projeto 5\Library\ScriptAssemblies\Unity.2D.PixelPerfect.Editor.dll
Symbol file LoadedFromMemory is not a mono symbol file
Symbol file data-0000023BF5B93010 doesn't match image C:\Users\T-Gamer\Documents\GitHub\Projeto4\Projeto4\TCC\Projeto 5\Library\ScriptAssemblies\Unity.Timeline.Editor.dll
Symbol file LoadedFromMemory is not a mono symbol file
Symbol file data-0000023BF7AC0030 doesn't match image C:\Users\T-Gamer\Documents\GitHub\Projeto4\Projeto4\TCC\Projeto 5\Library\ScriptAssemblies\Unity.CollabProxy.Editor.dll
Symbol file LoadedFromMemory is not a mono symbol file
Symbol file data-0000023BF7BF0030 doesn't match image C:\Users\T-Gamer\Documents\GitHub\Projeto4\Projeto4\TCC\Projeto 5\Library\ScriptAssemblies\Unity.Mathematics.Editor.dll
Symbol file LoadedFromMemory is not a mono symbol file
Symbol file data-0000023BCBBE9600 doesn't match image C:\Users\T-Gamer\Documents\GitHub\Projeto4\Projeto4\TCC\Projeto 5\Library\ScriptAssemblies\Unity.2D.Common.Runtime.dll
Symbol file LoadedFromMemory is not a mono symbol file
Symbol file data-0000023BF5E32220 doesn't match image C:\Users\T-Gamer\Documents\GitHub\Projeto4\Projeto4\TCC\Projeto 5\Library\ScriptAssemblies\Unity.2D.SpriteShape.Editor.dll
Symbol file LoadedFromMemory is not a mono symbol file
Symbol file data-0000023BF3CF8020 doesn't match image C:\Users\T-Gamer\Documents\GitHub\Projeto4\Projeto4\TCC\Projeto 5\Library\ScriptAssemblies\Unity.2D.Common.Editor.dll
Symbol file LoadedFromMemory is not a mono symbol file
Symbol file data-0000023BF84CE730 doesn't match image C:\Users\T-Gamer\Documents\GitHub\Projeto4\Projeto4\TCC\Projeto 5\Library\ScriptAssemblies\Unity.2D.SpriteShape.Runtime.dll
Symbol file LoadedFromMemory is not a mono symbol file
Native extension for WindowsStandalone target not found
Refreshing native plugins compatible for Editor in 0.41 ms, found 1 plugins.
Preloading 0 native plugins for Editor in 0.00 ms.
Invoked RoslynAnalysisRunner static constructor.
RoslynAnalysisRunner will not be running.
RoslynAnalysisRunner has terminated.
Mono: successfully reloaded assembly
- Completed reload, in  1.155 seconds
Platform modules already initialized, skipping
Refreshing native plugins compatible for Editor in 0.62 ms, found 1 plugins.
Preloading 0 native plugins for Editor in 0.00 ms.
Unloading 1819 Unused Serialized files (Serialized files now loaded: 0)
System memory in use before: 85.3 MB.
System memory in use after: 85.4 MB.

Unloading 8 unused Assets to reduce memory usage. Loaded Objects now: 2284.
Total: 2.106900 ms (FindLiveObjects: 0.232800 ms CreateObjectMapping: 0.046300 ms MarkObjects: 1.809600 ms  DeleteObjects: 0.017000 ms)

========================================================================
Received Prepare
Registering precompiled user dll's ...
Registered in 0.002676 seconds.
Begin MonoManager ReloadAssembly
Symbol file data-0000023BF83BB010 doesn't match image C:\Users\T-Gamer\Documents\GitHub\Projeto4\Projeto4\TCC\Projeto 5\Library\ScriptAssemblies\Unity.2D.Animation.Editor.dll
Symbol file LoadedFromMemory is not a mono symbol file
Symbol file data-0000023BF22379F0 doesn't match image C:\Users\T-Gamer\Documents\GitHub\Projeto4\Projeto4\TCC\Projeto 5\Library\ScriptAssemblies\Unity.InternalAPIEngineBridge.001.dll
Symbol file LoadedFromMemory is not a mono symbol file
Symbol file data-0000023BF3CCDC40 doesn't match image C:\Users\T-Gamer\Documents\GitHub\Projeto4\Projeto4\TCC\Projeto 5\Library\ScriptAssemblies\Unity.VSCode.Editor.dll
Symbol file LoadedFromMemory is not a mono symbol file
Symbol file data-0000023BF39AB010 doesn't match image C:\Users\T-Gamer\Documents\GitHub\Projeto4\Projeto4\TCC\Projeto 5\Library\ScriptAssemblies\Unity.2D.PixelPerfect.dll
Symbol file LoadedFromMemory is not a mono symbol file
Symbol file data-0000023BF883FF80 doesn't match image C:\Users\T-Gamer\Documents\GitHub\Projeto4\Projeto4\TCC\Projeto 5\Library\ScriptAssemblies\PsdPlugin.dll
Symbol file LoadedFromMemory is not a mono symbol file
Symbol file data-0000023BF883FF80 doesn't match image C:\Users\T-Gamer\Documents\GitHub\Projeto4\Projeto4\TCC\Projeto 5\Library\ScriptAssemblies\Unity.TextMeshPro.Editor.dll
Symbol file LoadedFromMemory is not a mono symbol file
Symbol file data-0000023BF3C33040 doesn't match image C:\Users\T-Gamer\Documents\GitHub\Projeto4\Projeto4\TCC\Projeto 5\Library\ScriptAssemblies\Unity.VisualStudio.Editor.dll
Symbol file LoadedFromMemory is not a mono symbol file
Symbol file data-0000023BF883FF80 doesn't match image C:\Users\T-Gamer\Documents\GitHub\Projeto4\Projeto4\TCC\Projeto 5\Library\ScriptAssemblies\UnityEngine.TestRunner.dll
Symbol file LoadedFromMemory is not a mono symbol file
Symbol file data-0000023BF883FF80 doesn't match image C:\Users\T-Gamer\Documents\GitHub\Projeto4\Projeto4\TCC\Projeto 5\Library\ScriptAssemblies\Unity.Timeline.dll
Symbol file LoadedFromMemory is not a mono symbol file
Symbol file data-0000023C194BD020 doesn't match image C:\Users\T-Gamer\Documents\GitHub\Projeto4\Projeto4\TCC\Projeto 5\Library\ScriptAssemblies\Unity.TextMeshPro.dll
Symbol file LoadedFromMemory is not a mono symbol file
Symbol file data-0000023BF521FB00 doesn't match image C:\Users\T-Gamer\Documents\GitHub\Projeto4\Projeto4\TCC\Projeto 5\Library\ScriptAssemblies\UnityEditor.TestRunner.dll
Symbol file LoadedFromMemory is not a mono symbol file
Symbol file data-0000023BF3CCDC40 doesn't match image C:\Users\T-Gamer\Documents\GitHub\Projeto4\Projeto4\TCC\Projeto 5\Library\ScriptAssemblies\Unity.2D.IK.Editor.dll
Symbol file LoadedFromMemory is not a mono symbol file
Symbol file data-0000023BF8847F90 doesn't match image C:\Users\T-Gamer\Documents\GitHub\Projeto4\Projeto4\TCC\Projeto 5\Library\ScriptAssemblies\Unity.2D.Psdimporter.Editor.dll
Symbol file LoadedFromMemory is not a mono symbol file
Symbol file data-0000023BF7334500 doesn't match image C:\Users\T-Gamer\Documents\GitHub\Projeto4\Projeto4\TCC\Projeto 5\Library\ScriptAssemblies\Unity.2D.Path.Editor.dll
Symbol file LoadedFromMemory is not a mono symbol file
Symbol file data-0000023BF576D430 doesn't match image C:\Users\T-Gamer\Documents\GitHub\Projeto4\Projeto4\TCC\Projeto 5\Library\ScriptAssemblies\Unity.InternalAPIEditorBridge.001.dll
Symbol file LoadedFromMemory is not a mono symbol file
Symbol file data-0000023BF5506010 doesn't match image C:\Users\T-Gamer\Documents\GitHub\Projeto4\Projeto4\TCC\Projeto 5\Library\ScriptAssemblies\Unity.Rider.Editor.dll
Symbol file LoadedFromMemory is not a mono symbol file
Symbol file data-0000023BF5872020 doesn't match image C:\Users\T-Gamer\Documents\GitHub\Projeto4\Projeto4\TCC\Projeto 5\Library\ScriptAssemblies\Unity.Mathematics.dll
Symbol file LoadedFromMemory is not a mono symbol file
Symbol file data-0000023BF3CCDC40 doesn't match image C:\Users\T-Gamer\Documents\GitHub\Projeto4\Projeto4\TCC\Projeto 5\Library\ScriptAssemblies\Unity.2D.IK.Runtime.dll
Symbol file LoadedFromMemory is not a mono symbol file
Symbol file data-0000023BF6E34010 doesn't match image C:\Users\T-Gamer\Documents\GitHub\Projeto4\Projeto4\TCC\Projeto 5\Library\ScriptAssemblies\Unity.2D.Animation.Triangle.Runtime.dll
Symbol file LoadedFromMemory is not a mono symbol file
Symbol file data-0000023BF5713140 doesn't match image C:\Users\T-Gamer\Documents\GitHub\Projeto4\Projeto4\TCC\Projeto 5\Library\ScriptAssemblies\Unity.2D.Animation.Runtime.dll
Symbol file LoadedFromMemory is not a mono symbol file
Symbol file data-0000023BF7429050 doesn't match image C:\Users\T-Gamer\Documents\GitHub\Projeto4\Projeto4\TCC\Projeto 5\Library\ScriptAssemblies\Unity.2D.PixelPerfect.Editor.dll
Symbol file LoadedFromMemory is not a mono symbol file
Symbol file data-0000023BF7150C60 doesn't match image C:\Users\T-Gamer\Documents\GitHub\Projeto4\Projeto4\TCC\Projeto 5\Library\ScriptAssemblies\Unity.Timeline.Editor.dll
Symbol file LoadedFromMemory is not a mono symbol file
Symbol file data-0000023BF5E26C20 doesn't match image C:\Users\T-Gamer\Documents\GitHub\Projeto4\Projeto4\TCC\Projeto 5\Library\ScriptAssemblies\Unity.CollabProxy.Editor.dll
Symbol file LoadedFromMemory is not a mono symbol file
Symbol file data-0000023BF7324020 doesn't match image C:\Users\T-Gamer\Documents\GitHub\Projeto4\Projeto4\TCC\Projeto 5\Library\ScriptAssemblies\Unity.Mathematics.Editor.dll
Symbol file LoadedFromMemory is not a mono symbol file
Symbol file data-0000023BCBBE9260 doesn't match image C:\Users\T-Gamer\Documents\GitHub\Projeto4\Projeto4\TCC\Projeto 5\Library\ScriptAssemblies\Unity.2D.Common.Runtime.dll
Symbol file LoadedFromMemory is not a mono symbol file
Symbol file data-0000023BF5D84D40 doesn't match image C:\Users\T-Gamer\Documents\GitHub\Projeto4\Projeto4\TCC\Projeto 5\Library\ScriptAssemblies\Unity.2D.SpriteShape.Editor.dll
Symbol file LoadedFromMemory is not a mono symbol file
Symbol file data-0000023BF38D8BB0 doesn't match image C:\Users\T-Gamer\Documents\GitHub\Projeto4\Projeto4\TCC\Projeto 5\Library\ScriptAssemblies\Unity.2D.Common.Editor.dll
Symbol file LoadedFromMemory is not a mono symbol file
Symbol file data-0000023BF7AB8020 doesn't match image C:\Users\T-Gamer\Documents\GitHub\Projeto4\Projeto4\TCC\Projeto 5\Library\ScriptAssemblies\Unity.2D.SpriteShape.Runtime.dll
Symbol file LoadedFromMemory is not a mono symbol file
Native extension for WindowsStandalone target not found
Refreshing native plugins compatible for Editor in 0.37 ms, found 1 plugins.
Preloading 0 native plugins for Editor in 0.00 ms.
Invoked RoslynAnalysisRunner static constructor.
RoslynAnalysisRunner will not be running.
RoslynAnalysisRunner has terminated.
Mono: successfully reloaded assembly
- Completed reload, in  1.127 seconds
Platform modules already initialized, skipping
Refreshing native plugins compatible for Editor in 0.38 ms, found 1 plugins.
Preloading 0 native plugins for Editor in 0.00 ms.
Unloading 1819 Unused Serialized files (Serialized files now loaded: 0)
System memory in use before: 85.4 MB.
System memory in use after: 85.5 MB.

Unloading 8 unused Assets to reduce memory usage. Loaded Objects now: 2287.
Total: 2.146300 ms (FindLiveObjects: 0.199400 ms CreateObjectMapping: 0.043400 ms MarkObjects: 1.885800 ms  DeleteObjects: 0.016200 ms)

========================================================================
Received Import Request.
  Time since last request: 248.293566 seconds.
  path: Assets/3DModels/Enemies/EnemyMS.prefab
  artifactKey: Guid(40357f4120c249043ab6b67da39e59f5) Importer(815301076,1909f56bfc062723c751e8b465ee728b)
Start importing Assets/3DModels/Enemies/EnemyMS.prefab using Guid(40357f4120c249043ab6b67da39e59f5) Importer(815301076,1909f56bfc062723c751e8b465ee728b)  -> (artifact id: 'cca90ba82a52c646f110b45d9d51b6e5') in 0.319052 seconds
  Import took 0.326321 seconds .

========================================================================
Received Prepare
Registering precompiled user dll's ...
Registered in 0.005867 seconds.
Begin MonoManager ReloadAssembly
Symbol file data-0000023BF83BB010 doesn't match image C:\Users\T-Gamer\Documents\GitHub\Projeto4\Projeto4\TCC\Projeto 5\Library\ScriptAssemblies\Unity.2D.Animation.Editor.dll
Symbol file LoadedFromMemory is not a mono symbol file
Symbol file data-0000023BCBBE9EC0 doesn't match image C:\Users\T-Gamer\Documents\GitHub\Projeto4\Projeto4\TCC\Projeto 5\Library\ScriptAssemblies\Unity.InternalAPIEngineBridge.001.dll
Symbol file LoadedFromMemory is not a mono symbol file
Symbol file data-0000023BF38D8BB0 doesn't match image C:\Users\T-Gamer\Documents\GitHub\Projeto4\Projeto4\TCC\Projeto 5\Library\ScriptAssemblies\Unity.VSCode.Editor.dll
Symbol file LoadedFromMemory is not a mono symbol file
Symbol file data-0000023BF39AB010 doesn't match image C:\Users\T-Gamer\Documents\GitHub\Projeto4\Projeto4\TCC\Projeto 5\Library\ScriptAssemblies\Unity.2D.PixelPerfect.dll
Symbol file LoadedFromMemory is not a mono symbol file
Symbol file data-0000023BF550DE40 doesn't match image C:\Users\T-Gamer\Documents\GitHub\Projeto4\Projeto4\TCC\Projeto 5\Library\ScriptAssemblies\PsdPlugin.dll
Symbol file LoadedFromMemory is not a mono symbol file
Symbol file data-0000023BF5D7CD30 doesn't match image C:\Users\T-Gamer\Documents\GitHub\Projeto4\Projeto4\TCC\Projeto 5\Library\ScriptAssemblies\Unity.TextMeshPro.Editor.dll
Symbol file LoadedFromMemory is not a mono symbol file
Symbol file data-0000023BF5EDD060 doesn't match image C:\Users\T-Gamer\Documents\GitHub\Projeto4\Projeto4\TCC\Projeto 5\Library\ScriptAssemblies\Unity.VisualStudio.Editor.dll
Symbol file LoadedFromMemory is not a mono symbol file
Symbol file data-0000023BF550DE40 doesn't match image C:\Users\T-Gamer\Documents\GitHub\Projeto4\Projeto4\TCC\Projeto 5\Library\ScriptAssemblies\UnityEngine.TestRunner.dll
Symbol file LoadedFromMemory is not a mono symbol file
Symbol file data-0000023BF5D7CD30 doesn't match image C:\Users\T-Gamer\Documents\GitHub\Projeto4\Projeto4\TCC\Projeto 5\Library\ScriptAssemblies\Unity.Timeline.dll
Symbol file LoadedFromMemory is not a mono symbol file
Symbol file data-0000023C194BD020 doesn't match image C:\Users\T-Gamer\Documents\GitHub\Projeto4\Projeto4\TCC\Projeto 5\Library\ScriptAssemblies\Unity.TextMeshPro.dll
Symbol file LoadedFromMemory is not a mono symbol file
Symbol file data-0000023BF521FB00 doesn't match image C:\Users\T-Gamer\Documents\GitHub\Projeto4\Projeto4\TCC\Projeto 5\Library\ScriptAssemblies\UnityEditor.TestRunner.dll
Symbol file LoadedFromMemory is not a mono symbol file
Symbol file data-0000023BF38D8BB0 doesn't match image C:\Users\T-Gamer\Documents\GitHub\Projeto4\Projeto4\TCC\Projeto 5\Library\ScriptAssemblies\Unity.2D.IK.Editor.dll
Symbol file LoadedFromMemory is not a mono symbol file
Symbol file data-0000023BF84EA020 doesn't match image C:\Users\T-Gamer\Documents\GitHub\Projeto4\Projeto4\TCC\Projeto 5\Library\ScriptAssemblies\Unity.2D.Psdimporter.Editor.dll
Symbol file LoadedFromMemory is not a mono symbol file
Symbol file data-0000023BF3D950A0 doesn't match image C:\Users\T-Gamer\Documents\GitHub\Projeto4\Projeto4\TCC\Projeto 5\Library\ScriptAssemblies\Unity.2D.Path.Editor.dll
Symbol file LoadedFromMemory is not a mono symbol file
Symbol file data-0000023BF7ACA040 doesn't match image C:\Users\T-Gamer\Documents\GitHub\Projeto4\Projeto4\TCC\Projeto 5\Library\ScriptAssemblies\Unity.InternalAPIEditorBridge.001.dll
Symbol file LoadedFromMemory is not a mono symbol file
Symbol file data-0000023BF81FC010 doesn't match image C:\Users\T-Gamer\Documents\GitHub\Projeto4\Projeto4\TCC\Projeto 5\Library\ScriptAssemblies\Unity.Rider.Editor.dll
Symbol file LoadedFromMemory is not a mono symbol file
Symbol file data-0000023BF5872020 doesn't match image C:\Users\T-Gamer\Documents\GitHub\Projeto4\Projeto4\TCC\Projeto 5\Library\ScriptAssemblies\Unity.Mathematics.dll
Symbol file LoadedFromMemory is not a mono symbol file
Symbol file data-0000023BF38D8BB0 doesn't match image C:\Users\T-Gamer\Documents\GitHub\Projeto4\Projeto4\TCC\Projeto 5\Library\ScriptAssemblies\Unity.2D.IK.Runtime.dll
Symbol file LoadedFromMemory is not a mono symbol file
Symbol file data-0000023BF72F2080 doesn't match image C:\Users\T-Gamer\Documents\GitHub\Projeto4\Projeto4\TCC\Projeto 5\Library\ScriptAssemblies\Unity.2D.Animation.Triangle.Runtime.dll
Symbol file LoadedFromMemory is not a mono symbol file
Symbol file data-0000023BF5713140 doesn't match image C:\Users\T-Gamer\Documents\GitHub\Projeto4\Projeto4\TCC\Projeto 5\Library\ScriptAssemblies\Unity.2D.Animation.Runtime.dll
Symbol file LoadedFromMemory is not a mono symbol file
Symbol file data-0000023BF22BC900 doesn't match image C:\Users\T-Gamer\Documents\GitHub\Projeto4\Projeto4\TCC\Projeto 5\Library\ScriptAssemblies\Unity.2D.PixelPerfect.Editor.dll
Symbol file LoadedFromMemory is not a mono symbol file
Symbol file data-0000023BF7150C60 doesn't match image C:\Users\T-Gamer\Documents\GitHub\Projeto4\Projeto4\TCC\Projeto 5\Library\ScriptAssemblies\Unity.Timeline.Editor.dll
Symbol file LoadedFromMemory is not a mono symbol file
Symbol file data-0000023BF543BE50 doesn't match image C:\Users\T-Gamer\Documents\GitHub\Projeto4\Projeto4\TCC\Projeto 5\Library\ScriptAssemblies\Unity.CollabProxy.Editor.dll
Symbol file LoadedFromMemory is not a mono symbol file
Symbol file data-0000023BF7324020 doesn't match image C:\Users\T-Gamer\Documents\GitHub\Projeto4\Projeto4\TCC\Projeto 5\Library\ScriptAssemblies\Unity.Mathematics.Editor.dll
Symbol file LoadedFromMemory is not a mono symbol file
Symbol file data-0000023BCBBEDE60 doesn't match image C:\Users\T-Gamer\Documents\GitHub\Projeto4\Projeto4\TCC\Projeto 5\Library\ScriptAssemblies\Unity.2D.Common.Runtime.dll
Symbol file LoadedFromMemory is not a mono symbol file
Symbol file data-0000023BF5506010 doesn't match image C:\Users\T-Gamer\Documents\GitHub\Projeto4\Projeto4\TCC\Projeto 5\Library\ScriptAssemblies\Unity.2D.SpriteShape.Editor.dll
Symbol file LoadedFromMemory is not a mono symbol file
Symbol file data-0000023BF3BCC930 doesn't match image C:\Users\T-Gamer\Documents\GitHub\Projeto4\Projeto4\TCC\Projeto 5\Library\ScriptAssemblies\Unity.2D.Common.Editor.dll
Symbol file LoadedFromMemory is not a mono symbol file
Symbol file data-0000023BF3715010 doesn't match image C:\Users\T-Gamer\Documents\GitHub\Projeto4\Projeto4\TCC\Projeto 5\Library\ScriptAssemblies\Unity.2D.SpriteShape.Runtime.dll
Symbol file LoadedFromMemory is not a mono symbol file
Native extension for WindowsStandalone target not found
Refreshing native plugins compatible for Editor in 0.41 ms, found 1 plugins.
Preloading 0 native plugins for Editor in 0.00 ms.
Invoked RoslynAnalysisRunner static constructor.
RoslynAnalysisRunner will not be running.
RoslynAnalysisRunner has terminated.
Mono: successfully reloaded assembly
- Completed reload, in  1.394 seconds
Platform modules already initialized, skipping
Refreshing native plugins compatible for Editor in 0.38 ms, found 1 plugins.
Preloading 0 native plugins for Editor in 0.00 ms.
Unloading 1819 Unused Serialized files (Serialized files now loaded: 0)
System memory in use before: 88.5 MB.
System memory in use after: 88.6 MB.

Unloading 8 unused Assets to reduce memory usage. Loaded Objects now: 2297.
Total: 2.922200 ms (FindLiveObjects: 0.285600 ms CreateObjectMapping: 0.060200 ms MarkObjects: 2.551800 ms  DeleteObjects: 0.022900 ms)

========================================================================
Received Prepare
Registering precompiled user dll's ...
Registered in 0.001586 seconds.
Begin MonoManager ReloadAssembly
Symbol file data-0000023BF83BB010 doesn't match image C:\Users\T-Gamer\Documents\GitHub\Projeto4\Projeto4\TCC\Projeto 5\Library\ScriptAssemblies\Unity.2D.Animation.Editor.dll
Symbol file LoadedFromMemory is not a mono symbol file
Symbol file data-0000023BF22379F0 doesn't match image C:\Users\T-Gamer\Documents\GitHub\Projeto4\Projeto4\TCC\Projeto 5\Library\ScriptAssemblies\Unity.InternalAPIEngineBridge.001.dll
Symbol file LoadedFromMemory is not a mono symbol file
Symbol file data-0000023BF7FB7030 doesn't match image C:\Users\T-Gamer\Documents\GitHub\Projeto4\Projeto4\TCC\Projeto 5\Library\ScriptAssemblies\Unity.VSCode.Editor.dll
Symbol file LoadedFromMemory is not a mono symbol file
Symbol file data-0000023BF3B30030 doesn't match image C:\Users\T-Gamer\Documents\GitHub\Projeto4\Projeto4\TCC\Projeto 5\Library\ScriptAssemblies\Unity.2D.PixelPerfect.dll
Symbol file LoadedFromMemory is not a mono symbol file
Symbol file data-0000023BF7D04010 doesn't match image C:\Users\T-Gamer\Documents\GitHub\Projeto4\Projeto4\TCC\Projeto 5\Library\ScriptAssemblies\PsdPlugin.dll
Symbol file LoadedFromMemory is not a mono symbol file
Symbol file data-0000023BF846B710 doesn't match image C:\Users\T-Gamer\Documents\GitHub\Projeto4\Projeto4\TCC\Projeto 5\Library\ScriptAssemblies\Unity.TextMeshPro.Editor.dll
Symbol file LoadedFromMemory is not a mono symbol file
Symbol file data-0000023C198980A0 doesn't match image C:\Users\T-Gamer\Documents\GitHub\Projeto4\Projeto4\TCC\Projeto 5\Library\ScriptAssemblies\Unity.VisualStudio.Editor.dll
Symbol file LoadedFromMemory is not a mono symbol file
Symbol file data-0000023BF7D04010 doesn't match image C:\Users\T-Gamer\Documents\GitHub\Projeto4\Projeto4\TCC\Projeto 5\Library\ScriptAssemblies\UnityEngine.TestRunner.dll
Symbol file LoadedFromMemory is not a mono symbol file
Symbol file data-0000023BF7D04010 doesn't match image C:\Users\T-Gamer\Documents\GitHub\Projeto4\Projeto4\TCC\Projeto 5\Library\ScriptAssemblies\Unity.Timeline.dll
Symbol file LoadedFromMemory is not a mono symbol file
Symbol file data-0000023C194BD020 doesn't match image C:\Users\T-Gamer\Documents\GitHub\Projeto4\Projeto4\TCC\Projeto 5\Library\ScriptAssemblies\Unity.TextMeshPro.dll
Symbol file LoadedFromMemory is not a mono symbol file
Symbol file data-0000023BF7180C80 doesn't match image C:\Users\T-Gamer\Documents\GitHub\Projeto4\Projeto4\TCC\Projeto 5\Library\ScriptAssemblies\UnityEditor.TestRunner.dll
Symbol file LoadedFromMemory is not a mono symbol file
Symbol file data-0000023BF3826030 doesn't match image C:\Users\T-Gamer\Documents\GitHub\Projeto4\Projeto4\TCC\Projeto 5\Library\ScriptAssemblies\Unity.2D.IK.Editor.dll
Symbol file LoadedFromMemory is not a mono symbol file
Symbol file data-0000023BF84EA020 doesn't match image C:\Users\T-Gamer\Documents\GitHub\Projeto4\Projeto4\TCC\Projeto 5\Library\ScriptAssemblies\Unity.2D.Psdimporter.Editor.dll
Symbol file LoadedFromMemory is not a mono symbol file
Symbol file data-0000023BF3D950A0 doesn't match image C:\Users\T-Gamer\Documents\GitHub\Projeto4\Projeto4\TCC\Projeto 5\Library\ScriptAssemblies\Unity.2D.Path.Editor.dll
Symbol file LoadedFromMemory is not a mono symbol file
Symbol file data-0000023BCBBE96C0 doesn't match image C:\Users\T-Gamer\Documents\GitHub\Projeto4\Projeto4\TCC\Projeto 5\Library\ScriptAssemblies\Unity.InternalAPIEditorBridge.001.dll
Symbol file LoadedFromMemory is not a mono symbol file
Symbol file data-0000023BF3C33040 doesn't match image C:\Users\T-Gamer\Documents\GitHub\Projeto4\Projeto4\TCC\Projeto 5\Library\ScriptAssemblies\Unity.Rider.Editor.dll
Symbol file LoadedFromMemory is not a mono symbol file
Symbol file data-0000023BF5872020 doesn't match image C:\Users\T-Gamer\Documents\GitHub\Projeto4\Projeto4\TCC\Projeto 5\Library\ScriptAssemblies\Unity.Mathematics.dll
Symbol file LoadedFromMemory is not a mono symbol file
Symbol file data-0000023BF7FB7030 doesn't match image C:\Users\T-Gamer\Documents\GitHub\Projeto4\Projeto4\TCC\Projeto 5\Library\ScriptAssemblies\Unity.2D.IK.Runtime.dll
Symbol file LoadedFromMemory is not a mono symbol file
Symbol file data-0000023BF7CB6010 doesn't match image C:\Users\T-Gamer\Documents\GitHub\Projeto4\Projeto4\TCC\Projeto 5\Library\ScriptAssemblies\Unity.2D.Animation.Triangle.Runtime.dll
Symbol file LoadedFromMemory is not a mono symbol file
Symbol file data-0000023BF74ED030 doesn't match image C:\Users\T-Gamer\Documents\GitHub\Projeto4\Projeto4\TCC\Projeto 5\Library\ScriptAssemblies\Unity.2D.Animation.Runtime.dll
Symbol file LoadedFromMemory is not a mono symbol file
Symbol file data-0000023BF7DD0030 doesn't match image C:\Users\T-Gamer\Documents\GitHub\Projeto4\Projeto4\TCC\Projeto 5\Library\ScriptAssemblies\Unity.2D.PixelPerfect.Editor.dll
Symbol file LoadedFromMemory is not a mono symbol file
Symbol file data-0000023BF38FFF30 doesn't match image C:\Users\T-Gamer\Documents\GitHub\Projeto4\Projeto4\TCC\Projeto 5\Library\ScriptAssemblies\Unity.Timeline.Editor.dll
Symbol file LoadedFromMemory is not a mono symbol file
Symbol file data-0000023C190A4020 doesn't match image C:\Users\T-Gamer\Documents\GitHub\Projeto4\Projeto4\TCC\Projeto 5\Library\ScriptAssemblies\Unity.CollabProxy.Editor.dll
Symbol file LoadedFromMemory is not a mono symbol file
Symbol file data-0000023C19569030 doesn't match image C:\Users\T-Gamer\Documents\GitHub\Projeto4\Projeto4\TCC\Projeto 5\Library\ScriptAssemblies\Unity.Mathematics.Editor.dll
Symbol file LoadedFromMemory is not a mono symbol file
Symbol file data-0000023BF54049C0 doesn't match image C:\Users\T-Gamer\Documents\GitHub\Projeto4\Projeto4\TCC\Projeto 5\Library\ScriptAssemblies\Unity.2D.Common.Runtime.dll
Symbol file LoadedFromMemory is not a mono symbol file
Symbol file data-0000023BF3781A40 doesn't match image C:\Users\T-Gamer\Documents\GitHub\Projeto4\Projeto4\TCC\Projeto 5\Library\ScriptAssemblies\Unity.2D.SpriteShape.Editor.dll
Symbol file LoadedFromMemory is not a mono symbol file
Symbol file data-0000023BF38D8BB0 doesn't match image C:\Users\T-Gamer\Documents\GitHub\Projeto4\Projeto4\TCC\Projeto 5\Library\ScriptAssemblies\Unity.2D.Common.Editor.dll
Symbol file LoadedFromMemory is not a mono symbol file
Symbol file data-0000023BF7334500 doesn't match image C:\Users\T-Gamer\Documents\GitHub\Projeto4\Projeto4\TCC\Projeto 5\Library\ScriptAssemblies\Unity.2D.SpriteShape.Runtime.dll
Symbol file LoadedFromMemory is not a mono symbol file
Native extension for WindowsStandalone target not found
Refreshing native plugins compatible for Editor in 0.62 ms, found 1 plugins.
Preloading 0 native plugins for Editor in 0.00 ms.
Invoked RoslynAnalysisRunner static constructor.
RoslynAnalysisRunner will not be running.
RoslynAnalysisRunner has terminated.
Mono: successfully reloaded assembly
- Completed reload, in  1.391 seconds
Platform modules already initialized, skipping
Refreshing native plugins compatible for Editor in 0.56 ms, found 1 plugins.
Preloading 0 native plugins for Editor in 0.00 ms.
Unloading 1819 Unused Serialized files (Serialized files now loaded: 0)
System memory in use before: 88.5 MB.
System memory in use after: 88.6 MB.

Unloading 8 unused Assets to reduce memory usage. Loaded Objects now: 2300.
Total: 2.470200 ms (FindLiveObjects: 0.243600 ms CreateObjectMapping: 0.092600 ms MarkObjects: 2.113900 ms  DeleteObjects: 0.018500 ms)

========================================================================
Received Prepare
Registering precompiled user dll's ...
Registered in 0.001800 seconds.
Begin MonoManager ReloadAssembly
Symbol file data-0000023BF83BB010 doesn't match image C:\Users\T-Gamer\Documents\GitHub\Projeto4\Projeto4\TCC\Projeto 5\Library\ScriptAssemblies\Unity.2D.Animation.Editor.dll
Symbol file LoadedFromMemory is not a mono symbol file
Symbol file data-0000023BF849F9D0 doesn't match image C:\Users\T-Gamer\Documents\GitHub\Projeto4\Projeto4\TCC\Projeto 5\Library\ScriptAssemblies\Unity.InternalAPIEngineBridge.001.dll
Symbol file LoadedFromMemory is not a mono symbol file
Symbol file data-0000023A2B5F6AE0 doesn't match image C:\Users\T-Gamer\Documents\GitHub\Projeto4\Projeto4\TCC\Projeto 5\Library\ScriptAssemblies\Unity.VSCode.Editor.dll
Symbol file LoadedFromMemory is not a mono symbol file
Symbol file data-0000023BF7324020 doesn't match image C:\Users\T-Gamer\Documents\GitHub\Projeto4\Projeto4\TCC\Projeto 5\Library\ScriptAssemblies\Unity.2D.PixelPerfect.dll
Symbol file LoadedFromMemory is not a mono symbol file
Symbol file data-0000023BF6855030 doesn't match image C:\Users\T-Gamer\Documents\GitHub\Projeto4\Projeto4\TCC\Projeto 5\Library\ScriptAssemblies\PsdPlugin.dll
Symbol file LoadedFromMemory is not a mono symbol file
Symbol file data-0000023BF846B710 doesn't match image C:\Users\T-Gamer\Documents\GitHub\Projeto4\Projeto4\TCC\Projeto 5\Library\ScriptAssemblies\Unity.TextMeshPro.Editor.dll
Symbol file LoadedFromMemory is not a mono symbol file
Symbol file data-0000023BF3D0AC40 doesn't match image C:\Users\T-Gamer\Documents\GitHub\Projeto4\Projeto4\TCC\Projeto 5\Library\ScriptAssemblies\Unity.VisualStudio.Editor.dll
Symbol file LoadedFromMemory is not a mono symbol file
Symbol file data-0000023BF6855030 doesn't match image C:\Users\T-Gamer\Documents\GitHub\Projeto4\Projeto4\TCC\Projeto 5\Library\ScriptAssemblies\UnityEngine.TestRunner.dll
Symbol file LoadedFromMemory is not a mono symbol file
Symbol file data-0000023BF5D7CD30 doesn't match image C:\Users\T-Gamer\Documents\GitHub\Projeto4\Projeto4\TCC\Projeto 5\Library\ScriptAssemblies\Unity.Timeline.dll
Symbol file LoadedFromMemory is not a mono symbol file
Symbol file data-0000023C19166020 doesn't match image C:\Users\T-Gamer\Documents\GitHub\Projeto4\Projeto4\TCC\Projeto 5\Library\ScriptAssemblies\Unity.TextMeshPro.dll
Symbol file LoadedFromMemory is not a mono symbol file
Symbol file data-0000023BF521FB00 doesn't match image C:\Users\T-Gamer\Documents\GitHub\Projeto4\Projeto4\TCC\Projeto 5\Library\ScriptAssemblies\UnityEditor.TestRunner.dll
Symbol file LoadedFromMemory is not a mono symbol file
Symbol file data-0000023A2B5F6AE0 doesn't match image C:\Users\T-Gamer\Documents\GitHub\Projeto4\Projeto4\TCC\Projeto 5\Library\ScriptAssemblies\Unity.2D.IK.Editor.dll
Symbol file LoadedFromMemory is not a mono symbol file
Symbol file data-0000023BF84EA020 doesn't match image C:\Users\T-Gamer\Documents\GitHub\Projeto4\Projeto4\TCC\Projeto 5\Library\ScriptAssemblies\Unity.2D.Psdimporter.Editor.dll
Symbol file LoadedFromMemory is not a mono symbol file
Symbol file data-0000023BF3D950A0 doesn't match image C:\Users\T-Gamer\Documents\GitHub\Projeto4\Projeto4\TCC\Projeto 5\Library\ScriptAssemblies\Unity.2D.Path.Editor.dll
Symbol file LoadedFromMemory is not a mono symbol file
Symbol file data-0000023BF5B52420 doesn't match image C:\Users\T-Gamer\Documents\GitHub\Projeto4\Projeto4\TCC\Projeto 5\Library\ScriptAssemblies\Unity.InternalAPIEditorBridge.001.dll
Symbol file LoadedFromMemory is not a mono symbol file
Symbol file data-0000023BF5D84D40 doesn't match image C:\Users\T-Gamer\Documents\GitHub\Projeto4\Projeto4\TCC\Projeto 5\Library\ScriptAssemblies\Unity.Rider.Editor.dll
Symbol file LoadedFromMemory is not a mono symbol file
Symbol file data-0000023BF5872020 doesn't match image C:\Users\T-Gamer\Documents\GitHub\Projeto4\Projeto4\TCC\Projeto 5\Library\ScriptAssemblies\Unity.Mathematics.dll
Symbol file LoadedFromMemory is not a mono symbol file
Symbol file data-0000023C19AEE8F0 doesn't match image C:\Users\T-Gamer\Documents\GitHub\Projeto4\Projeto4\TCC\Projeto 5\Library\ScriptAssemblies\Unity.2D.IK.Runtime.dll
Symbol file LoadedFromMemory is not a mono symbol file
Symbol file data-0000023BF7CB6010 doesn't match image C:\Users\T-Gamer\Documents\GitHub\Projeto4\Projeto4\TCC\Projeto 5\Library\ScriptAssemblies\Unity.2D.Animation.Triangle.Runtime.dll
Symbol file LoadedFromMemory is not a mono symbol file
Symbol file data-0000023BF3785A50 doesn't match image C:\Users\T-Gamer\Documents\GitHub\Projeto4\Projeto4\TCC\Projeto 5\Library\ScriptAssemblies\Unity.2D.Animation.Runtime.dll
Symbol file LoadedFromMemory is not a mono symbol file
Symbol file data-0000023BF7DD0030 doesn't match image C:\Users\T-Gamer\Documents\GitHub\Projeto4\Projeto4\TCC\Projeto 5\Library\ScriptAssemblies\Unity.2D.PixelPerfect.Editor.dll
Symbol file LoadedFromMemory is not a mono symbol file
Symbol file data-0000023C195ED020 doesn't match image C:\Users\T-Gamer\Documents\GitHub\Projeto4\Projeto4\TCC\Projeto 5\Library\ScriptAssemblies\Unity.Timeline.Editor.dll
Symbol file LoadedFromMemory is not a mono symbol file
Symbol file data-0000023BF5BC5010 doesn't match image C:\Users\T-Gamer\Documents\GitHub\Projeto4\Projeto4\TCC\Projeto 5\Library\ScriptAssemblies\Unity.CollabProxy.Editor.dll
Symbol file LoadedFromMemory is not a mono symbol file
Symbol file data-0000023BF5B52420 doesn't match image C:\Users\T-Gamer\Documents\GitHub\Projeto4\Projeto4\TCC\Projeto 5\Library\ScriptAssemblies\Unity.Mathematics.Editor.dll
Symbol file LoadedFromMemory is not a mono symbol file
Symbol file data-0000023BF3C7A290 doesn't match image C:\Users\T-Gamer\Documents\GitHub\Projeto4\Projeto4\TCC\Projeto 5\Library\ScriptAssemblies\Unity.2D.Common.Runtime.dll
Symbol file LoadedFromMemory is not a mono symbol file
Symbol file data-0000023BF8473720 doesn't match image C:\Users\T-Gamer\Documents\GitHub\Projeto4\Projeto4\TCC\Projeto 5\Library\ScriptAssemblies\Unity.2D.SpriteShape.Editor.dll
Symbol file LoadedFromMemory is not a mono symbol file
Symbol file data-0000023C19AEE8F0 doesn't match image C:\Users\T-Gamer\Documents\GitHub\Projeto4\Projeto4\TCC\Projeto 5\Library\ScriptAssemblies\Unity.2D.Common.Editor.dll
Symbol file LoadedFromMemory is not a mono symbol file
Symbol file data-0000023BF5BC5010 doesn't match image C:\Users\T-Gamer\Documents\GitHub\Projeto4\Projeto4\TCC\Projeto 5\Library\ScriptAssemblies\Unity.2D.SpriteShape.Runtime.dll
Symbol file LoadedFromMemory is not a mono symbol file
Native extension for WindowsStandalone target not found
Refreshing native plugins compatible for Editor in 0.38 ms, found 1 plugins.
Preloading 0 native plugins for Editor in 0.00 ms.
Invoked RoslynAnalysisRunner static constructor.
RoslynAnalysisRunner will not be running.
RoslynAnalysisRunner has terminated.
Mono: successfully reloaded assembly
- Completed reload, in  1.151 seconds
Platform modules already initialized, skipping
Refreshing native plugins compatible for Editor in 0.37 ms, found 1 plugins.
Preloading 0 native plugins for Editor in 0.00 ms.
Unloading 1819 Unused Serialized files (Serialized files now loaded: 0)
System memory in use before: 88.5 MB.
System memory in use after: 88.6 MB.

Unloading 8 unused Assets to reduce memory usage. Loaded Objects now: 2303.
Total: 2.124200 ms (FindLiveObjects: 0.221900 ms CreateObjectMapping: 0.049400 ms MarkObjects: 1.831300 ms  DeleteObjects: 0.020100 ms)

========================================================================
Received Import Request.
  Time since last request: 124.739717 seconds.
  path: Assets/3DModels/Enemies/EnemyMM.prefab
  artifactKey: Guid(79df1e0109dcd774493b5976b11bd62b) Importer(815301076,1909f56bfc062723c751e8b465ee728b)
Start importing Assets/3DModels/Enemies/EnemyMM.prefab using Guid(79df1e0109dcd774493b5976b11bd62b) Importer(815301076,1909f56bfc062723c751e8b465ee728b)  -> (artifact id: '01289cac13460262de43bbe7e402b951') in 0.243827 seconds
  Import took 0.248969 seconds .

========================================================================
Received Prepare
Registering precompiled user dll's ...
Registered in 0.001806 seconds.
Begin MonoManager ReloadAssembly
Symbol file data-0000023BF83BB010 doesn't match image C:\Users\T-Gamer\Documents\GitHub\Projeto4\Projeto4\TCC\Projeto 5\Library\ScriptAssemblies\Unity.2D.Animation.Editor.dll
Symbol file LoadedFromMemory is not a mono symbol file
Symbol file data-0000023BF6189A40 doesn't match image C:\Users\T-Gamer\Documents\GitHub\Projeto4\Projeto4\TCC\Projeto 5\Library\ScriptAssemblies\Unity.InternalAPIEngineBridge.001.dll
Symbol file LoadedFromMemory is not a mono symbol file
Symbol file data-0000023BF58C00F0 doesn't match image C:\Users\T-Gamer\Documents\GitHub\Projeto4\Projeto4\TCC\Projeto 5\Library\ScriptAssemblies\Unity.VSCode.Editor.dll
Symbol file LoadedFromMemory is not a mono symbol file
Symbol file data-0000023BF7324020 doesn't match image C:\Users\T-Gamer\Documents\GitHub\Projeto4\Projeto4\TCC\Projeto 5\Library\ScriptAssemblies\Unity.2D.PixelPerfect.dll
Symbol file LoadedFromMemory is not a mono symbol file
Symbol file data-0000023BF5D7CD30 doesn't match image C:\Users\T-Gamer\Documents\GitHub\Projeto4\Projeto4\TCC\Projeto 5\Library\ScriptAssemblies\PsdPlugin.dll
Symbol file LoadedFromMemory is not a mono symbol file
Symbol file data-0000023BF543BE50 doesn't match image C:\Users\T-Gamer\Documents\GitHub\Projeto4\Projeto4\TCC\Projeto 5\Library\ScriptAssemblies\Unity.TextMeshPro.Editor.dll
Symbol file LoadedFromMemory is not a mono symbol file
Symbol file data-0000023C19CED620 doesn't match image C:\Users\T-Gamer\Documents\GitHub\Projeto4\Projeto4\TCC\Projeto 5\Library\ScriptAssemblies\Unity.VisualStudio.Editor.dll
Symbol file LoadedFromMemory is not a mono symbol file
Symbol file data-0000023BF5D7CD30 doesn't match image C:\Users\T-Gamer\Documents\GitHub\Projeto4\Projeto4\TCC\Projeto 5\Library\ScriptAssemblies\UnityEngine.TestRunner.dll
Symbol file LoadedFromMemory is not a mono symbol file
Symbol file data-0000023BF5D7CD30 doesn't match image C:\Users\T-Gamer\Documents\GitHub\Projeto4\Projeto4\TCC\Projeto 5\Library\ScriptAssemblies\Unity.Timeline.dll
Symbol file LoadedFromMemory is not a mono symbol file
Symbol file data-0000023C19166020 doesn't match image C:\Users\T-Gamer\Documents\GitHub\Projeto4\Projeto4\TCC\Projeto 5\Library\ScriptAssemblies\Unity.TextMeshPro.dll
Symbol file LoadedFromMemory is not a mono symbol file
Symbol file data-0000023BF521FB00 doesn't match image C:\Users\T-Gamer\Documents\GitHub\Projeto4\Projeto4\TCC\Projeto 5\Library\ScriptAssemblies\UnityEditor.TestRunner.dll
Symbol file LoadedFromMemory is not a mono symbol file
Symbol file data-0000023BF58C00F0 doesn't match image C:\Users\T-Gamer\Documents\GitHub\Projeto4\Projeto4\TCC\Projeto 5\Library\ScriptAssemblies\Unity.2D.IK.Editor.dll
Symbol file LoadedFromMemory is not a mono symbol file
Symbol file data-0000023BF84EA020 doesn't match image C:\Users\T-Gamer\Documents\GitHub\Projeto4\Projeto4\TCC\Projeto 5\Library\ScriptAssemblies\Unity.2D.Psdimporter.Editor.dll
Symbol file LoadedFromMemory is not a mono symbol file
Symbol file data-0000023BF3BBB0A0 doesn't match image C:\Users\T-Gamer\Documents\GitHub\Projeto4\Projeto4\TCC\Projeto 5\Library\ScriptAssemblies\Unity.2D.Path.Editor.dll
Symbol file LoadedFromMemory is not a mono symbol file
Symbol file data-0000023BF5B52420 doesn't match image C:\Users\T-Gamer\Documents\GitHub\Projeto4\Projeto4\TCC\Projeto 5\Library\ScriptAssemblies\Unity.InternalAPIEditorBridge.001.dll
Symbol file LoadedFromMemory is not a mono symbol file
Symbol file data-0000023BF5BCD020 doesn't match image C:\Users\T-Gamer\Documents\GitHub\Projeto4\Projeto4\TCC\Projeto 5\Library\ScriptAssemblies\Unity.Rider.Editor.dll
Symbol file LoadedFromMemory is not a mono symbol file
Symbol file data-0000023BF561E010 doesn't match image C:\Users\T-Gamer\Documents\GitHub\Projeto4\Projeto4\TCC\Projeto 5\Library\ScriptAssemblies\Unity.Mathematics.dll
Symbol file LoadedFromMemory is not a mono symbol file
Symbol file data-0000023BF7F78900 doesn't match image C:\Users\T-Gamer\Documents\GitHub\Projeto4\Projeto4\TCC\Projeto 5\Library\ScriptAssemblies\Unity.2D.IK.Runtime.dll
Symbol file LoadedFromMemory is not a mono symbol file
Symbol file data-0000023C19391020 doesn't match image C:\Users\T-Gamer\Documents\GitHub\Projeto4\Projeto4\TCC\Projeto 5\Library\ScriptAssemblies\Unity.2D.Animation.Triangle.Runtime.dll
Symbol file LoadedFromMemory is not a mono symbol file
Symbol file data-0000023BF550A020 doesn't match image C:\Users\T-Gamer\Documents\GitHub\Projeto4\Projeto4\TCC\Projeto 5\Library\ScriptAssemblies\Unity.2D.Animation.Runtime.dll
Symbol file LoadedFromMemory is not a mono symbol file
Symbol file data-0000023C196E2290 doesn't match image C:\Users\T-Gamer\Documents\GitHub\Projeto4\Projeto4\TCC\Projeto 5\Library\ScriptAssemblies\Unity.2D.PixelPerfect.Editor.dll
Symbol file LoadedFromMemory is not a mono symbol file
Symbol file data-0000023BF6919010 doesn't match image C:\Users\T-Gamer\Documents\GitHub\Projeto4\Projeto4\TCC\Projeto 5\Library\ScriptAssemblies\Unity.Timeline.Editor.dll
Symbol file LoadedFromMemory is not a mono symbol file
Symbol file data-0000023BF60AD040 doesn't match image C:\Users\T-Gamer\Documents\GitHub\Projeto4\Projeto4\TCC\Projeto 5\Library\ScriptAssemblies\Unity.CollabProxy.Editor.dll
Symbol file LoadedFromMemory is not a mono symbol file
Symbol file data-0000023BF5B52420 doesn't match image C:\Users\T-Gamer\Documents\GitHub\Projeto4\Projeto4\TCC\Projeto 5\Library\ScriptAssemblies\Unity.Mathematics.Editor.dll
Symbol file LoadedFromMemory is not a mono symbol file
Symbol file data-0000023BF883EE00 doesn't match image C:\Users\T-Gamer\Documents\GitHub\Projeto4\Projeto4\TCC\Projeto 5\Library\ScriptAssemblies\Unity.2D.Common.Runtime.dll
Symbol file LoadedFromMemory is not a mono symbol file
Symbol file data-0000023BF3781A40 doesn't match image C:\Users\T-Gamer\Documents\GitHub\Projeto4\Projeto4\TCC\Projeto 5\Library\ScriptAssemblies\Unity.2D.SpriteShape.Editor.dll
Symbol file LoadedFromMemory is not a mono symbol file
Symbol file data-0000023BF58C00F0 doesn't match image C:\Users\T-Gamer\Documents\GitHub\Projeto4\Projeto4\TCC\Projeto 5\Library\ScriptAssemblies\Unity.2D.Common.Editor.dll
Symbol file LoadedFromMemory is not a mono symbol file
Symbol file data-0000023BF3931010 doesn't match image C:\Users\T-Gamer\Documents\GitHub\Projeto4\Projeto4\TCC\Projeto 5\Library\ScriptAssemblies\Unity.2D.SpriteShape.Runtime.dll
Symbol file LoadedFromMemory is not a mono symbol file
Native extension for WindowsStandalone target not found
Refreshing native plugins compatible for Editor in 0.74 ms, found 1 plugins.
Preloading 0 native plugins for Editor in 0.00 ms.
Invoked RoslynAnalysisRunner static constructor.
RoslynAnalysisRunner will not be running.
RoslynAnalysisRunner has terminated.
Mono: successfully reloaded assembly
- Completed reload, in  1.105 seconds
Platform modules already initialized, skipping
Refreshing native plugins compatible for Editor in 0.38 ms, found 1 plugins.
Preloading 0 native plugins for Editor in 0.00 ms.
Unloading 1819 Unused Serialized files (Serialized files now loaded: 0)
System memory in use before: 88.6 MB.
System memory in use after: 88.7 MB.

Unloading 8 unused Assets to reduce memory usage. Loaded Objects now: 2307.
Total: 2.034900 ms (FindLiveObjects: 0.249400 ms CreateObjectMapping: 0.044600 ms MarkObjects: 1.721900 ms  DeleteObjects: 0.017800 ms)

========================================================================
Received Import Request.
  Time since last request: 224.991967 seconds.
  path: Assets/3DModels/Cenrio/Barraquinha.fbx
  artifactKey: Guid(4b789868f99be25418cb02686e894ca5) Importer(815301076,1909f56bfc062723c751e8b465ee728b)
Start importing Assets/3DModels/Cenrio/Barraquinha.fbx using Guid(4b789868f99be25418cb02686e894ca5) Importer(815301076,1909f56bfc062723c751e8b465ee728b)  -> (artifact id: '2011779ada285f6f3b9ba9da2e7e386a') in 0.131809 seconds
  Import took 0.135987 seconds .

========================================================================
Received Prepare
Registering precompiled user dll's ...
Registered in 0.002823 seconds.
Begin MonoManager ReloadAssembly
Symbol file data-0000023BF83BB010 doesn't match image C:\Users\T-Gamer\Documents\GitHub\Projeto4\Projeto4\TCC\Projeto 5\Library\ScriptAssemblies\Unity.2D.Animation.Editor.dll
Symbol file LoadedFromMemory is not a mono symbol file
Symbol file data-0000023BF66965A0 doesn't match image C:\Users\T-Gamer\Documents\GitHub\Projeto4\Projeto4\TCC\Projeto 5\Library\ScriptAssemblies\Unity.InternalAPIEngineBridge.001.dll
Symbol file LoadedFromMemory is not a mono symbol file
Symbol file data-0000023BF3826030 doesn't match image C:\Users\T-Gamer\Documents\GitHub\Projeto4\Projeto4\TCC\Projeto 5\Library\ScriptAssemblies\Unity.VSCode.Editor.dll
Symbol file LoadedFromMemory is not a mono symbol file
Symbol file data-0000023BF3A8F020 doesn't match image C:\Users\T-Gamer\Documents\GitHub\Projeto4\Projeto4\TCC\Projeto 5\Library\ScriptAssemblies\Unity.2D.PixelPerfect.dll
Symbol file LoadedFromMemory is not a mono symbol file
Symbol file data-0000023BF58B6A10 doesn't match image C:\Users\T-Gamer\Documents\GitHub\Projeto4\Projeto4\TCC\Projeto 5\Library\ScriptAssemblies\PsdPlugin.dll
Symbol file LoadedFromMemory is not a mono symbol file
Symbol file data-0000023BF5BC5010 doesn't match image C:\Users\T-Gamer\Documents\GitHub\Projeto4\Projeto4\TCC\Projeto 5\Library\ScriptAssemblies\Unity.TextMeshPro.Editor.dll
Symbol file LoadedFromMemory is not a mono symbol file
Symbol file data-0000023BF717A020 doesn't match image C:\Users\T-Gamer\Documents\GitHub\Projeto4\Projeto4\TCC\Projeto 5\Library\ScriptAssemblies\Unity.VisualStudio.Editor.dll
Symbol file LoadedFromMemory is not a mono symbol file
Symbol file data-0000023BF6855030 doesn't match image C:\Users\T-Gamer\Documents\GitHub\Projeto4\Projeto4\TCC\Projeto 5\Library\ScriptAssemblies\UnityEngine.TestRunner.dll
Symbol file LoadedFromMemory is not a mono symbol file
Symbol file data-0000023BF5D7CD30 doesn't match image C:\Users\T-Gamer\Documents\GitHub\Projeto4\Projeto4\TCC\Projeto 5\Library\ScriptAssemblies\Unity.Timeline.dll
Symbol file LoadedFromMemory is not a mono symbol file
Symbol file data-0000023C19166020 doesn't match image C:\Users\T-Gamer\Documents\GitHub\Projeto4\Projeto4\TCC\Projeto 5\Library\ScriptAssemblies\Unity.TextMeshPro.dll
Symbol file LoadedFromMemory is not a mono symbol file
Symbol file data-0000023BF521FB00 doesn't match image C:\Users\T-Gamer\Documents\GitHub\Projeto4\Projeto4\TCC\Projeto 5\Library\ScriptAssemblies\UnityEditor.TestRunner.dll
Symbol file LoadedFromMemory is not a mono symbol file
Symbol file data-0000023BF3826030 doesn't match image C:\Users\T-Gamer\Documents\GitHub\Projeto4\Projeto4\TCC\Projeto 5\Library\ScriptAssemblies\Unity.2D.IK.Editor.dll
Symbol file LoadedFromMemory is not a mono symbol file
Symbol file data-0000023BF717A020 doesn't match image C:\Users\T-Gamer\Documents\GitHub\Projeto4\Projeto4\TCC\Projeto 5\Library\ScriptAssemblies\Unity.2D.Psdimporter.Editor.dll
Symbol file LoadedFromMemory is not a mono symbol file
Symbol file data-0000023BF5FE5030 doesn't match image C:\Users\T-Gamer\Documents\GitHub\Projeto4\Projeto4\TCC\Projeto 5\Library\ScriptAssemblies\Unity.2D.Path.Editor.dll
Symbol file LoadedFromMemory is not a mono symbol file
Symbol file data-0000023BF84E1480 doesn't match image C:\Users\T-Gamer\Documents\GitHub\Projeto4\Projeto4\TCC\Projeto 5\Library\ScriptAssemblies\Unity.InternalAPIEditorBridge.001.dll
Symbol file LoadedFromMemory is not a mono symbol file
Symbol file data-0000023BF5B7B390 doesn't match image C:\Users\T-Gamer\Documents\GitHub\Projeto4\Projeto4\TCC\Projeto 5\Library\ScriptAssemblies\Unity.Rider.Editor.dll
Symbol file LoadedFromMemory is not a mono symbol file
Symbol file data-0000023C1A084020 doesn't match image C:\Users\T-Gamer\Documents\GitHub\Projeto4\Projeto4\TCC\Projeto 5\Library\ScriptAssemblies\Unity.Mathematics.dll
Symbol file LoadedFromMemory is not a mono symbol file
Symbol file data-0000023BF3826030 doesn't match image C:\Users\T-Gamer\Documents\GitHub\Projeto4\Projeto4\TCC\Projeto 5\Library\ScriptAssemblies\Unity.2D.IK.Runtime.dll
Symbol file LoadedFromMemory is not a mono symbol file
Symbol file data-0000023C19391020 doesn't match image C:\Users\T-Gamer\Documents\GitHub\Projeto4\Projeto4\TCC\Projeto 5\Library\ScriptAssemblies\Unity.2D.Animation.Triangle.Runtime.dll
Symbol file LoadedFromMemory is not a mono symbol file
Symbol file data-0000023BF3955E20 doesn't match image C:\Users\T-Gamer\Documents\GitHub\Projeto4\Projeto4\TCC\Projeto 5\Library\ScriptAssemblies\Unity.2D.Animation.Runtime.dll
Symbol file LoadedFromMemory is not a mono symbol file
Symbol file data-0000023BF22BC900 doesn't match image C:\Users\T-Gamer\Documents\GitHub\Projeto4\Projeto4\TCC\Projeto 5\Library\ScriptAssemblies\Unity.2D.PixelPerfect.Editor.dll
Symbol file LoadedFromMemory is not a mono symbol file
Symbol file data-0000023C19F7C030 doesn't match image C:\Users\T-Gamer\Documents\GitHub\Projeto4\Projeto4\TCC\Projeto 5\Library\ScriptAssemblies\Unity.Timeline.Editor.dll
Symbol file LoadedFromMemory is not a mono symbol file
Symbol file data-0000023BF74B7010 doesn't match image C:\Users\T-Gamer\Documents\GitHub\Projeto4\Projeto4\TCC\Projeto 5\Library\ScriptAssemblies\Unity.CollabProxy.Editor.dll
Symbol file LoadedFromMemory is not a mono symbol file
Symbol file data-0000023BF3A8F020 doesn't match image C:\Users\T-Gamer\Documents\GitHub\Projeto4\Projeto4\TCC\Projeto 5\Library\ScriptAssemblies\Unity.Mathematics.Editor.dll
Symbol file LoadedFromMemory is not a mono symbol file
Symbol file data-0000023BF3C79830 doesn't match image C:\Users\T-Gamer\Documents\GitHub\Projeto4\Projeto4\TCC\Projeto 5\Library\ScriptAssemblies\Unity.2D.Common.Runtime.dll
Symbol file LoadedFromMemory is not a mono symbol file
Symbol file data-0000023BF84EA020 doesn't match image C:\Users\T-Gamer\Documents\GitHub\Projeto4\Projeto4\TCC\Projeto 5\Library\ScriptAssemblies\Unity.2D.SpriteShape.Editor.dll
Symbol file LoadedFromMemory is not a mono symbol file
Symbol file data-0000023BF566C0E0 doesn't match image C:\Users\T-Gamer\Documents\GitHub\Projeto4\Projeto4\TCC\Projeto 5\Library\ScriptAssemblies\Unity.2D.Common.Editor.dll
Symbol file LoadedFromMemory is not a mono symbol file
Symbol file data-0000023BF74B7010 doesn't match image C:\Users\T-Gamer\Documents\GitHub\Projeto4\Projeto4\TCC\Projeto 5\Library\ScriptAssemblies\Unity.2D.SpriteShape.Runtime.dll
Symbol file LoadedFromMemory is not a mono symbol file
Native extension for WindowsStandalone target not found
Refreshing native plugins compatible for Editor in 0.50 ms, found 1 plugins.
Preloading 0 native plugins for Editor in 0.00 ms.
Invoked RoslynAnalysisRunner static constructor.
RoslynAnalysisRunner will not be running.
RoslynAnalysisRunner has terminated.
Mono: successfully reloaded assembly
- Completed reload, in  1.132 seconds
Platform modules already initialized, skipping
Refreshing native plugins compatible for Editor in 0.37 ms, found 1 plugins.
Preloading 0 native plugins for Editor in 0.00 ms.
Unloading 1819 Unused Serialized files (Serialized files now loaded: 0)
System memory in use before: 88.8 MB.
System memory in use after: 88.9 MB.

Unloading 9 unused Assets to reduce memory usage. Loaded Objects now: 2314.
Total: 2.068800 ms (FindLiveObjects: 0.267700 ms CreateObjectMapping: 0.045000 ms MarkObjects: 1.731300 ms  DeleteObjects: 0.023500 ms)

AssetImportWorkerClient::OnTransportError - code=2 error=End of file
