Using pre-set license
Built from '2020.2/staging' branch; Version is '2020.2.7f1 (c53830e277f1) revision 12924976'; Using compiler version '192528614'; Build Type 'Release'
OS: 'Windows 10 Pro; OS build 19042.928; Version 2009; 64bit' Language: 'pt' Physical Memory: 4022 MB
BatchMode: 1, IsHumanControllingUs: 0, StartBugReporterOnCrash: 0, Is64bit: 1, IsPro: 0

 COMMAND LINE ARGUMENTS:
C:\Program Files\Unity\Hub\Editor\2020.2.7f1\Editor\Unity.exe
-adb2
-batchMode
-noUpm
-name
AssetImportWorker9
-projectPath
C:/Users/User/OneDrive/Documentos/GitHub/TCC/Projeto 5
-logFile
Logs/AssetImportWorker9.log
-srvPort
55313
Successfully changed project path to: C:/Users/User/OneDrive/Documentos/GitHub/TCC/Projeto 5
C:/Users/User/OneDrive/Documentos/GitHub/TCC/Projeto 5
Using Asset Import Pipeline V2.
Refreshing native plugins compatible for Editor in 71.03 ms, found 1 plugins.
Preloading 0 native plugins for Editor in 0.00 ms.
Initialize engine version: 2020.2.7f1 (c53830e277f1)
[Subsystems] Discovering subsystems at path C:/Program Files/Unity/Hub/Editor/2020.2.7f1/Editor/Data/Resources/UnitySubsystems
[Subsystems] Discovering subsystems at path C:/Users/User/OneDrive/Documentos/GitHub/TCC/Projeto 5/Assets
GfxDevice: creating device client; threaded=0
Direct3D:
    Version:  Direct3D 11.0 [level 10.0]
    Renderer: NVIDIA GeForce 9800 GT   (ID=0x614)
    Vendor:   
    VRAM:     1001 MB
    Driver:   21.21.13.4201
Initialize mono
Mono path[0] = 'C:/Program Files/Unity/Hub/Editor/2020.2.7f1/Editor/Data/Managed'
Mono path[1] = 'C:/Program Files/Unity/Hub/Editor/2020.2.7f1/Editor/Data/MonoBleedingEdge/lib/mono/unityjit'
Mono config path = 'C:/Program Files/Unity/Hub/Editor/2020.2.7f1/Editor/Data/MonoBleedingEdge/etc'
Using monoOptions --debugger-agent=transport=dt_socket,embedding=1,server=y,suspend=n,address=127.0.0.1:56172
Begin MonoManager ReloadAssembly
Registering precompiled unity dll's ...
Register platform support module: C:/Program Files/Unity/Hub/Editor/2020.2.7f1/Editor/Data/PlaybackEngines/WindowsStandaloneSupport/UnityEditor.WindowsStandalone.Extensions.dll
Registered in 0.003889 seconds.
Native extension for WindowsStandalone target not found
Refreshing native plugins compatible for Editor in 80.47 ms, found 1 plugins.
Preloading 0 native plugins for Editor in 0.00 ms.
Invoked RoslynAnalysisRunner static constructor.
RoslynAnalysisRunner will not be running.
RoslynAnalysisRunner has terminated.
Mono: successfully reloaded assembly
- Completed reload, in  2.258 seconds
Platform modules already initialized, skipping
Registering precompiled user dll's ...
Registered in 0.002118 seconds.
Begin MonoManager ReloadAssembly
Native extension for WindowsStandalone target not found
Refreshing native plugins compatible for Editor in 61.69 ms, found 1 plugins.
Preloading 0 native plugins for Editor in 0.00 ms.
Invoked RoslynAnalysisRunner static constructor.
RoslynAnalysisRunner will not be running.
RoslynAnalysisRunner has terminated.
Mono: successfully reloaded assembly
- Completed reload, in  2.670 seconds
Platform modules already initialized, skipping
========================================================================
Worker process is ready to serve import requests
Launched and connected shader compiler UnityShaderCompiler.exe after 0.28 seconds
Refreshing native plugins compatible for Editor in 1.23 ms, found 1 plugins.
Preloading 0 native plugins for Editor in 0.00 ms.
Unloading 1829 Unused Serialized files (Serialized files now loaded: 0)
System memory in use before: 85.7 MB.
System memory in use after: 85.8 MB.

Unloading 19 unused Assets to reduce memory usage. Loaded Objects now: 2279.
Total: 5.473300 ms (FindLiveObjects: 0.313900 ms CreateObjectMapping: 0.104400 ms MarkObjects: 4.602900 ms  DeleteObjects: 0.448600 ms)

========================================================================
Received Import Request.
  path: Assets/3DModels/Cenário/Barraquinha 1.fbx
  artifactKey: Guid(d82de7280857fcc49b3d1f9e27ae6f38) Importer(815301076,1909f56bfc062723c751e8b465ee728b)
Start importing Assets/3DModels/Cenário/Barraquinha 1.fbx using Guid(d82de7280857fcc49b3d1f9e27ae6f38) Importer(815301076,1909f56bfc062723c751e8b465ee728b)  -> (artifact id: '7d061be4f1a3b07147c14b83b6fc8bd4') in 2.514743 seconds
  Import took 2.609063 seconds .

========================================================================
Received Import Request.
  Time since last request: 0.000340 seconds.
  path: Assets/3DModels/Cenário/Sacodelixo.fbx
  artifactKey: Guid(b3ad91b50d58bcd4b9a3b57c9c0de2aa) Importer(815301076,1909f56bfc062723c751e8b465ee728b)
Start importing Assets/3DModels/Cenário/Sacodelixo.fbx using Guid(b3ad91b50d58bcd4b9a3b57c9c0de2aa) Importer(815301076,1909f56bfc062723c751e8b465ee728b)  -> (artifact id: 'a8eb45d3c6b04bba205afc1027d4da88') in 0.142037 seconds
  Import took 0.207969 seconds .

========================================================================
Received Import Request.
  Time since last request: 0.000416 seconds.
  path: Assets/3DModels/Cenário/CasaTCCv2 1.fbx
  artifactKey: Guid(81501708eb516c74e9515bab5cf689f2) Importer(815301076,1909f56bfc062723c751e8b465ee728b)
Start importing Assets/3DModels/Cenário/CasaTCCv2 1.fbx using Guid(81501708eb516c74e9515bab5cf689f2) Importer(815301076,1909f56bfc062723c751e8b465ee728b)  -> (artifact id: '782b62afa6d0a8bc84dc013e7af3565f') in 0.283691 seconds
  Import took 0.332866 seconds .

========================================================================
Received Import Request.
  Time since last request: 0.000337 seconds.
  path: Assets/3DModels/Cenário/Casa2.fbx
  artifactKey: Guid(dfb5b85d6a03bac4c8191a834ce2b3c7) Importer(815301076,1909f56bfc062723c751e8b465ee728b)
Start importing Assets/3DModels/Cenário/Casa2.fbx using Guid(dfb5b85d6a03bac4c8191a834ce2b3c7) Importer(815301076,1909f56bfc062723c751e8b465ee728b)  -> (artifact id: '8f35b66fb3f460ecb5874089464df679') in 0.212196 seconds
  Import took 0.275639 seconds .

========================================================================
Received Import Request.
  Time since last request: 0.000292 seconds.
  path: Assets/3DModels/Cenário/Garrafa.fbx
  artifactKey: Guid(2dce6b1a82e92024d92904a3e29a9799) Importer(815301076,1909f56bfc062723c751e8b465ee728b)
Start importing Assets/3DModels/Cenário/Garrafa.fbx using Guid(2dce6b1a82e92024d92904a3e29a9799) Importer(815301076,1909f56bfc062723c751e8b465ee728b)  -> (artifact id: '63b1a0b176b5a242d11ec5c83424d148') in 0.085344 seconds
  Import took 0.109179 seconds .

========================================================================
Received Import Request.
  Time since last request: 0.000310 seconds.
  path: Assets/3DModels/Cenário/Barraquinha.fbx
  artifactKey: Guid(4b789868f99be25418cb02686e894ca5) Importer(815301076,1909f56bfc062723c751e8b465ee728b)
Start importing Assets/3DModels/Cenário/Barraquinha.fbx using Guid(4b789868f99be25418cb02686e894ca5) Importer(815301076,1909f56bfc062723c751e8b465ee728b)  -> (artifact id: '3e38044fea04a1e0c26f3360c98ebfa4') in 0.101976 seconds
  Import took 0.130228 seconds .

========================================================================
Received Import Request.
  Time since last request: 0.000391 seconds.
  path: Assets/3DModels/Cenário/Galpaov1.fbx
  artifactKey: Guid(4c4329268822aed4493bc9703397e67b) Importer(815301076,1909f56bfc062723c751e8b465ee728b)
Start importing Assets/3DModels/Cenário/Galpaov1.fbx using Guid(4c4329268822aed4493bc9703397e67b) Importer(815301076,1909f56bfc062723c751e8b465ee728b)  -> (artifact id: '3d9032e4fc62e493f71d32fe783d6da6') in 0.161605 seconds
  Import took 0.170652 seconds .

========================================================================
Received Import Request.
  Time since last request: 0.000321 seconds.
  path: Assets/3DModels/Cenário/Poste.fbx
  artifactKey: Guid(0d96037ddb81cf3419ca395c4af70055) Importer(815301076,1909f56bfc062723c751e8b465ee728b)
Start importing Assets/3DModels/Cenário/Poste.fbx using Guid(0d96037ddb81cf3419ca395c4af70055) Importer(815301076,1909f56bfc062723c751e8b465ee728b)  -> (artifact id: '7343afcddfd7b85f8ebf0cca072bd03f') in 0.079970 seconds
  Import took 0.121291 seconds .

========================================================================
Received Import Request.
  Time since last request: 0.000291 seconds.
  path: Assets/3DModels/Cenário/Caçamba.fbx
  artifactKey: Guid(cfc8bb4249fad9045be7458709ddb2ad) Importer(815301076,1909f56bfc062723c751e8b465ee728b)
Start importing Assets/3DModels/Cenário/Caçamba.fbx using Guid(cfc8bb4249fad9045be7458709ddb2ad) Importer(815301076,1909f56bfc062723c751e8b465ee728b)  -> (artifact id: '0ed592c2136bc2337d1d702c8ad759b0') in 0.297968 seconds
  Import took 0.319285 seconds .

========================================================================
Received Import Request.
  Time since last request: 0.000368 seconds.
  path: Assets/3DModels/Cenário/Caixadagua.fbx
  artifactKey: Guid(b5de40addab5d704882059966cc40adb) Importer(815301076,1909f56bfc062723c751e8b465ee728b)
Start importing Assets/3DModels/Cenário/Caixadagua.fbx using Guid(b5de40addab5d704882059966cc40adb) Importer(815301076,1909f56bfc062723c751e8b465ee728b)  -> (artifact id: '12344108c366279d78255071973a7a9d') in 0.324543 seconds
  Import took 0.364638 seconds .

========================================================================
Received Import Request.
  Time since last request: 107.361012 seconds.
  path: Assets/3DModels/Cenário
  artifactKey: Guid(e7b5c55c410b0b64499dba7252b20741) Importer(815301076,1909f56bfc062723c751e8b465ee728b)
Start importing Assets/3DModels/Cenário using Guid(e7b5c55c410b0b64499dba7252b20741) Importer(815301076,1909f56bfc062723c751e8b465ee728b)  -> (artifact id: 'dbb1178e91550769e71f265cfa64fc89') in 0.029579 seconds
  Import took 0.067017 seconds .

========================================================================
Received Import Request.
  Time since last request: 5.238824 seconds.
  path: Assets/3DModels/Cenário/Barraquinha 2.fbx
  artifactKey: Guid(8cc38e197c1ce134aa204498a3fcb09d) Importer(815301076,1909f56bfc062723c751e8b465ee728b)
Start importing Assets/3DModels/Cenário/Barraquinha 2.fbx using Guid(8cc38e197c1ce134aa204498a3fcb09d) Importer(815301076,1909f56bfc062723c751e8b465ee728b)  -> (artifact id: '284d1a85cad9dc894e6b035c0d6b076c') in 0.121398 seconds
  Import took 0.150097 seconds .

========================================================================
Received Import Request.
  Time since last request: 77.987475 seconds.
  path: Assets/3DModels/Cenário/Barraquinha 1.fbx
  artifactKey: Guid(d82de7280857fcc49b3d1f9e27ae6f38) Importer(815301076,1909f56bfc062723c751e8b465ee728b)
Start importing Assets/3DModels/Cenário/Barraquinha 1.fbx using Guid(d82de7280857fcc49b3d1f9e27ae6f38) Importer(815301076,1909f56bfc062723c751e8b465ee728b)  -> (artifact id: '03a6496378c66c3eaef13c210e43ff26') in 0.178757 seconds
  Import took 0.360503 seconds .

========================================================================
Received Prepare
Registering precompiled user dll's ...
Registered in 0.034809 seconds.
Begin MonoManager ReloadAssembly
Native extension for WindowsStandalone target not found
Refreshing native plugins compatible for Editor in 0.75 ms, found 1 plugins.
Preloading 0 native plugins for Editor in 0.00 ms.
Invoked RoslynAnalysisRunner static constructor.
RoslynAnalysisRunner will not be running.
RoslynAnalysisRunner has terminated.
Mono: successfully reloaded assembly
- Completed reload, in  2.422 seconds
Platform modules already initialized, skipping
Refreshing native plugins compatible for Editor in 1.04 ms, found 1 plugins.
Preloading 0 native plugins for Editor in 0.00 ms.
Unloading 1820 Unused Serialized files (Serialized files now loaded: 0)
System memory in use before: 89.0 MB.
System memory in use after: 89.1 MB.

Unloading 9 unused Assets to reduce memory usage. Loaded Objects now: 2325.
Total: 3.330900 ms (FindLiveObjects: 0.408200 ms CreateObjectMapping: 0.098600 ms MarkObjects: 2.781400 ms  DeleteObjects: 0.040200 ms)

========================================================================
Received Import Request.
  Time since last request: 289.355773 seconds.
  path: Assets/Textures/Barraquinha_Text.png
  artifactKey: Guid(731bbe291511dcf40b5c5a7deccc4938) Importer(815301076,1909f56bfc062723c751e8b465ee728b)
Start importing Assets/Textures/Barraquinha_Text.png using Guid(731bbe291511dcf40b5c5a7deccc4938) Importer(815301076,1909f56bfc062723c751e8b465ee728b)  -> (artifact id: '4f29879d79de1c36a97821ded465a518') in 0.369735 seconds
  Import took 0.413750 seconds .

========================================================================
Received Import Request.
  Time since last request: 6.611111 seconds.
  path: Assets/Materials/Weapons_Materials/barraquinha.mat
  artifactKey: Guid(02845ad2999df8e42ae47ef08c1643d0) Importer(815301076,1909f56bfc062723c751e8b465ee728b)
Start importing Assets/Materials/Weapons_Materials/barraquinha.mat using Guid(02845ad2999df8e42ae47ef08c1643d0) Importer(815301076,1909f56bfc062723c751e8b465ee728b)  -> (artifact id: '3b721fdfdfc5fa6cbb9089308af2626d') in 2.009658 seconds
  Import took 2.112503 seconds .

========================================================================
Received Import Request.
  Time since last request: 214.816344 seconds.
  path: Assets/Materials/Weapons_Materials/barraquinha.mat
  artifactKey: Guid(02845ad2999df8e42ae47ef08c1643d0) Importer(815301076,1909f56bfc062723c751e8b465ee728b)
Start importing Assets/Materials/Weapons_Materials/barraquinha.mat using Guid(02845ad2999df8e42ae47ef08c1643d0) Importer(815301076,1909f56bfc062723c751e8b465ee728b)  -> (artifact id: '3ff0e2160b3ee37f562b222122fcbdc9') in 0.123399 seconds
  Import took 0.164437 seconds .

========================================================================
Received Import Request.
  Time since last request: 8.139040 seconds.
  path: Assets/Materials/New Material.mat
  artifactKey: Guid(5da702838795e9a46a940b0c5e54ec40) Importer(815301076,1909f56bfc062723c751e8b465ee728b)
Start importing Assets/Materials/New Material.mat using Guid(5da702838795e9a46a940b0c5e54ec40) Importer(815301076,1909f56bfc062723c751e8b465ee728b)  -> (artifact id: '708b437568c607b0d75801d870d79aa3') in 0.050574 seconds
  Import took 0.091389 seconds .

========================================================================
Received Import Request.
  Time since last request: 22.822669 seconds.
  path: Assets/Textures/SacoLixo_Text.png
  artifactKey: Guid(742aafb849f6bc846838985d6bc2c2be) Importer(815301076,1909f56bfc062723c751e8b465ee728b)
Start importing Assets/Textures/SacoLixo_Text.png using Guid(742aafb849f6bc846838985d6bc2c2be) Importer(815301076,1909f56bfc062723c751e8b465ee728b)  -> (artifact id: '36dccd602d333bf5d29a39735ffe680b') in 0.192825 seconds
  Import took 0.223066 seconds .

========================================================================
Received Import Request.
  Time since last request: 29.732993 seconds.
  path: Assets/Materials/Weapons_Materials/Lixo_text.mat
  artifactKey: Guid(8d6a2d03634c97843ab5647d1af9223b) Importer(815301076,1909f56bfc062723c751e8b465ee728b)
Start importing Assets/Materials/Weapons_Materials/Lixo_text.mat using Guid(8d6a2d03634c97843ab5647d1af9223b) Importer(815301076,1909f56bfc062723c751e8b465ee728b)  -> (artifact id: '7cc5b4a6f0daafefc19fb7ce35e0da03') in 0.112490 seconds
  Import took 0.155790 seconds .

========================================================================
Received Import Request.
  Time since last request: 115.486027 seconds.
  path: Assets/Materials/Weapons_Materials/Garrafa_Material.mat
  artifactKey: Guid(85fe63cd5bf8cc6479b7f9fc87973438) Importer(815301076,1909f56bfc062723c751e8b465ee728b)
Start importing Assets/Materials/Weapons_Materials/Garrafa_Material.mat using Guid(85fe63cd5bf8cc6479b7f9fc87973438) Importer(815301076,1909f56bfc062723c751e8b465ee728b)  -> (artifact id: '9f03170f4819c7ed84b45ee2bdc9f606') in 0.074218 seconds
  Import took 0.116074 seconds .

========================================================================
Received Import Request.
  Time since last request: 148.442274 seconds.
  path: Assets/Materials/Weapons_Materials/Garrafa_Material.mat
  artifactKey: Guid(85fe63cd5bf8cc6479b7f9fc87973438) Importer(815301076,1909f56bfc062723c751e8b465ee728b)
Start importing Assets/Materials/Weapons_Materials/Garrafa_Material.mat using Guid(85fe63cd5bf8cc6479b7f9fc87973438) Importer(815301076,1909f56bfc062723c751e8b465ee728b)  -> (artifact id: 'c81d44310b003148408b4f33d3f4c941') in 0.124499 seconds
  Import took 0.135546 seconds .

========================================================================
Received Import Request.
  Time since last request: 0.000345 seconds.
  path: Assets/Materials/Weapons_Materials/Lixo_text.mat
  artifactKey: Guid(8d6a2d03634c97843ab5647d1af9223b) Importer(815301076,1909f56bfc062723c751e8b465ee728b)
Start importing Assets/Materials/Weapons_Materials/Lixo_text.mat using Guid(8d6a2d03634c97843ab5647d1af9223b) Importer(815301076,1909f56bfc062723c751e8b465ee728b)  -> (artifact id: '97d19291b935d676f4ce761380c72a8d') in 0.090419 seconds
  Import took 0.113150 seconds .

AssetImportWorkerClient::OnTransportError - code=2 error=End of file
