Using pre-set license
Built from '2020.2/staging' branch; Version is '2020.2.7f1 (c53830e277f1) revision 12924976'; Using compiler version '192528614'; Build Type 'Release'
OS: 'Windows 10 Home; OS build 19041.1348; Version 2004; 64bit' Language: 'pt' Physical Memory: 8112 MB
BatchMode: 1, IsHumanControllingUs: 0, StartBugReporterOnCrash: 0, Is64bit: 1, IsPro: 0

 COMMAND LINE ARGUMENTS:
C:\Program Files\Unity\Hub\Editor\2020.2.7f1\Editor\Unity.exe
-adb2
-batchMode
-noUpm
-name
AssetImportWorker12
-projectPath
C:/Users/kaueu/OneDrive/Documentos/GitHub/TCC/Projeto 5
-logFile
Logs/AssetImportWorker12.log
-srvPort
51068
Successfully changed project path to: C:/Users/kaueu/OneDrive/Documentos/GitHub/TCC/Projeto 5
C:/Users/kaueu/OneDrive/Documentos/GitHub/TCC/Projeto 5
Using Asset Import Pipeline V2.
Refreshing native plugins compatible for Editor in 598.35 ms, found 1 plugins.
Preloading 0 native plugins for Editor in 0.00 ms.
Initialize engine version: 2020.2.7f1 (c53830e277f1)
[Subsystems] Discovering subsystems at path C:/Program Files/Unity/Hub/Editor/2020.2.7f1/Editor/Data/Resources/UnitySubsystems
[Subsystems] Discovering subsystems at path C:/Users/kaueu/OneDrive/Documentos/GitHub/TCC/Projeto 5/Assets
GfxDevice: creating device client; threaded=0
