Using pre-set license
Built from '2020.2/staging' branch; Version is '2020.2.7f1 (c53830e277f1) revision 12924976'; Using compiler version '192528614'; Build Type 'Release'
OS: 'Windows 10 Pro; OS build 19042.985; Version 2009; 64bit' Language: 'pt' Physical Memory: 4022 MB
BatchMode: 1, IsHumanControllingUs: 0, StartBugReporterOnCrash: 0, Is64bit: 1, IsPro: 0

 COMMAND LINE ARGUMENTS:
C:\Program Files\Unity\Hub\Editor\2020.2.7f1\Editor\Unity.exe
-adb2
-batchMode
-noUpm
-name
AssetImportWorker3
-projectPath
C:/Users/User/OneDrive/Documentos/GitHub/TCC/Projeto 5
-logFile
Logs/AssetImportWorker3.log
-srvPort
64651
Successfully changed project path to: C:/Users/User/OneDrive/Documentos/GitHub/TCC/Projeto 5
C:/Users/User/OneDrive/Documentos/GitHub/TCC/Projeto 5
Using Asset Import Pipeline V2.
Refreshing native plugins compatible for Editor in 123.64 ms, found 1 plugins.
Preloading 0 native plugins for Editor in 0.00 ms.
Initialize engine version: 2020.2.7f1 (c53830e277f1)
[Subsystems] Discovering subsystems at path C:/Program Files/Unity/Hub/Editor/2020.2.7f1/Editor/Data/Resources/UnitySubsystems
[Subsystems] Discovering subsystems at path C:/Users/User/OneDrive/Documentos/GitHub/TCC/Projeto 5/Assets
GfxDevice: creating device client; threaded=0
Direct3D:
    Version:  Direct3D 11.0 [level 10.0]
    Renderer: NVIDIA GeForce 9800 GT   (ID=0x614)
    Vendor:   
    VRAM:     1001 MB
    Driver:   21.21.13.4201
Initialize mono
Mono path[0] = 'C:/Program Files/Unity/Hub/Editor/2020.2.7f1/Editor/Data/Managed'
Mono path[1] = 'C:/Program Files/Unity/Hub/Editor/2020.2.7f1/Editor/Data/MonoBleedingEdge/lib/mono/unityjit'
Mono config path = 'C:/Program Files/Unity/Hub/Editor/2020.2.7f1/Editor/Data/MonoBleedingEdge/etc'
Using monoOptions --debugger-agent=transport=dt_socket,embedding=1,server=y,suspend=n,address=127.0.0.1:56812
Begin MonoManager ReloadAssembly
Registering precompiled unity dll's ...
Register platform support module: C:/Program Files/Unity/Hub/Editor/2020.2.7f1/Editor/Data/PlaybackEngines/WindowsStandaloneSupport/UnityEditor.WindowsStandalone.Extensions.dll
Registered in 0.005236 seconds.
Native extension for WindowsStandalone target not found
Refreshing native plugins compatible for Editor in 76.55 ms, found 1 plugins.
Preloading 0 native plugins for Editor in 0.00 ms.
Invoked RoslynAnalysisRunner static constructor.
RoslynAnalysisRunner will not be running.
RoslynAnalysisRunner has terminated.
Mono: successfully reloaded assembly
- Completed reload, in  2.116 seconds
Platform modules already initialized, skipping
Registering precompiled user dll's ...
Registered in 0.002162 seconds.
Begin MonoManager ReloadAssembly
Native extension for WindowsStandalone target not found
Refreshing native plugins compatible for Editor in 141.42 ms, found 1 plugins.
Preloading 0 native plugins for Editor in 0.00 ms.
Invoked RoslynAnalysisRunner static constructor.
RoslynAnalysisRunner will not be running.
RoslynAnalysisRunner has terminated.
Mono: successfully reloaded assembly
- Completed reload, in  2.567 seconds
Platform modules already initialized, skipping
========================================================================
Worker process is ready to serve import requests
Launched and connected shader compiler UnityShaderCompiler.exe after 0.25 seconds
Refreshing native plugins compatible for Editor in 1.47 ms, found 1 plugins.
Preloading 0 native plugins for Editor in 0.00 ms.
Unloading 1835 Unused Serialized files (Serialized files now loaded: 0)
System memory in use before: 87.8 MB.
System memory in use after: 87.9 MB.

Unloading 19 unused Assets to reduce memory usage. Loaded Objects now: 2286.
Total: 4.792900 ms (FindLiveObjects: 0.551100 ms CreateObjectMapping: 0.164900 ms MarkObjects: 3.910300 ms  DeleteObjects: 0.163400 ms)

========================================================================
Received Import Request.
  path: Assets/3DModels/Cenário/entradaEsgoto.fbx
  artifactKey: Guid(b86ac4452dcc5954e8d756779341aa25) Importer(815301076,1909f56bfc062723c751e8b465ee728b)
Start importing Assets/3DModels/Cenário/entradaEsgoto.fbx using Guid(b86ac4452dcc5954e8d756779341aa25) Importer(815301076,1909f56bfc062723c751e8b465ee728b)  -> (artifact id: '1a6caef586acc7e7e1b270f3a7697943') in 1.807686 seconds
  Import took 1.817355 seconds .

========================================================================
Received Import Request.
  Time since last request: 0.000284 seconds.
  path: Assets/3DModels/Cenário/entradaEsgoto.fbx
  artifactKey: Guid(b86ac4452dcc5954e8d756779341aa25) Importer(815301076,1909f56bfc062723c751e8b465ee728b)
Start importing Assets/3DModels/Cenário/entradaEsgoto.fbx using Guid(b86ac4452dcc5954e8d756779341aa25) Importer(815301076,1909f56bfc062723c751e8b465ee728b)  -> (artifact id: '1a6caef586acc7e7e1b270f3a7697943') in 0.067039 seconds
  Import took 0.078994 seconds .

========================================================================
Received Import Request.
  Time since last request: 0.000472 seconds.
  path: Assets/3DModels/Cenário/Sewer.fbx
  artifactKey: Guid(586ee280bd3cf94429a1f78c5ddfccc3) Importer(815301076,1909f56bfc062723c751e8b465ee728b)
Start importing Assets/3DModels/Cenário/Sewer.fbx using Guid(586ee280bd3cf94429a1f78c5ddfccc3) Importer(815301076,1909f56bfc062723c751e8b465ee728b)  -> (artifact id: 'b28d9c19ffe3739434c8a84dab8b52fc') in 0.190161 seconds
  Import took 0.199989 seconds .

========================================================================
Received Import Request.
  Time since last request: 0.000340 seconds.
  path: Assets/3DModels/Cenário/Poste.fbx
  artifactKey: Guid(0d96037ddb81cf3419ca395c4af70055) Importer(815301076,1909f56bfc062723c751e8b465ee728b)
Start importing Assets/3DModels/Cenário/Poste.fbx using Guid(0d96037ddb81cf3419ca395c4af70055) Importer(815301076,1909f56bfc062723c751e8b465ee728b)  -> (artifact id: 'f38dff5a1f4c37959936c70addd1c39c') in 0.248478 seconds
  Import took 0.266209 seconds .

========================================================================
Received Import Request.
  Time since last request: 4.024062 seconds.
  path: Assets/3DModels/Cenário/Barraquinha 1.fbx
  artifactKey: Guid(d82de7280857fcc49b3d1f9e27ae6f38) Importer(815301076,1909f56bfc062723c751e8b465ee728b)
Start importing Assets/3DModels/Cenário/Barraquinha 1.fbx using Guid(d82de7280857fcc49b3d1f9e27ae6f38) Importer(815301076,1909f56bfc062723c751e8b465ee728b)  -> (artifact id: '68fd76f402662ff64abee774d1f515ec') in 0.124133 seconds
  Import took 0.143246 seconds .

========================================================================
Received Import Request.
  Time since last request: 0.000350 seconds.
  path: Assets/3DModels/Cenário/bueiro.fbx
  artifactKey: Guid(9f269d9ddc02575458353c1dc9ffcb98) Importer(815301076,1909f56bfc062723c751e8b465ee728b)
Start importing Assets/3DModels/Cenário/bueiro.fbx using Guid(9f269d9ddc02575458353c1dc9ffcb98) Importer(815301076,1909f56bfc062723c751e8b465ee728b)  -> (artifact id: '2d27369eba0e6bda5c54351f2c46c9a9') in 0.073521 seconds
  Import took 0.086684 seconds .

========================================================================
Received Import Request.
  Time since last request: 0.000073 seconds.
  path: Assets/3DModels/Cenário/barreira.fbx
  artifactKey: Guid(110c34c23269c134bbf383429329f703) Importer(815301076,1909f56bfc062723c751e8b465ee728b)
Start importing Assets/3DModels/Cenário/barreira.fbx using Guid(110c34c23269c134bbf383429329f703) Importer(815301076,1909f56bfc062723c751e8b465ee728b)  -> (artifact id: '61c6d5b25572012e1447948cb946f976') in 0.073116 seconds
  Import took 0.088502 seconds .

========================================================================
Received Import Request.
  Time since last request: 46.024160 seconds.
  path: Assets/Scenes/SampleScene
  artifactKey: Guid(e1b363a6db97ff643ac690936b6acf4a) Importer(815301076,1909f56bfc062723c751e8b465ee728b)
Start importing Assets/Scenes/SampleScene using Guid(e1b363a6db97ff643ac690936b6acf4a) Importer(815301076,1909f56bfc062723c751e8b465ee728b)  -> (artifact id: '5a85f6c4c917d03c6981c1cfa904f5dd') in 0.047288 seconds
  Import took 0.082996 seconds .

========================================================================
Received Import Request.
  Time since last request: 0.005228 seconds.
  path: Assets/Scenes/SampleScene/NavMesh.asset
  artifactKey: Guid(394f1bf602751f34aa49b67a883c5450) Importer(815301076,1909f56bfc062723c751e8b465ee728b)
Start importing Assets/Scenes/SampleScene/NavMesh.asset using Guid(394f1bf602751f34aa49b67a883c5450) Importer(815301076,1909f56bfc062723c751e8b465ee728b)  -> (artifact id: '4774b9ce34d1caa016a358f5d53ec943') in 0.154278 seconds
  Import took 0.201956 seconds .

========================================================================
Received Import Request.
  Time since last request: 20.375641 seconds.
  path: Assets/Scenes/FaseEsgoto.unity
  artifactKey: Guid(57ad6624ae0963a40b16f2ff1131e415) Importer(815301076,1909f56bfc062723c751e8b465ee728b)
Start importing Assets/Scenes/FaseEsgoto.unity using Guid(57ad6624ae0963a40b16f2ff1131e415) Importer(815301076,1909f56bfc062723c751e8b465ee728b)  -> (artifact id: 'a9e17e8f060d46bade1dcacdcc362d77') in 0.032991 seconds
  Import took 0.042946 seconds .

========================================================================
Received Import Request.
  Time since last request: 138.173015 seconds.
  path: Assets/3DModels/Cenário/Sewer.fbx
  artifactKey: Guid(586ee280bd3cf94429a1f78c5ddfccc3) Importer(815301076,1909f56bfc062723c751e8b465ee728b)
Start importing Assets/3DModels/Cenário/Sewer.fbx using Guid(586ee280bd3cf94429a1f78c5ddfccc3) Importer(815301076,1909f56bfc062723c751e8b465ee728b)  -> (artifact id: 'acb4297b75dde513e686aa816226cce5') in 0.347766 seconds
  Import took 0.359165 seconds .

========================================================================
Received Import Request.
  Time since last request: 53.710478 seconds.
  path: Assets/3DModels/Cenário/Sewer.fbx
  artifactKey: Guid(586ee280bd3cf94429a1f78c5ddfccc3) Importer(815301076,1909f56bfc062723c751e8b465ee728b)
Start importing Assets/3DModels/Cenário/Sewer.fbx using Guid(586ee280bd3cf94429a1f78c5ddfccc3) Importer(815301076,1909f56bfc062723c751e8b465ee728b)  -> (artifact id: 'f2da4f824ef1a9b18f2144ded8e5f591') in 0.182778 seconds
  Import took 0.194169 seconds .

========================================================================
Received Import Request.
  Time since last request: 29.204537 seconds.
  path: Assets/3DModels/Cenário/Sewer.fbx
  artifactKey: Guid(586ee280bd3cf94429a1f78c5ddfccc3) Importer(815301076,1909f56bfc062723c751e8b465ee728b)
Start importing Assets/3DModels/Cenário/Sewer.fbx using Guid(586ee280bd3cf94429a1f78c5ddfccc3) Importer(815301076,1909f56bfc062723c751e8b465ee728b)  -> (artifact id: '2117ac944746281447ae267b1bbf0b36') in 0.186098 seconds
  Import took 0.204721 seconds .

AssetImportWorkerClient::OnTransportError - code=2 error=End of file
