Using pre-set license
Built from '2020.2/staging' branch; Version is '2020.2.7f1 (c53830e277f1) revision 12924976'; Using compiler version '192528614'; Build Type 'Release'
OS: 'Windows 10 Pro; OS build 19044.1348; Version 2009; 64bit' Language: 'pt' Physical Memory: 16315 MB
BatchMode: 1, IsHumanControllingUs: 0, StartBugReporterOnCrash: 0, Is64bit: 1, IsPro: 0

 COMMAND LINE ARGUMENTS:
C:\Program Files\Unity\Hub\Editor\2020.2.7f1\Editor\Unity.exe
-adb2
-batchMode
-noUpm
-name
AssetImportWorker0
-projectPath
C:/Users/T-Gamer/Documents/GitHub/Projeto4/Projeto4/TCC/Projeto 5
-logFile
Logs/AssetImportWorker0.log
-srvPort
62163
Successfully changed project path to: C:/Users/T-Gamer/Documents/GitHub/Projeto4/Projeto4/TCC/Projeto 5
C:/Users/T-Gamer/Documents/GitHub/Projeto4/Projeto4/TCC/Projeto 5
Using Asset Import Pipeline V2.
Refreshing native plugins compatible for Editor in 62.34 ms, found 1 plugins.
Preloading 0 native plugins for Editor in 0.00 ms.
Initialize engine version: 2020.2.7f1 (c53830e277f1)
[Subsystems] Discovering subsystems at path C:/Program Files/Unity/Hub/Editor/2020.2.7f1/Editor/Data/Resources/UnitySubsystems
[Subsystems] Discovering subsystems at path C:/Users/T-Gamer/Documents/GitHub/Projeto4/Projeto4/TCC/Projeto 5/Assets
GfxDevice: creating device client; threaded=0
Direct3D:
    Version:  Direct3D 11.0 [level 11.1]
    Renderer: Radeon RX 580 Series (ID=0x67df)
    Vendor:   
    VRAM:     8171 MB
    Driver:   30.0.13017.5006
Initialize mono
Mono path[0] = 'C:/Program Files/Unity/Hub/Editor/2020.2.7f1/Editor/Data/Managed'
Mono path[1] = 'C:/Program Files/Unity/Hub/Editor/2020.2.7f1/Editor/Data/MonoBleedingEdge/lib/mono/unityjit'
Mono config path = 'C:/Program Files/Unity/Hub/Editor/2020.2.7f1/Editor/Data/MonoBleedingEdge/etc'
Using monoOptions --debugger-agent=transport=dt_socket,embedding=1,server=y,suspend=n,address=127.0.0.1:56008
Begin MonoManager ReloadAssembly
Registering precompiled unity dll's ...
Register platform support module: C:/Program Files/Unity/Hub/Editor/2020.2.7f1/Editor/Data/PlaybackEngines/WindowsStandaloneSupport/UnityEditor.WindowsStandalone.Extensions.dll
Registered in 0.004180 seconds.
Native extension for WindowsStandalone target not found
Refreshing native plugins compatible for Editor in 52.51 ms, found 1 plugins.
Preloading 0 native plugins for Editor in 0.00 ms.
Invoked RoslynAnalysisRunner static constructor.
RoslynAnalysisRunner will not be running.
RoslynAnalysisRunner has terminated.
Mono: successfully reloaded assembly
- Completed reload, in  1.673 seconds
Platform modules already initialized, skipping
Registering precompiled user dll's ...
Registered in 0.001776 seconds.
Begin MonoManager ReloadAssembly
Symbol file data-000001978CEEC020 doesn't match image C:\Users\T-Gamer\Documents\GitHub\Projeto4\Projeto4\TCC\Projeto 5\Library\ScriptAssemblies\Unity.2D.Animation.Editor.dll
Symbol file LoadedFromMemory is not a mono symbol file
Symbol file data-000001978AF62030 doesn't match image C:\Users\T-Gamer\Documents\GitHub\Projeto4\Projeto4\TCC\Projeto 5\Library\ScriptAssemblies\Unity.InternalAPIEngineBridge.001.dll
Symbol file LoadedFromMemory is not a mono symbol file
Symbol file data-000001978E7A2DF0 doesn't match image C:\Users\T-Gamer\Documents\GitHub\Projeto4\Projeto4\TCC\Projeto 5\Library\ScriptAssemblies\Unity.VSCode.Editor.dll
Symbol file LoadedFromMemory is not a mono symbol file
Symbol file data-000001978CB25F80 doesn't match image C:\Users\T-Gamer\Documents\GitHub\Projeto4\Projeto4\TCC\Projeto 5\Library\ScriptAssemblies\Unity.2D.PixelPerfect.dll
Symbol file LoadedFromMemory is not a mono symbol file
Symbol file data-000001978B2F8180 doesn't match image C:\Users\T-Gamer\Documents\GitHub\Projeto4\Projeto4\TCC\Projeto 5\Library\ScriptAssemblies\PsdPlugin.dll
Symbol file LoadedFromMemory is not a mono symbol file
Symbol file data-000001978B33B2A0 doesn't match image C:\Users\T-Gamer\Documents\GitHub\Projeto4\Projeto4\TCC\Projeto 5\Library\ScriptAssemblies\Unity.TextMeshPro.Editor.dll
Symbol file LoadedFromMemory is not a mono symbol file
Symbol file data-000001978B2D5EE0 doesn't match image C:\Users\T-Gamer\Documents\GitHub\Projeto4\Projeto4\TCC\Projeto 5\Library\ScriptAssemblies\Unity.VisualStudio.Editor.dll
Symbol file LoadedFromMemory is not a mono symbol file
Symbol file data-000001978B2F8180 doesn't match image C:\Users\T-Gamer\Documents\GitHub\Projeto4\Projeto4\TCC\Projeto 5\Library\ScriptAssemblies\UnityEngine.TestRunner.dll
Symbol file LoadedFromMemory is not a mono symbol file
Symbol file data-000001978B2F8180 doesn't match image C:\Users\T-Gamer\Documents\GitHub\Projeto4\Projeto4\TCC\Projeto 5\Library\ScriptAssemblies\Unity.Timeline.dll
Symbol file LoadedFromMemory is not a mono symbol file
Symbol file data-000001978CD62020 doesn't match image C:\Users\T-Gamer\Documents\GitHub\Projeto4\Projeto4\TCC\Projeto 5\Library\ScriptAssemblies\Unity.TextMeshPro.dll
Symbol file LoadedFromMemory is not a mono symbol file
Symbol file data-000001978CD8FA30 doesn't match image C:\Users\T-Gamer\Documents\GitHub\Projeto4\Projeto4\TCC\Projeto 5\Library\ScriptAssemblies\UnityEditor.TestRunner.dll
Symbol file LoadedFromMemory is not a mono symbol file
Symbol file data-000001978E39B880 doesn't match image C:\Users\T-Gamer\Documents\GitHub\Projeto4\Projeto4\TCC\Projeto 5\Library\ScriptAssemblies\Unity.2D.IK.Editor.dll
Symbol file LoadedFromMemory is not a mono symbol file
Symbol file data-000001978AFDB020 doesn't match image C:\Users\T-Gamer\Documents\GitHub\Projeto4\Projeto4\TCC\Projeto 5\Library\ScriptAssemblies\Unity.2D.Psdimporter.Editor.dll
Symbol file LoadedFromMemory is not a mono symbol file
Symbol file data-000001978B2F8180 doesn't match image C:\Users\T-Gamer\Documents\GitHub\Projeto4\Projeto4\TCC\Projeto 5\Library\ScriptAssemblies\Unity.2D.Path.Editor.dll
Symbol file LoadedFromMemory is not a mono symbol file
Symbol file data-000001978AF65420 doesn't match image C:\Users\T-Gamer\Documents\GitHub\Projeto4\Projeto4\TCC\Projeto 5\Library\ScriptAssemblies\Unity.InternalAPIEditorBridge.001.dll
Symbol file LoadedFromMemory is not a mono symbol file
Symbol file data-000001978CB84840 doesn't match image C:\Users\T-Gamer\Documents\GitHub\Projeto4\Projeto4\TCC\Projeto 5\Library\ScriptAssemblies\Unity.Rider.Editor.dll
Symbol file LoadedFromMemory is not a mono symbol file
Symbol file data-000001978CDCA020 doesn't match image C:\Users\T-Gamer\Documents\GitHub\Projeto4\Projeto4\TCC\Projeto 5\Library\ScriptAssemblies\Unity.Mathematics.dll
Symbol file LoadedFromMemory is not a mono symbol file
Symbol file data-000001978E39B880 doesn't match image C:\Users\T-Gamer\Documents\GitHub\Projeto4\Projeto4\TCC\Projeto 5\Library\ScriptAssemblies\Unity.2D.IK.Runtime.dll
Symbol file LoadedFromMemory is not a mono symbol file
Symbol file data-000001978DECFA20 doesn't match image C:\Users\T-Gamer\Documents\GitHub\Projeto4\Projeto4\TCC\Projeto 5\Library\ScriptAssemblies\Unity.2D.Animation.Triangle.Runtime.dll
Symbol file LoadedFromMemory is not a mono symbol file
Symbol file data-000001978E39B880 doesn't match image C:\Users\T-Gamer\Documents\GitHub\Projeto4\Projeto4\TCC\Projeto 5\Library\ScriptAssemblies\Unity.2D.Animation.Runtime.dll
Symbol file LoadedFromMemory is not a mono symbol file
Symbol file data-000001978B2646B0 doesn't match image C:\Users\T-Gamer\Documents\GitHub\Projeto4\Projeto4\TCC\Projeto 5\Library\ScriptAssemblies\Unity.2D.PixelPerfect.Editor.dll
Symbol file LoadedFromMemory is not a mono symbol file
Symbol file data-000001978DDD6010 doesn't match image C:\Users\T-Gamer\Documents\GitHub\Projeto4\Projeto4\TCC\Projeto 5\Library\ScriptAssemblies\Unity.Timeline.Editor.dll
Symbol file LoadedFromMemory is not a mono symbol file
Symbol file data-000001978CE89C40 doesn't match image C:\Users\T-Gamer\Documents\GitHub\Projeto4\Projeto4\TCC\Projeto 5\Library\ScriptAssemblies\Unity.Mathematics.Editor.dll
Symbol file LoadedFromMemory is not a mono symbol file
Symbol file data-000001978CE7BA40 doesn't match image C:\Users\T-Gamer\Documents\GitHub\Projeto4\Projeto4\TCC\Projeto 5\Library\ScriptAssemblies\Unity.2D.Common.Runtime.dll
Symbol file LoadedFromMemory is not a mono symbol file
Symbol file data-000001978AFDB020 doesn't match image C:\Users\T-Gamer\Documents\GitHub\Projeto4\Projeto4\TCC\Projeto 5\Library\ScriptAssemblies\Unity.2D.SpriteShape.Editor.dll
Symbol file LoadedFromMemory is not a mono symbol file
Symbol file data-000001978DDC1510 doesn't match image C:\Users\T-Gamer\Documents\GitHub\Projeto4\Projeto4\TCC\Projeto 5\Library\ScriptAssemblies\Unity.2D.Common.Editor.dll
Symbol file LoadedFromMemory is not a mono symbol file
Symbol file data-000001978DECFA20 doesn't match image C:\Users\T-Gamer\Documents\GitHub\Projeto4\Projeto4\TCC\Projeto 5\Library\ScriptAssemblies\Unity.2D.SpriteShape.Runtime.dll
Symbol file LoadedFromMemory is not a mono symbol file
Native extension for WindowsStandalone target not found
Refreshing native plugins compatible for Editor in 52.80 ms, found 1 plugins.
Preloading 0 native plugins for Editor in 0.00 ms.
Invoked RoslynAnalysisRunner static constructor.
RoslynAnalysisRunner will not be running.
RoslynAnalysisRunner has terminated.
Mono: successfully reloaded assembly
- Completed reload, in  1.162 seconds
Platform modules already initialized, skipping
========================================================================
Worker process is ready to serve import requests
Launched and connected shader compiler UnityShaderCompiler.exe after 0.07 seconds
Refreshing native plugins compatible for Editor in 0.59 ms, found 1 plugins.
Preloading 0 native plugins for Editor in 0.00 ms.
Unloading 2016 Unused Serialized files (Serialized files now loaded: 0)
System memory in use before: 104.7 MB.
System memory in use after: 104.8 MB.

Unloading 19 unused Assets to reduce memory usage. Loaded Objects now: 2479.
Total: 2.383100 ms (FindLiveObjects: 0.256800 ms CreateObjectMapping: 0.066400 ms MarkObjects: 1.909400 ms  DeleteObjects: 0.149100 ms)

========================================================================
Received Import Request.
  path: Assets/Agradecimentos.png
  artifactKey: Guid(b3c4415d34bb8384e850663180e6ab61) Importer(815301076,1909f56bfc062723c751e8b465ee728b)
Start importing Assets/Agradecimentos.png using Guid(b3c4415d34bb8384e850663180e6ab61) Importer(815301076,1909f56bfc062723c751e8b465ee728b)  -> (artifact id: '2cf7028135574ec8d85a76b1c6ca666c') in 0.126726 seconds
  Import took 0.130662 seconds .

========================================================================
Received Import Request.
  Time since last request: 37.930482 seconds.
  path: Assets/3DModels/NPCS/Chief.fbx
  artifactKey: Guid(2530b4689fe90a340b6e902213ab3ac0) Importer(815301076,1909f56bfc062723c751e8b465ee728b)
Start importing Assets/3DModels/NPCS/Chief.fbx using Guid(2530b4689fe90a340b6e902213ab3ac0) Importer(815301076,1909f56bfc062723c751e8b465ee728b)  -> (artifact id: 'fcab4b6ab7fcfa97c1d19ee15a40a36f') in 0.219394 seconds
  Import took 0.223446 seconds .

========================================================================
Received Import Request.
  Time since last request: 0.000366 seconds.
  path: Assets/3DModels/NPCS/Soldier4.fbx
  artifactKey: Guid(2825cd35608c6954095295f24c746d44) Importer(815301076,1909f56bfc062723c751e8b465ee728b)
Start importing Assets/3DModels/NPCS/Soldier4.fbx using Guid(2825cd35608c6954095295f24c746d44) Importer(815301076,1909f56bfc062723c751e8b465ee728b)  -> (artifact id: '75aaf98081b7fac9f1193ab75e34d1a2') in 0.077696 seconds
  Import took 0.081373 seconds .

========================================================================
Received Import Request.
  Time since last request: 0.000248 seconds.
  path: Assets/3DModels/NPCS/Soldier.fbx
  artifactKey: Guid(872ce044839204e4f95596b46b4fc5d3) Importer(815301076,1909f56bfc062723c751e8b465ee728b)
Start importing Assets/3DModels/NPCS/Soldier.fbx using Guid(872ce044839204e4f95596b46b4fc5d3) Importer(815301076,1909f56bfc062723c751e8b465ee728b)  -> (artifact id: '4d4528a4fe09785be06ffd2048df3642') in 0.085922 seconds
  Import took 0.089253 seconds .

========================================================================
Received Import Request.
  Time since last request: 0.000314 seconds.
  path: Assets/3DModels/NPCS/Soldier5.fbx
  artifactKey: Guid(3c9a17473f4869f449c107e13f66473b) Importer(815301076,1909f56bfc062723c751e8b465ee728b)
Start importing Assets/3DModels/NPCS/Soldier5.fbx using Guid(3c9a17473f4869f449c107e13f66473b) Importer(815301076,1909f56bfc062723c751e8b465ee728b)  -> (artifact id: '0427456fa6e6ce1c0a77c0a348ac0390') in 0.075050 seconds
  Import took 0.078970 seconds .

========================================================================
Received Import Request.
  Time since last request: 0.000319 seconds.
  path: Assets/3DModels/NPCS/Chief_Details.fbx
  artifactKey: Guid(0782bd63d2732984daf26cd9601e38c9) Importer(815301076,1909f56bfc062723c751e8b465ee728b)
Start importing Assets/3DModels/NPCS/Chief_Details.fbx using Guid(0782bd63d2732984daf26cd9601e38c9) Importer(815301076,1909f56bfc062723c751e8b465ee728b)  -> (artifact id: '33994f2b7fd1a825541da675f1082e36') in 0.086887 seconds
  Import took 0.090754 seconds .

========================================================================
Received Import Request.
  Time since last request: 0.000269 seconds.
  path: Assets/3DModels/NPCS/kidGame.fbx
  artifactKey: Guid(8fb69328c4d785940aec68cc64da875c) Importer(815301076,1909f56bfc062723c751e8b465ee728b)
Start importing Assets/3DModels/NPCS/kidGame.fbx using Guid(8fb69328c4d785940aec68cc64da875c) Importer(815301076,1909f56bfc062723c751e8b465ee728b)  -> (artifact id: 'c5924b96fef149a8dff9a1211ff90245') in 0.081941 seconds
  Import took 0.085455 seconds .

========================================================================
Received Import Request.
  Time since last request: 0.000339 seconds.
  path: Assets/3DModels/NPCS/Soldier2.fbx
  artifactKey: Guid(d2a6bfc1a8fdda84fa27302aca41ab77) Importer(815301076,1909f56bfc062723c751e8b465ee728b)
Start importing Assets/3DModels/NPCS/Soldier2.fbx using Guid(d2a6bfc1a8fdda84fa27302aca41ab77) Importer(815301076,1909f56bfc062723c751e8b465ee728b)  -> (artifact id: 'e2716f9991181ebc7a794e8e1f5b1764') in 0.080838 seconds
  Import took 0.085156 seconds .

========================================================================
Received Import Request.
  Time since last request: 0.000431 seconds.
  path: Assets/3DModels/NPCS/OldmanGame.fbx
  artifactKey: Guid(6015601d6334ae74c9cf925a84389773) Importer(815301076,1909f56bfc062723c751e8b465ee728b)
Start importing Assets/3DModels/NPCS/OldmanGame.fbx using Guid(6015601d6334ae74c9cf925a84389773) Importer(815301076,1909f56bfc062723c751e8b465ee728b)  -> (artifact id: '458b9ef0964462e3b4aaf9ca7efeca4b') in 0.085383 seconds
  Import took 0.089519 seconds .

========================================================================
Received Import Request.
  Time since last request: 0.000307 seconds.
  path: Assets/3DModels/NPCS/Soldier3.fbx
  artifactKey: Guid(ca21ac07e4e69d94bac389b90c413ba3) Importer(815301076,1909f56bfc062723c751e8b465ee728b)
Start importing Assets/3DModels/NPCS/Soldier3.fbx using Guid(ca21ac07e4e69d94bac389b90c413ba3) Importer(815301076,1909f56bfc062723c751e8b465ee728b)  -> (artifact id: 'd76340548e911062d2e404ba06cd75f9') in 0.071527 seconds
  Import took 0.074902 seconds .

========================================================================
Received Import Request.
  Time since last request: 57.474639 seconds.
  path: Assets/Scripts/Falas Final
  artifactKey: Guid(927fad10dc8bd114fa659677fa989620) Importer(815301076,1909f56bfc062723c751e8b465ee728b)
Start importing Assets/Scripts/Falas Final using Guid(927fad10dc8bd114fa659677fa989620) Importer(815301076,1909f56bfc062723c751e8b465ee728b)  -> (artifact id: '7785c3a7fa95e640df25feea28a8f6cd') in 0.004000 seconds
  Import took 0.008038 seconds .

========================================================================
Received Import Request.
  Time since last request: 1.474946 seconds.
  path: Assets/Scripts/Falas Final/Controller
  artifactKey: Guid(5e5c00ebaa6e5cb47a4c96b091986397) Importer(815301076,1909f56bfc062723c751e8b465ee728b)
Start importing Assets/Scripts/Falas Final/Controller using Guid(5e5c00ebaa6e5cb47a4c96b091986397) Importer(815301076,1909f56bfc062723c751e8b465ee728b)  -> (artifact id: '4f3e81341e879bdb7af12c6a4ced7253') in 0.003531 seconds
  Import took 0.007215 seconds .

========================================================================
Received Import Request.
  Time since last request: 1.019838 seconds.
  path: Assets/Scripts/Falas Final/Controller/KidController.cs
  artifactKey: Guid(01a5fca4dd2ce864ca6e19eade72382a) Importer(815301076,1909f56bfc062723c751e8b465ee728b)
Start importing Assets/Scripts/Falas Final/Controller/KidController.cs using Guid(01a5fca4dd2ce864ca6e19eade72382a) Importer(815301076,1909f56bfc062723c751e8b465ee728b)  -> (artifact id: '0e6872fa2866bd5101a2d40785dc42b4') in 0.016484 seconds
  Import took 0.020004 seconds .

========================================================================
Received Import Request.
  Time since last request: 0.514839 seconds.
  path: Assets/Scripts/Falas Final/Controller/KidController.cs
  artifactKey: Guid(01a5fca4dd2ce864ca6e19eade72382a) Importer(815301076,1909f56bfc062723c751e8b465ee728b)
Start importing Assets/Scripts/Falas Final/Controller/KidController.cs using Guid(01a5fca4dd2ce864ca6e19eade72382a) Importer(815301076,1909f56bfc062723c751e8b465ee728b)  -> (artifact id: '0e6872fa2866bd5101a2d40785dc42b4') in 0.003051 seconds
  Import took 0.006695 seconds .

========================================================================
Received Prepare
Registering precompiled user dll's ...
Registered in 0.001986 seconds.
Begin MonoManager ReloadAssembly
Symbol file data-000001978CEEC020 doesn't match image C:\Users\T-Gamer\Documents\GitHub\Projeto4\Projeto4\TCC\Projeto 5\Library\ScriptAssemblies\Unity.2D.Animation.Editor.dll
Symbol file LoadedFromMemory is not a mono symbol file
Symbol file data-00000197904B60D0 doesn't match image C:\Users\T-Gamer\Documents\GitHub\Projeto4\Projeto4\TCC\Projeto 5\Library\ScriptAssemblies\Unity.InternalAPIEngineBridge.001.dll
Symbol file LoadedFromMemory is not a mono symbol file
Symbol file data-000001978E417830 doesn't match image C:\Users\T-Gamer\Documents\GitHub\Projeto4\Projeto4\TCC\Projeto 5\Library\ScriptAssemblies\Unity.VSCode.Editor.dll
Symbol file LoadedFromMemory is not a mono symbol file
Symbol file data-00000197906839F0 doesn't match image C:\Users\T-Gamer\Documents\GitHub\Projeto4\Projeto4\TCC\Projeto 5\Library\ScriptAssemblies\Unity.2D.PixelPerfect.dll
Symbol file LoadedFromMemory is not a mono symbol file
Symbol file data-000001978CB7C830 doesn't match image C:\Users\T-Gamer\Documents\GitHub\Projeto4\Projeto4\TCC\Projeto 5\Library\ScriptAssemblies\PsdPlugin.dll
Symbol file LoadedFromMemory is not a mono symbol file
Symbol file data-000001978E78B010 doesn't match image C:\Users\T-Gamer\Documents\GitHub\Projeto4\Projeto4\TCC\Projeto 5\Library\ScriptAssemblies\Unity.TextMeshPro.Editor.dll
Symbol file LoadedFromMemory is not a mono symbol file
Symbol file data-000001978E27E020 doesn't match image C:\Users\T-Gamer\Documents\GitHub\Projeto4\Projeto4\TCC\Projeto 5\Library\ScriptAssemblies\Unity.VisualStudio.Editor.dll
Symbol file LoadedFromMemory is not a mono symbol file
Symbol file data-000001978CB7C830 doesn't match image C:\Users\T-Gamer\Documents\GitHub\Projeto4\Projeto4\TCC\Projeto 5\Library\ScriptAssemblies\UnityEngine.TestRunner.dll
Symbol file LoadedFromMemory is not a mono symbol file
Symbol file data-000001978CB7C830 doesn't match image C:\Users\T-Gamer\Documents\GitHub\Projeto4\Projeto4\TCC\Projeto 5\Library\ScriptAssemblies\Unity.Timeline.dll
Symbol file LoadedFromMemory is not a mono symbol file
Symbol file data-000001978D34C030 doesn't match image C:\Users\T-Gamer\Documents\GitHub\Projeto4\Projeto4\TCC\Projeto 5\Library\ScriptAssemblies\Unity.TextMeshPro.dll
Symbol file LoadedFromMemory is not a mono symbol file
Symbol file data-000001978B53B0A0 doesn't match image C:\Users\T-Gamer\Documents\GitHub\Projeto4\Projeto4\TCC\Projeto 5\Library\ScriptAssemblies\UnityEditor.TestRunner.dll
Symbol file LoadedFromMemory is not a mono symbol file
Symbol file data-000001978E417830 doesn't match image C:\Users\T-Gamer\Documents\GitHub\Projeto4\Projeto4\TCC\Projeto 5\Library\ScriptAssemblies\Unity.2D.IK.Editor.dll
Symbol file LoadedFromMemory is not a mono symbol file
Symbol file data-000001978E27E020 doesn't match image C:\Users\T-Gamer\Documents\GitHub\Projeto4\Projeto4\TCC\Projeto 5\Library\ScriptAssemblies\Unity.2D.Psdimporter.Editor.dll
Symbol file LoadedFromMemory is not a mono symbol file
Symbol file data-000001978E2D31C0 doesn't match image C:\Users\T-Gamer\Documents\GitHub\Projeto4\Projeto4\TCC\Projeto 5\Library\ScriptAssemblies\Unity.2D.Path.Editor.dll
Symbol file LoadedFromMemory is not a mono symbol file
Symbol file data-00000195E19A0540 doesn't match image C:\Users\T-Gamer\Documents\GitHub\Projeto4\Projeto4\TCC\Projeto 5\Library\ScriptAssemblies\Unity.InternalAPIEditorBridge.001.dll
Symbol file LoadedFromMemory is not a mono symbol file
Symbol file data-000001978E652430 doesn't match image C:\Users\T-Gamer\Documents\GitHub\Projeto4\Projeto4\TCC\Projeto 5\Library\ScriptAssemblies\Unity.Rider.Editor.dll
Symbol file LoadedFromMemory is not a mono symbol file
Symbol file data-000001978CFA4020 doesn't match image C:\Users\T-Gamer\Documents\GitHub\Projeto4\Projeto4\TCC\Projeto 5\Library\ScriptAssemblies\Unity.Mathematics.dll
Symbol file LoadedFromMemory is not a mono symbol file
Symbol file data-000001978E417830 doesn't match image C:\Users\T-Gamer\Documents\GitHub\Projeto4\Projeto4\TCC\Projeto 5\Library\ScriptAssemblies\Unity.2D.IK.Runtime.dll
Symbol file LoadedFromMemory is not a mono symbol file
Symbol file data-000001978CEEC020 doesn't match image C:\Users\T-Gamer\Documents\GitHub\Projeto4\Projeto4\TCC\Projeto 5\Library\ScriptAssemblies\Unity.2D.Animation.Triangle.Runtime.dll
Symbol file LoadedFromMemory is not a mono symbol file
Symbol file data-000001978B301AE0 doesn't match image C:\Users\T-Gamer\Documents\GitHub\Projeto4\Projeto4\TCC\Projeto 5\Library\ScriptAssemblies\Unity.2D.Animation.Runtime.dll
Symbol file LoadedFromMemory is not a mono symbol file
Symbol file data-000001978D7B8640 doesn't match image C:\Users\T-Gamer\Documents\GitHub\Projeto4\Projeto4\TCC\Projeto 5\Library\ScriptAssemblies\Unity.2D.PixelPerfect.Editor.dll
Symbol file LoadedFromMemory is not a mono symbol file
Symbol file data-000001978D3E4010 doesn't match image C:\Users\T-Gamer\Documents\GitHub\Projeto4\Projeto4\TCC\Projeto 5\Library\ScriptAssemblies\Unity.Timeline.Editor.dll
Symbol file LoadedFromMemory is not a mono symbol file
Symbol file data-00000197906839F0 doesn't match image C:\Users\T-Gamer\Documents\GitHub\Projeto4\Projeto4\TCC\Projeto 5\Library\ScriptAssemblies\Unity.Mathematics.Editor.dll
Symbol file LoadedFromMemory is not a mono symbol file
Symbol file data-000001978B557690 doesn't match image C:\Users\T-Gamer\Documents\GitHub\Projeto4\Projeto4\TCC\Projeto 5\Library\ScriptAssemblies\Unity.2D.Common.Runtime.dll
Symbol file LoadedFromMemory is not a mono symbol file
Symbol file data-000001978E398560 doesn't match image C:\Users\T-Gamer\Documents\GitHub\Projeto4\Projeto4\TCC\Projeto 5\Library\ScriptAssemblies\Unity.2D.SpriteShape.Editor.dll
Symbol file LoadedFromMemory is not a mono symbol file
Symbol file data-000001978B51C230 doesn't match image C:\Users\T-Gamer\Documents\GitHub\Projeto4\Projeto4\TCC\Projeto 5\Library\ScriptAssemblies\Unity.2D.Common.Editor.dll
Symbol file LoadedFromMemory is not a mono symbol file
Symbol file data-000001978DEBFA20 doesn't match image C:\Users\T-Gamer\Documents\GitHub\Projeto4\Projeto4\TCC\Projeto 5\Library\ScriptAssemblies\Unity.2D.SpriteShape.Runtime.dll
Symbol file LoadedFromMemory is not a mono symbol file
Native extension for WindowsStandalone target not found
Refreshing native plugins compatible for Editor in 0.90 ms, found 1 plugins.
Preloading 0 native plugins for Editor in 0.00 ms.
Invoked RoslynAnalysisRunner static constructor.
RoslynAnalysisRunner will not be running.
RoslynAnalysisRunner has terminated.
Mono: successfully reloaded assembly
- Completed reload, in  1.362 seconds
Platform modules already initialized, skipping
Refreshing native plugins compatible for Editor in 0.69 ms, found 1 plugins.
Preloading 0 native plugins for Editor in 0.00 ms.
Unloading 1980 Unused Serialized files (Serialized files now loaded: 0)
System memory in use before: 105.8 MB.
System memory in use after: 105.9 MB.

Unloading 9 unused Assets to reduce memory usage. Loaded Objects now: 2528.
Total: 2.684200 ms (FindLiveObjects: 0.374800 ms CreateObjectMapping: 0.049000 ms MarkObjects: 2.217600 ms  DeleteObjects: 0.041300 ms)

========================================================================
Received Import Request.
  Time since last request: 347.280767 seconds.
  path: Assets/Scripts/Falas Final/Controller/KidController.cs
  artifactKey: Guid(01a5fca4dd2ce864ca6e19eade72382a) Importer(815301076,1909f56bfc062723c751e8b465ee728b)
Start importing Assets/Scripts/Falas Final/Controller/KidController.cs using Guid(01a5fca4dd2ce864ca6e19eade72382a) Importer(815301076,1909f56bfc062723c751e8b465ee728b)  -> (artifact id: '0f8df06af8b5b6b132ec3aed5071703a') in 0.006522 seconds
  Import took 0.010479 seconds .

