Using pre-set license
Built from '2020.2/staging' branch; Version is '2020.2.7f1 (c53830e277f1) revision 12924976'; Using compiler version '192528614'; Build Type 'Release'
OS: 'Windows 10 Pro; OS build 19043.1237; Version 2009; 64bit' Language: 'pt' Physical Memory: 8123 MB
BatchMode: 1, IsHumanControllingUs: 0, StartBugReporterOnCrash: 0, Is64bit: 1, IsPro: 0

 COMMAND LINE ARGUMENTS:
C:\Program Files\Unity\Hub\Editor\2020.2.7f1\Editor\Unity.exe
-adb2
-batchMode
-noUpm
-name
AssetImportWorker2
-projectPath
C:/Users/T-Gamer/Documents/GitHub/TCC/Projeto 5
-logFile
Logs/AssetImportWorker2.log
-srvPort
61794
Successfully changed project path to: C:/Users/T-Gamer/Documents/GitHub/TCC/Projeto 5
C:/Users/T-Gamer/Documents/GitHub/TCC/Projeto 5
Using Asset Import Pipeline V2.
Refreshing native plugins compatible for Editor in 47.57 ms, found 1 plugins.
Preloading 0 native plugins for Editor in 0.00 ms.
Initialize engine version: 2020.2.7f1 (c53830e277f1)
[Subsystems] Discovering subsystems at path C:/Program Files/Unity/Hub/Editor/2020.2.7f1/Editor/Data/Resources/UnitySubsystems
[Subsystems] Discovering subsystems at path C:/Users/T-Gamer/Documents/GitHub/TCC/Projeto 5/Assets
GfxDevice: creating device client; threaded=0
Direct3D:
    Version:  Direct3D 11.0 [level 11.1]
    Renderer: NVIDIA GeForce GTX 1660 (ID=0x2184)
    Vendor:   
    VRAM:     5991 MB
    Driver:   27.21.14.5671
Initialize mono
Mono path[0] = 'C:/Program Files/Unity/Hub/Editor/2020.2.7f1/Editor/Data/Managed'
Mono path[1] = 'C:/Program Files/Unity/Hub/Editor/2020.2.7f1/Editor/Data/MonoBleedingEdge/lib/mono/unityjit'
Mono config path = 'C:/Program Files/Unity/Hub/Editor/2020.2.7f1/Editor/Data/MonoBleedingEdge/etc'
Using monoOptions --debugger-agent=transport=dt_socket,embedding=1,server=y,suspend=n,address=127.0.0.1:56344
Begin MonoManager ReloadAssembly
Registering precompiled unity dll's ...
Register platform support module: C:/Program Files/Unity/Hub/Editor/2020.2.7f1/Editor/Data/PlaybackEngines/WebGLSupport/UnityEditor.WebGL.Extensions.dll
Register platform support module: C:/Program Files/Unity/Hub/Editor/2020.2.7f1/Editor/Data/PlaybackEngines/MacStandaloneSupport/UnityEditor.OSXStandalone.Extensions.dll
Register platform support module: C:/Program Files/Unity/Hub/Editor/2020.2.7f1/Editor/Data/PlaybackEngines/WindowsStandaloneSupport/UnityEditor.WindowsStandalone.Extensions.dll
Register platform support module: C:/Program Files/Unity/Hub/Editor/2020.2.7f1/Editor/Data/PlaybackEngines/LinuxStandaloneSupport/UnityEditor.LinuxStandalone.Extensions.dll
Registered in 0.054460 seconds.
Native extension for LinuxStandalone target not found
Native extension for WindowsStandalone target not found
Native extension for OSXStandalone target not found
Native extension for WebGL target not found
Refreshing native plugins compatible for Editor in 43.95 ms, found 1 plugins.
Preloading 0 native plugins for Editor in 0.00 ms.
Invoked RoslynAnalysisRunner static constructor.
RoslynAnalysisRunner will not be running.
RoslynAnalysisRunner has terminated.
Mono: successfully reloaded assembly
- Completed reload, in  7.558 seconds
Platform modules already initialized, skipping
Registering precompiled user dll's ...
Registered in 0.007103 seconds.
Begin MonoManager ReloadAssembly
Symbol file data-000001BA0CFA8670 doesn't match image C:\Users\T-Gamer\Documents\GitHub\TCC\Projeto 5\Library\ScriptAssemblies\Unity.2D.Animation.Editor.dll
Symbol file LoadedFromMemory is not a mono symbol file
Symbol file data-000001B85C07AD90 doesn't match image C:\Users\T-Gamer\Documents\GitHub\TCC\Projeto 5\Library\ScriptAssemblies\Unity.InternalAPIEngineBridge.001.dll
Symbol file LoadedFromMemory is not a mono symbol file
Symbol file data-000001BA0701F940 doesn't match image C:\Users\T-Gamer\Documents\GitHub\TCC\Projeto 5\Library\ScriptAssemblies\Unity.VSCode.Editor.dll
Symbol file LoadedFromMemory is not a mono symbol file
Symbol file data-000001BA0C80E0A0 doesn't match image C:\Users\T-Gamer\Documents\GitHub\TCC\Projeto 5\Library\ScriptAssemblies\Unity.2D.PixelPerfect.dll
Symbol file LoadedFromMemory is not a mono symbol file
Symbol file data-000001BA0CE092A0 doesn't match image C:\Users\T-Gamer\Documents\GitHub\TCC\Projeto 5\Library\ScriptAssemblies\PsdPlugin.dll
Symbol file LoadedFromMemory is not a mono symbol file
Symbol file data-000001BA0BD39020 doesn't match image C:\Users\T-Gamer\Documents\GitHub\TCC\Projeto 5\Library\ScriptAssemblies\Unity.TextMeshPro.Editor.dll
Symbol file LoadedFromMemory is not a mono symbol file
Symbol file data-000001BA0CFDA2C0 doesn't match image C:\Users\T-Gamer\Documents\GitHub\TCC\Projeto 5\Library\ScriptAssemblies\Unity.VisualStudio.Editor.dll
Symbol file LoadedFromMemory is not a mono symbol file
Symbol file data-000001BA0CE092A0 doesn't match image C:\Users\T-Gamer\Documents\GitHub\TCC\Projeto 5\Library\ScriptAssemblies\UnityEngine.TestRunner.dll
Symbol file LoadedFromMemory is not a mono symbol file
Symbol file data-000001BA0C499230 doesn't match image C:\Users\T-Gamer\Documents\GitHub\TCC\Projeto 5\Library\ScriptAssemblies\Unity.Timeline.dll
Symbol file LoadedFromMemory is not a mono symbol file
Symbol file data-000001BA0BDE1020 doesn't match image C:\Users\T-Gamer\Documents\GitHub\TCC\Projeto 5\Library\ScriptAssemblies\Unity.TextMeshPro.dll
Symbol file LoadedFromMemory is not a mono symbol file
Symbol file data-000001BA0BE0EA30 doesn't match image C:\Users\T-Gamer\Documents\GitHub\TCC\Projeto 5\Library\ScriptAssemblies\UnityEditor.TestRunner.dll
Symbol file LoadedFromMemory is not a mono symbol file
Symbol file data-000001BA0701F940 doesn't match image C:\Users\T-Gamer\Documents\GitHub\TCC\Projeto 5\Library\ScriptAssemblies\Unity.2D.IK.Editor.dll
Symbol file LoadedFromMemory is not a mono symbol file
Symbol file data-000001BA0CFDA2C0 doesn't match image C:\Users\T-Gamer\Documents\GitHub\TCC\Projeto 5\Library\ScriptAssemblies\Unity.2D.Psdimporter.Editor.dll
Symbol file LoadedFromMemory is not a mono symbol file
Symbol file data-000001BA0CE092A0 doesn't match image C:\Users\T-Gamer\Documents\GitHub\TCC\Projeto 5\Library\ScriptAssemblies\Unity.2D.Path.Editor.dll
Symbol file LoadedFromMemory is not a mono symbol file
Symbol file data-000001BA0717E990 doesn't match image C:\Users\T-Gamer\Documents\GitHub\TCC\Projeto 5\Library\ScriptAssemblies\Unity.InternalAPIEditorBridge.001.dll
Symbol file LoadedFromMemory is not a mono symbol file
Symbol file data-000001BA0BD742C0 doesn't match image C:\Users\T-Gamer\Documents\GitHub\TCC\Projeto 5\Library\ScriptAssemblies\Unity.Rider.Editor.dll
Symbol file LoadedFromMemory is not a mono symbol file
Symbol file data-000001BA0B863010 doesn't match image C:\Users\T-Gamer\Documents\GitHub\TCC\Projeto 5\Library\ScriptAssemblies\Unity.Mathematics.dll
Symbol file LoadedFromMemory is not a mono symbol file
Symbol file data-000001BA0BD78CD0 doesn't match image C:\Users\T-Gamer\Documents\GitHub\TCC\Projeto 5\Library\ScriptAssemblies\Unity.2D.IK.Runtime.dll
Symbol file LoadedFromMemory is not a mono symbol file
Symbol file data-000001BA0BB80010 doesn't match image C:\Users\T-Gamer\Documents\GitHub\TCC\Projeto 5\Library\ScriptAssemblies\Unity.2D.Animation.Triangle.Runtime.dll
Symbol file LoadedFromMemory is not a mono symbol file
Symbol file data-000001BA0BE73040 doesn't match image C:\Users\T-Gamer\Documents\GitHub\TCC\Projeto 5\Library\ScriptAssemblies\Unity.2D.Animation.Runtime.dll
Symbol file LoadedFromMemory is not a mono symbol file
Symbol file data-000001BA06E04F40 doesn't match image C:\Users\T-Gamer\Documents\GitHub\TCC\Projeto 5\Library\ScriptAssemblies\Unity.2D.PixelPerfect.Editor.dll
Symbol file LoadedFromMemory is not a mono symbol file
Symbol file data-000001BA0C2F2010 doesn't match image C:\Users\T-Gamer\Documents\GitHub\TCC\Projeto 5\Library\ScriptAssemblies\Unity.Timeline.Editor.dll
Symbol file LoadedFromMemory is not a mono symbol file
Symbol file data-000001BA073D3A30 doesn't match image C:\Users\T-Gamer\Documents\GitHub\TCC\Projeto 5\Library\ScriptAssemblies\Unity.CollabProxy.Editor.dll
Symbol file LoadedFromMemory is not a mono symbol file
Symbol file data-000001BA0C80E0A0 doesn't match image C:\Users\T-Gamer\Documents\GitHub\TCC\Projeto 5\Library\ScriptAssemblies\Unity.Mathematics.Editor.dll
Symbol file LoadedFromMemory is not a mono symbol file
Symbol file data-000001BA0BB6E570 doesn't match image C:\Users\T-Gamer\Documents\GitHub\TCC\Projeto 5\Library\ScriptAssemblies\Unity.2D.Common.Runtime.dll
Symbol file LoadedFromMemory is not a mono symbol file
Symbol file data-000001BA0BF17DB0 doesn't match image C:\Users\T-Gamer\Documents\GitHub\TCC\Projeto 5\Library\ScriptAssemblies\Unity.2D.SpriteShape.Editor.dll
Symbol file LoadedFromMemory is not a mono symbol file
Symbol file data-000001BA0CE112B0 doesn't match image C:\Users\T-Gamer\Documents\GitHub\TCC\Projeto 5\Library\ScriptAssemblies\Unity.2D.Common.Editor.dll
Symbol file LoadedFromMemory is not a mono symbol file
Symbol file data-000001BA079E5630 doesn't match image C:\Users\T-Gamer\Documents\GitHub\TCC\Projeto 5\Library\ScriptAssemblies\Unity.2D.SpriteShape.Runtime.dll
Symbol file LoadedFromMemory is not a mono symbol file
Native extension for LinuxStandalone target not found
Native extension for WindowsStandalone target not found
Native extension for OSXStandalone target not found
Native extension for WebGL target not found
Refreshing native plugins compatible for Editor in 45.38 ms, found 1 plugins.
Preloading 0 native plugins for Editor in 0.00 ms.
Invoked RoslynAnalysisRunner static constructor.
RoslynAnalysisRunner will not be running.
RoslynAnalysisRunner has terminated.
Mono: successfully reloaded assembly
- Completed reload, in  1.558 seconds
Platform modules already initialized, skipping
========================================================================
Worker process is ready to serve import requests
Launched and connected shader compiler UnityShaderCompiler.exe after 0.20 seconds
Refreshing native plugins compatible for Editor in 0.42 ms, found 1 plugins.
Preloading 0 native plugins for Editor in 0.00 ms.
Unloading 1866 Unused Serialized files (Serialized files now loaded: 0)
System memory in use before: 90.5 MB.
System memory in use after: 90.6 MB.

Unloading 19 unused Assets to reduce memory usage. Loaded Objects now: 2320.
Total: 2.292600 ms (FindLiveObjects: 0.266200 ms CreateObjectMapping: 0.053600 ms MarkObjects: 1.882300 ms  DeleteObjects: 0.089400 ms)

========================================================================
Received Import Request.
  path: Assets/Animations/Player/Mixamos/AttackPipe_2.fbx
  artifactKey: Guid(e425a25687f55114dbcb810216e70e9c) Importer(815301076,1909f56bfc062723c751e8b465ee728b)
Start importing Assets/Animations/Player/Mixamos/AttackPipe_2.fbx using Guid(e425a25687f55114dbcb810216e70e9c) Importer(815301076,1909f56bfc062723c751e8b465ee728b)  -> (artifact id: 'c21eec62ce2fd962386eb20874c5c050') in 0.866844 seconds
  Import took 0.892509 seconds .

========================================================================
Received Import Request.
  Time since last request: 0.000240 seconds.
  path: Assets/Animations/Player/Run.anim
  artifactKey: Guid(5f6dea07d92cbe04e8b81c4af616a0e1) Importer(815301076,1909f56bfc062723c751e8b465ee728b)
Start importing Assets/Animations/Player/Run.anim using Guid(5f6dea07d92cbe04e8b81c4af616a0e1) Importer(815301076,1909f56bfc062723c751e8b465ee728b)  -> (artifact id: '5a8f231863cc54fccb65b21b179e937a') in 0.073639 seconds
  Import took 0.089747 seconds .

========================================================================
Received Import Request.
  Time since last request: 0.000212 seconds.
  path: Assets/Animations/Player/Mixamos/AttackPipe_1.fbx
  artifactKey: Guid(794caee0e28a739478f009ecda59f6d4) Importer(815301076,1909f56bfc062723c751e8b465ee728b)
Start importing Assets/Animations/Player/Mixamos/AttackPipe_1.fbx using Guid(794caee0e28a739478f009ecda59f6d4) Importer(815301076,1909f56bfc062723c751e8b465ee728b)  -> (artifact id: 'd83d7607a065354487d43da34d9cea9d') in 0.029985 seconds
  Import took 0.048525 seconds .

========================================================================
Received Import Request.
  Time since last request: 0.000235 seconds.
  path: Assets/Animations/Player/Mixamos/Dashing.fbx
  artifactKey: Guid(18e321d6d6578f94587dcf624730af06) Importer(815301076,1909f56bfc062723c751e8b465ee728b)
Start importing Assets/Animations/Player/Mixamos/Dashing.fbx using Guid(18e321d6d6578f94587dcf624730af06) Importer(815301076,1909f56bfc062723c751e8b465ee728b)  -> (artifact id: 'e8b43cb247a59e0640fc39ee96dafb8e') in 0.050801 seconds
  Import took 0.067061 seconds .

========================================================================
Received Import Request.
  Time since last request: 0.000213 seconds.
  path: Assets/Scenes/FaseEsgoto 3-A.unity
  artifactKey: Guid(1fea1e7488b18314b9f423a883251bd9) Importer(815301076,1909f56bfc062723c751e8b465ee728b)
Start importing Assets/Scenes/FaseEsgoto 3-A.unity using Guid(1fea1e7488b18314b9f423a883251bd9) Importer(815301076,1909f56bfc062723c751e8b465ee728b)  -> (artifact id: '6335024398ac673753db8c8f1b73fc09') in 0.012596 seconds
  Import took 0.015429 seconds .

========================================================================
Received Import Request.
  Time since last request: 0.000198 seconds.
  path: Assets/Animations/Player/Mixamos
  artifactKey: Guid(eb4c117c9b5a8d348b4039875f474beb) Importer(815301076,1909f56bfc062723c751e8b465ee728b)
Start importing Assets/Animations/Player/Mixamos using Guid(eb4c117c9b5a8d348b4039875f474beb) Importer(815301076,1909f56bfc062723c751e8b465ee728b)  -> (artifact id: '947e82f2c5819122dac81c99098ee315') in 0.006349 seconds
  Import took 0.008993 seconds .

========================================================================
Received Import Request.
  Time since last request: 0.000180 seconds.
  path: Assets/Animations/Player/Mixamos/AttackPipe_3.fbx
  artifactKey: Guid(73cd7d0d8c1422941beeede01759e8f6) Importer(815301076,1909f56bfc062723c751e8b465ee728b)
Start importing Assets/Animations/Player/Mixamos/AttackPipe_3.fbx using Guid(73cd7d0d8c1422941beeede01759e8f6) Importer(815301076,1909f56bfc062723c751e8b465ee728b)  -> (artifact id: 'd8a6afed8bc714667d6ecbfaf5514e69') in 0.038755 seconds
  Import took 0.050186 seconds .

========================================================================
Received Import Request.
  Time since last request: 455.992639 seconds.
  path: Assets/3DModels/NPCS/Chief.fbx
  artifactKey: Guid(2530b4689fe90a340b6e902213ab3ac0) Importer(815301076,1909f56bfc062723c751e8b465ee728b)
Start importing Assets/3DModels/NPCS/Chief.fbx using Guid(2530b4689fe90a340b6e902213ab3ac0) Importer(815301076,1909f56bfc062723c751e8b465ee728b)  -> (artifact id: '84fedc678566846cde67a9fea87e0294') in 1.648346 seconds
  Import took 1.664735 seconds .

========================================================================
Received Import Request.
  Time since last request: 0.000249 seconds.
  path: Assets/3DModels/NPCS/Soldier4.fbx
  artifactKey: Guid(2825cd35608c6954095295f24c746d44) Importer(815301076,1909f56bfc062723c751e8b465ee728b)
Start importing Assets/3DModels/NPCS/Soldier4.fbx using Guid(2825cd35608c6954095295f24c746d44) Importer(815301076,1909f56bfc062723c751e8b465ee728b)  -> (artifact id: 'c222fa1cc50201ac944784e9d51c9a91') in 0.063152 seconds
  Import took 0.080397 seconds .

========================================================================
Received Import Request.
  Time since last request: 0.000202 seconds.
  path: Assets/3DModels/NPCS/Soldier5.fbx
  artifactKey: Guid(3c9a17473f4869f449c107e13f66473b) Importer(815301076,1909f56bfc062723c751e8b465ee728b)
Start importing Assets/3DModels/NPCS/Soldier5.fbx using Guid(3c9a17473f4869f449c107e13f66473b) Importer(815301076,1909f56bfc062723c751e8b465ee728b)  -> (artifact id: '533c26dc7e1737986312433c5a5b6008') in 0.063859 seconds
  Import took 0.067136 seconds .

========================================================================
Received Import Request.
  Time since last request: 0.000205 seconds.
  path: Assets/3DModels/NPCS/Chief.fbx
  artifactKey: Guid(2530b4689fe90a340b6e902213ab3ac0) Importer(815301076,1909f56bfc062723c751e8b465ee728b)
Start importing Assets/3DModels/NPCS/Chief.fbx using Guid(2530b4689fe90a340b6e902213ab3ac0) Importer(815301076,1909f56bfc062723c751e8b465ee728b)  -> (artifact id: '84fedc678566846cde67a9fea87e0294') in 0.081527 seconds
  Import took 0.084958 seconds .

========================================================================
Received Import Request.
  Time since last request: 0.000239 seconds.
  path: Assets/3DModels/NPCS/Soldier2.fbx
  artifactKey: Guid(d2a6bfc1a8fdda84fa27302aca41ab77) Importer(815301076,1909f56bfc062723c751e8b465ee728b)
Start importing Assets/3DModels/NPCS/Soldier2.fbx using Guid(d2a6bfc1a8fdda84fa27302aca41ab77) Importer(815301076,1909f56bfc062723c751e8b465ee728b)  -> (artifact id: '03c725d54b493a82ce2c3b7533809094') in 0.060629 seconds
  Import took 0.170311 seconds .

========================================================================
Received Import Request.
  Time since last request: 0.000188 seconds.
  path: Assets/3DModels/NPCS/Soldier3.fbx
  artifactKey: Guid(ca21ac07e4e69d94bac389b90c413ba3) Importer(815301076,1909f56bfc062723c751e8b465ee728b)
Start importing Assets/3DModels/NPCS/Soldier3.fbx using Guid(ca21ac07e4e69d94bac389b90c413ba3) Importer(815301076,1909f56bfc062723c751e8b465ee728b)  -> (artifact id: 'a0a14d931dbe5a524bdaaf4f5344e636') in 0.369188 seconds
  Import took 0.402365 seconds .

========================================================================
Received Import Request.
  Time since last request: 0.000185 seconds.
  path: Assets/3DModels/NPCS/Soldier2.fbx
  artifactKey: Guid(d2a6bfc1a8fdda84fa27302aca41ab77) Importer(815301076,1909f56bfc062723c751e8b465ee728b)
Start importing Assets/3DModels/NPCS/Soldier2.fbx using Guid(d2a6bfc1a8fdda84fa27302aca41ab77) Importer(815301076,1909f56bfc062723c751e8b465ee728b)  -> (artifact id: '03c725d54b493a82ce2c3b7533809094') in 0.057785 seconds
  Import took 0.060980 seconds .

========================================================================
Received Import Request.
  Time since last request: 0.000228 seconds.
  path: Assets/3DModels/NPCS/Soldier3.fbx
  artifactKey: Guid(ca21ac07e4e69d94bac389b90c413ba3) Importer(815301076,1909f56bfc062723c751e8b465ee728b)
Start importing Assets/3DModels/NPCS/Soldier3.fbx using Guid(ca21ac07e4e69d94bac389b90c413ba3) Importer(815301076,1909f56bfc062723c751e8b465ee728b)  -> (artifact id: 'a0a14d931dbe5a524bdaaf4f5344e636') in 0.061564 seconds
  Import took 0.065018 seconds .

========================================================================
Received Import Request.
  Time since last request: 288.597462 seconds.
  path: Assets/Animations/NPCS/OldmanGame@Neutral Idle.fbx
  artifactKey: Guid(e44043c669ff4d24d99cdf4dc2341b44) Importer(815301076,1909f56bfc062723c751e8b465ee728b)
Start importing Assets/Animations/NPCS/OldmanGame@Neutral Idle.fbx using Guid(e44043c669ff4d24d99cdf4dc2341b44) Importer(815301076,1909f56bfc062723c751e8b465ee728b)  -> (artifact id: 'eac5f60731eea6c684f4e546c967cbc8') in 0.367474 seconds
  Import took 0.381448 seconds .

========================================================================
Received Import Request.
  Time since last request: 119.104654 seconds.
  path: Assets/Animations/NPCS/Chief@Idle.fbx
  artifactKey: Guid(523a4f4baa8d18e449d86fd7468b9086) Importer(815301076,1909f56bfc062723c751e8b465ee728b)
Start importing Assets/Animations/NPCS/Chief@Idle.fbx using Guid(523a4f4baa8d18e449d86fd7468b9086) Importer(815301076,1909f56bfc062723c751e8b465ee728b)  -> (artifact id: 'd9a17cb7fa41d1cdeb41df75c67d0cbe') in 0.088507 seconds
  Import took 0.100853 seconds .

========================================================================
Received Import Request.
  Time since last request: 177.648914 seconds.
  path: Assets/Animations/NPCS/Chief@Idle.fbx
  artifactKey: Guid(523a4f4baa8d18e449d86fd7468b9086) Importer(815301076,1909f56bfc062723c751e8b465ee728b)
Start importing Assets/Animations/NPCS/Chief@Idle.fbx using Guid(523a4f4baa8d18e449d86fd7468b9086) Importer(815301076,1909f56bfc062723c751e8b465ee728b)  -> (artifact id: 'fcc4aae5f8b1bb19d7831fa95bdb042c') in 0.087885 seconds
  Import took 0.104276 seconds .

========================================================================
Received Import Request.
  Time since last request: 176.109725 seconds.
  path: Assets/Animations/NPCS/ChiefIdle.controller
  artifactKey: Guid(f52681b2d006f304fb3377fd3b84a1ce) Importer(815301076,1909f56bfc062723c751e8b465ee728b)
Start importing Assets/Animations/NPCS/ChiefIdle.controller using Guid(f52681b2d006f304fb3377fd3b84a1ce) Importer(815301076,1909f56bfc062723c751e8b465ee728b)  -> (artifact id: '521733b15075f8342b90b9ef2b6a9692') in 0.010400 seconds
  Import took 0.014030 seconds .

========================================================================
Received Import Request.
  Time since last request: 279.421737 seconds.
  path: Assets/3DModels/NPCS/Chief.fbx
  artifactKey: Guid(2530b4689fe90a340b6e902213ab3ac0) Importer(815301076,1909f56bfc062723c751e8b465ee728b)
Start importing Assets/3DModels/NPCS/Chief.fbx using Guid(2530b4689fe90a340b6e902213ab3ac0) Importer(815301076,1909f56bfc062723c751e8b465ee728b)  -> (artifact id: '7b3afc437f3adafcbd28644b5f0ddce6') in 0.072098 seconds
  Import took 0.244869 seconds .

========================================================================
Received Import Request.
  Time since last request: 0.014222 seconds.
  path: Assets/3DModels/NPCS/Chief.fbx
  artifactKey: Guid(2530b4689fe90a340b6e902213ab3ac0) Importer(815301076,1909f56bfc062723c751e8b465ee728b)
Start importing Assets/3DModels/NPCS/Chief.fbx using Guid(2530b4689fe90a340b6e902213ab3ac0) Importer(815301076,1909f56bfc062723c751e8b465ee728b)  -> (artifact id: '7b3afc437f3adafcbd28644b5f0ddce6') in 0.082109 seconds
  Import took 0.085690 seconds .

========================================================================
Received Prepare
Registering precompiled user dll's ...
Registered in 0.001256 seconds.
Begin MonoManager ReloadAssembly
Symbol file data-000001BA07567F40 doesn't match image C:\Users\T-Gamer\Documents\GitHub\TCC\Projeto 5\Library\ScriptAssemblies\Unity.2D.Animation.Editor.dll
Symbol file LoadedFromMemory is not a mono symbol file
Symbol file data-000001BA0ECD47F0 doesn't match image C:\Users\T-Gamer\Documents\GitHub\TCC\Projeto 5\Library\ScriptAssemblies\Unity.InternalAPIEngineBridge.001.dll
Symbol file LoadedFromMemory is not a mono symbol file
Symbol file data-000001BA072F9520 doesn't match image C:\Users\T-Gamer\Documents\GitHub\TCC\Projeto 5\Library\ScriptAssemblies\Unity.VSCode.Editor.dll
Symbol file LoadedFromMemory is not a mono symbol file
Symbol file data-000001BA0D88D010 doesn't match image C:\Users\T-Gamer\Documents\GitHub\TCC\Projeto 5\Library\ScriptAssemblies\Unity.2D.PixelPerfect.dll
Symbol file LoadedFromMemory is not a mono symbol file
Symbol file data-000001BA0B9A0990 doesn't match image C:\Users\T-Gamer\Documents\GitHub\TCC\Projeto 5\Library\ScriptAssemblies\PsdPlugin.dll
Symbol file LoadedFromMemory is not a mono symbol file
Symbol file data-000001BA0E475030 doesn't match image C:\Users\T-Gamer\Documents\GitHub\TCC\Projeto 5\Library\ScriptAssemblies\Unity.TextMeshPro.Editor.dll
Symbol file LoadedFromMemory is not a mono symbol file
Symbol file data-000001BA0762E010 doesn't match image C:\Users\T-Gamer\Documents\GitHub\TCC\Projeto 5\Library\ScriptAssemblies\Unity.VisualStudio.Editor.dll
Symbol file LoadedFromMemory is not a mono symbol file
Symbol file data-000001BA0B9A0990 doesn't match image C:\Users\T-Gamer\Documents\GitHub\TCC\Projeto 5\Library\ScriptAssemblies\UnityEngine.TestRunner.dll
Symbol file LoadedFromMemory is not a mono symbol file
Symbol file data-000001BA0E475030 doesn't match image C:\Users\T-Gamer\Documents\GitHub\TCC\Projeto 5\Library\ScriptAssemblies\Unity.Timeline.dll
Symbol file LoadedFromMemory is not a mono symbol file
Symbol file data-000001BA0D296BF0 doesn't match image C:\Users\T-Gamer\Documents\GitHub\TCC\Projeto 5\Library\ScriptAssemblies\Unity.TextMeshPro.dll
Symbol file LoadedFromMemory is not a mono symbol file
Symbol file data-000001BA0BB5D020 doesn't match image C:\Users\T-Gamer\Documents\GitHub\TCC\Projeto 5\Library\ScriptAssemblies\UnityEditor.TestRunner.dll
Symbol file LoadedFromMemory is not a mono symbol file
Symbol file data-000001BA07355220 doesn't match image C:\Users\T-Gamer\Documents\GitHub\TCC\Projeto 5\Library\ScriptAssemblies\Unity.2D.IK.Editor.dll
Symbol file LoadedFromMemory is not a mono symbol file
Symbol file data-000001BA0C71C620 doesn't match image C:\Users\T-Gamer\Documents\GitHub\TCC\Projeto 5\Library\ScriptAssemblies\Unity.2D.Psdimporter.Editor.dll
Symbol file LoadedFromMemory is not a mono symbol file
Symbol file data-000001BA0C71C620 doesn't match image C:\Users\T-Gamer\Documents\GitHub\TCC\Projeto 5\Library\ScriptAssemblies\Unity.2D.Path.Editor.dll
Symbol file LoadedFromMemory is not a mono symbol file
Symbol file data-000001BA0D276020 doesn't match image C:\Users\T-Gamer\Documents\GitHub\TCC\Projeto 5\Library\ScriptAssemblies\Unity.InternalAPIEditorBridge.001.dll
Symbol file LoadedFromMemory is not a mono symbol file
Symbol file data-000001BA0B999A00 doesn't match image C:\Users\T-Gamer\Documents\GitHub\TCC\Projeto 5\Library\ScriptAssemblies\Unity.Rider.Editor.dll
Symbol file LoadedFromMemory is not a mono symbol file
Symbol file data-000001BA0BAFD020 doesn't match image C:\Users\T-Gamer\Documents\GitHub\TCC\Projeto 5\Library\ScriptAssemblies\Unity.Mathematics.dll
Symbol file LoadedFromMemory is not a mono symbol file
Symbol file data-000001BA072F9520 doesn't match image C:\Users\T-Gamer\Documents\GitHub\TCC\Projeto 5\Library\ScriptAssemblies\Unity.2D.IK.Runtime.dll
Symbol file LoadedFromMemory is not a mono symbol file
Symbol file data-000001BA07498020 doesn't match image C:\Users\T-Gamer\Documents\GitHub\TCC\Projeto 5\Library\ScriptAssemblies\Unity.2D.Animation.Triangle.Runtime.dll
Symbol file LoadedFromMemory is not a mono symbol file
Symbol file data-000001BA07564420 doesn't match image C:\Users\T-Gamer\Documents\GitHub\TCC\Projeto 5\Library\ScriptAssemblies\Unity.2D.Animation.Runtime.dll
Symbol file LoadedFromMemory is not a mono symbol file
Symbol file data-000001BA07064010 doesn't match image C:\Users\T-Gamer\Documents\GitHub\TCC\Projeto 5\Library\ScriptAssemblies\Unity.2D.PixelPerfect.Editor.dll
Symbol file LoadedFromMemory is not a mono symbol file
Symbol file data-000001BA0C465020 doesn't match image C:\Users\T-Gamer\Documents\GitHub\TCC\Projeto 5\Library\ScriptAssemblies\Unity.Timeline.Editor.dll
Symbol file LoadedFromMemory is not a mono symbol file
Symbol file data-000001BA0BC6A040 doesn't match image C:\Users\T-Gamer\Documents\GitHub\TCC\Projeto 5\Library\ScriptAssemblies\Unity.CollabProxy.Editor.dll
Symbol file LoadedFromMemory is not a mono symbol file
Symbol file data-000001BA0B99E410 doesn't match image C:\Users\T-Gamer\Documents\GitHub\TCC\Projeto 5\Library\ScriptAssemblies\Unity.Mathematics.Editor.dll
Symbol file LoadedFromMemory is not a mono symbol file
Symbol file data-000001BA0791F5B0 doesn't match image C:\Users\T-Gamer\Documents\GitHub\TCC\Projeto 5\Library\ScriptAssemblies\Unity.2D.Common.Runtime.dll
Symbol file LoadedFromMemory is not a mono symbol file
Symbol file data-000001BA0BA48010 doesn't match image C:\Users\T-Gamer\Documents\GitHub\TCC\Projeto 5\Library\ScriptAssemblies\Unity.2D.SpriteShape.Editor.dll
Symbol file LoadedFromMemory is not a mono symbol file
Symbol file data-000001BA0ECDC7C0 doesn't match image C:\Users\T-Gamer\Documents\GitHub\TCC\Projeto 5\Library\ScriptAssemblies\Unity.2D.Common.Editor.dll
Symbol file LoadedFromMemory is not a mono symbol file
Symbol file data-000001BA0BC6A040 doesn't match image C:\Users\T-Gamer\Documents\GitHub\TCC\Projeto 5\Library\ScriptAssemblies\Unity.2D.SpriteShape.Runtime.dll
Symbol file LoadedFromMemory is not a mono symbol file
Native extension for LinuxStandalone target not found
Native extension for WindowsStandalone target not found
Native extension for OSXStandalone target not found
Native extension for WebGL target not found
Refreshing native plugins compatible for Editor in 0.46 ms, found 1 plugins.
Preloading 0 native plugins for Editor in 0.00 ms.
Invoked RoslynAnalysisRunner static constructor.
RoslynAnalysisRunner will not be running.
RoslynAnalysisRunner has terminated.
Mono: successfully reloaded assembly
- Completed reload, in  0.992 seconds
Platform modules already initialized, skipping
Refreshing native plugins compatible for Editor in 0.47 ms, found 1 plugins.
Preloading 0 native plugins for Editor in 0.00 ms.
Unloading 1857 Unused Serialized files (Serialized files now loaded: 0)
System memory in use before: 94.0 MB.
System memory in use after: 94.1 MB.

Unloading 9 unused Assets to reduce memory usage. Loaded Objects now: 2366.
Total: 2.174600 ms (FindLiveObjects: 0.209100 ms CreateObjectMapping: 0.050900 ms MarkObjects: 1.891300 ms  DeleteObjects: 0.022300 ms)

========================================================================
Received Import Request.
  Time since last request: 63.045158 seconds.
  path: Assets/Scenes/Tutorial.unity
  artifactKey: Guid(2cda990e2423bbf4892e6590ba056729) Importer(815301076,1909f56bfc062723c751e8b465ee728b)
Start importing Assets/Scenes/Tutorial.unity using Guid(2cda990e2423bbf4892e6590ba056729) Importer(815301076,1909f56bfc062723c751e8b465ee728b)  -> (artifact id: '2fdb4e16d38a56febc4f9987a633a24a') in 0.128182 seconds
  Import took 0.131586 seconds .

========================================================================
Received Import Request.
  Time since last request: 229.473793 seconds.
  path: Assets/Scenes/FaseEsgoto 3-A.unity
  artifactKey: Guid(1fea1e7488b18314b9f423a883251bd9) Importer(815301076,1909f56bfc062723c751e8b465ee728b)
Start importing Assets/Scenes/FaseEsgoto 3-A.unity using Guid(1fea1e7488b18314b9f423a883251bd9) Importer(815301076,1909f56bfc062723c751e8b465ee728b)  -> (artifact id: 'b8b38831470ebe6766412f996f6ba9a6') in 0.030774 seconds
  Import took 0.034381 seconds .

========================================================================
Received Prepare
Registering precompiled user dll's ...
Registered in 0.001204 seconds.
Begin MonoManager ReloadAssembly
Symbol file data-000001BA0F686420 doesn't match image C:\Users\T-Gamer\Documents\GitHub\TCC\Projeto 5\Library\ScriptAssemblies\Unity.2D.Animation.Editor.dll
Symbol file LoadedFromMemory is not a mono symbol file
Symbol file data-000001BA0ECD6890 doesn't match image C:\Users\T-Gamer\Documents\GitHub\TCC\Projeto 5\Library\ScriptAssemblies\Unity.InternalAPIEngineBridge.001.dll
Symbol file LoadedFromMemory is not a mono symbol file
Symbol file data-000001BA0F43A3B0 doesn't match image C:\Users\T-Gamer\Documents\GitHub\TCC\Projeto 5\Library\ScriptAssemblies\Unity.VSCode.Editor.dll
Symbol file LoadedFromMemory is not a mono symbol file
Symbol file data-000001BA0FEE7010 doesn't match image C:\Users\T-Gamer\Documents\GitHub\TCC\Projeto 5\Library\ScriptAssemblies\Unity.2D.PixelPerfect.dll
Symbol file LoadedFromMemory is not a mono symbol file
Symbol file data-000001BA0F221770 doesn't match image C:\Users\T-Gamer\Documents\GitHub\TCC\Projeto 5\Library\ScriptAssemblies\PsdPlugin.dll
Symbol file LoadedFromMemory is not a mono symbol file
Symbol file data-000001BA078B6830 doesn't match image C:\Users\T-Gamer\Documents\GitHub\TCC\Projeto 5\Library\ScriptAssemblies\Unity.TextMeshPro.Editor.dll
Symbol file LoadedFromMemory is not a mono symbol file
Symbol file data-000001BA100E3600 doesn't match image C:\Users\T-Gamer\Documents\GitHub\TCC\Projeto 5\Library\ScriptAssemblies\Unity.VisualStudio.Editor.dll
Symbol file LoadedFromMemory is not a mono symbol file
Symbol file data-000001BA0EAA1200 doesn't match image C:\Users\T-Gamer\Documents\GitHub\TCC\Projeto 5\Library\ScriptAssemblies\UnityEngine.TestRunner.dll
Symbol file LoadedFromMemory is not a mono symbol file
Symbol file data-000001BA0EB92120 doesn't match image C:\Users\T-Gamer\Documents\GitHub\TCC\Projeto 5\Library\ScriptAssemblies\Unity.Timeline.dll
Symbol file LoadedFromMemory is not a mono symbol file
Symbol file data-000001BA0D296BF0 doesn't match image C:\Users\T-Gamer\Documents\GitHub\TCC\Projeto 5\Library\ScriptAssemblies\Unity.TextMeshPro.dll
Symbol file LoadedFromMemory is not a mono symbol file
Symbol file data-000001BA0BB5D020 doesn't match image C:\Users\T-Gamer\Documents\GitHub\TCC\Projeto 5\Library\ScriptAssemblies\UnityEditor.TestRunner.dll
Symbol file LoadedFromMemory is not a mono symbol file
Symbol file data-000001BA0E37CC60 doesn't match image C:\Users\T-Gamer\Documents\GitHub\TCC\Projeto 5\Library\ScriptAssemblies\Unity.2D.IK.Editor.dll
Symbol file LoadedFromMemory is not a mono symbol file
Symbol file data-000001BA0F171F00 doesn't match image C:\Users\T-Gamer\Documents\GitHub\TCC\Projeto 5\Library\ScriptAssemblies\Unity.2D.Psdimporter.Editor.dll
Symbol file LoadedFromMemory is not a mono symbol file
Symbol file data-000001BA1087CA00 doesn't match image C:\Users\T-Gamer\Documents\GitHub\TCC\Projeto 5\Library\ScriptAssemblies\Unity.2D.Path.Editor.dll
Symbol file LoadedFromMemory is not a mono symbol file
Symbol file data-000001BA0C80E4B0 doesn't match image C:\Users\T-Gamer\Documents\GitHub\TCC\Projeto 5\Library\ScriptAssemblies\Unity.InternalAPIEditorBridge.001.dll
Symbol file LoadedFromMemory is not a mono symbol file
Symbol file data-000001BA0E8F7190 doesn't match image C:\Users\T-Gamer\Documents\GitHub\TCC\Projeto 5\Library\ScriptAssemblies\Unity.Rider.Editor.dll
Symbol file LoadedFromMemory is not a mono symbol file
Symbol file data-000001BA0F2D0FB0 doesn't match image C:\Users\T-Gamer\Documents\GitHub\TCC\Projeto 5\Library\ScriptAssemblies\Unity.Mathematics.dll
Symbol file LoadedFromMemory is not a mono symbol file
Symbol file data-000001BA108A6CF0 doesn't match image C:\Users\T-Gamer\Documents\GitHub\TCC\Projeto 5\Library\ScriptAssemblies\Unity.2D.IK.Runtime.dll
Symbol file LoadedFromMemory is not a mono symbol file
Symbol file data-000001BA0E545010 doesn't match image C:\Users\T-Gamer\Documents\GitHub\TCC\Projeto 5\Library\ScriptAssemblies\Unity.2D.Animation.Triangle.Runtime.dll
Symbol file LoadedFromMemory is not a mono symbol file
Symbol file data-000001BA0F65DA70 doesn't match image C:\Users\T-Gamer\Documents\GitHub\TCC\Projeto 5\Library\ScriptAssemblies\Unity.2D.Animation.Runtime.dll
Symbol file LoadedFromMemory is not a mono symbol file
Symbol file data-000001BA0E848310 doesn't match image C:\Users\T-Gamer\Documents\GitHub\TCC\Projeto 5\Library\ScriptAssemblies\Unity.2D.PixelPerfect.Editor.dll
Symbol file LoadedFromMemory is not a mono symbol file
Symbol file data-000001BA10B14F00 doesn't match image C:\Users\T-Gamer\Documents\GitHub\TCC\Projeto 5\Library\ScriptAssemblies\Unity.Timeline.Editor.dll
Symbol file LoadedFromMemory is not a mono symbol file
Symbol file data-000001BA0EBA04B0 doesn't match image C:\Users\T-Gamer\Documents\GitHub\TCC\Projeto 5\Library\ScriptAssemblies\Unity.CollabProxy.Editor.dll
Symbol file LoadedFromMemory is not a mono symbol file
Symbol file data-000001BA01ED2AD0 doesn't match image C:\Users\T-Gamer\Documents\GitHub\TCC\Projeto 5\Library\ScriptAssemblies\Unity.Mathematics.Editor.dll
Symbol file LoadedFromMemory is not a mono symbol file
Symbol file data-000001BA10628060 doesn't match image C:\Users\T-Gamer\Documents\GitHub\TCC\Projeto 5\Library\ScriptAssemblies\Unity.2D.Common.Runtime.dll
Symbol file LoadedFromMemory is not a mono symbol file
Symbol file data-000001BA0FFBF840 doesn't match image C:\Users\T-Gamer\Documents\GitHub\TCC\Projeto 5\Library\ScriptAssemblies\Unity.2D.SpriteShape.Editor.dll
Symbol file LoadedFromMemory is not a mono symbol file
Symbol file data-000001BA10C28850 doesn't match image C:\Users\T-Gamer\Documents\GitHub\TCC\Projeto 5\Library\ScriptAssemblies\Unity.2D.Common.Editor.dll
Symbol file LoadedFromMemory is not a mono symbol file
Symbol file data-000001BA0F7ADE70 doesn't match image C:\Users\T-Gamer\Documents\GitHub\TCC\Projeto 5\Library\ScriptAssemblies\Unity.2D.SpriteShape.Runtime.dll
Symbol file LoadedFromMemory is not a mono symbol file
Native extension for LinuxStandalone target not found
Native extension for WindowsStandalone target not found
Native extension for OSXStandalone target not found
Native extension for WebGL target not found
Refreshing native plugins compatible for Editor in 0.44 ms, found 1 plugins.
Preloading 0 native plugins for Editor in 0.00 ms.
Invoked RoslynAnalysisRunner static constructor.
RoslynAnalysisRunner will not be running.
RoslynAnalysisRunner has terminated.
Mono: successfully reloaded assembly
- Completed reload, in  0.962 seconds
Platform modules already initialized, skipping
Refreshing native plugins compatible for Editor in 0.46 ms, found 1 plugins.
Preloading 0 native plugins for Editor in 0.00 ms.
Unloading 1857 Unused Serialized files (Serialized files now loaded: 0)
System memory in use before: 94.0 MB.
System memory in use after: 94.2 MB.

Unloading 8 unused Assets to reduce memory usage. Loaded Objects now: 2369.
Total: 2.315800 ms (FindLiveObjects: 0.245900 ms CreateObjectMapping: 0.050900 ms MarkObjects: 1.998700 ms  DeleteObjects: 0.018800 ms)

========================================================================
Received Prepare
Registering precompiled user dll's ...
Registered in 0.001218 seconds.
Begin MonoManager ReloadAssembly
Symbol file data-000001BA07567F40 doesn't match image C:\Users\T-Gamer\Documents\GitHub\TCC\Projeto 5\Library\ScriptAssemblies\Unity.2D.Animation.Editor.dll
Symbol file LoadedFromMemory is not a mono symbol file
Symbol file data-000001BA0ECD5670 doesn't match image C:\Users\T-Gamer\Documents\GitHub\TCC\Projeto 5\Library\ScriptAssemblies\Unity.InternalAPIEngineBridge.001.dll
Symbol file LoadedFromMemory is not a mono symbol file
Symbol file data-000001BA0EA32D80 doesn't match image C:\Users\T-Gamer\Documents\GitHub\TCC\Projeto 5\Library\ScriptAssemblies\Unity.VSCode.Editor.dll
Symbol file LoadedFromMemory is not a mono symbol file
Symbol file data-000001BA108EE020 doesn't match image C:\Users\T-Gamer\Documents\GitHub\TCC\Projeto 5\Library\ScriptAssemblies\Unity.2D.PixelPerfect.dll
Symbol file LoadedFromMemory is not a mono symbol file
Symbol file data-000001BA0E9CBA10 doesn't match image C:\Users\T-Gamer\Documents\GitHub\TCC\Projeto 5\Library\ScriptAssemblies\PsdPlugin.dll
Symbol file LoadedFromMemory is not a mono symbol file
Symbol file data-000001BA0F6A6430 doesn't match image C:\Users\T-Gamer\Documents\GitHub\TCC\Projeto 5\Library\ScriptAssemblies\Unity.TextMeshPro.Editor.dll
Symbol file LoadedFromMemory is not a mono symbol file
Symbol file data-000001BA100E3600 doesn't match image C:\Users\T-Gamer\Documents\GitHub\TCC\Projeto 5\Library\ScriptAssemblies\Unity.VisualStudio.Editor.dll
Symbol file LoadedFromMemory is not a mono symbol file
Symbol file data-000001BA0FCC2A80 doesn't match image C:\Users\T-Gamer\Documents\GitHub\TCC\Projeto 5\Library\ScriptAssemblies\UnityEngine.TestRunner.dll
Symbol file LoadedFromMemory is not a mono symbol file
Symbol file data-000001BA0E7E8010 doesn't match image C:\Users\T-Gamer\Documents\GitHub\TCC\Projeto 5\Library\ScriptAssemblies\Unity.Timeline.dll
Symbol file LoadedFromMemory is not a mono symbol file
Symbol file data-000001BA0D296BF0 doesn't match image C:\Users\T-Gamer\Documents\GitHub\TCC\Projeto 5\Library\ScriptAssemblies\Unity.TextMeshPro.dll
Symbol file LoadedFromMemory is not a mono symbol file
Symbol file data-000001BA10634EE0 doesn't match image C:\Users\T-Gamer\Documents\GitHub\TCC\Projeto 5\Library\ScriptAssemblies\UnityEditor.TestRunner.dll
Symbol file LoadedFromMemory is not a mono symbol file
Symbol file data-000001BA0EA32D80 doesn't match image C:\Users\T-Gamer\Documents\GitHub\TCC\Projeto 5\Library\ScriptAssemblies\Unity.2D.IK.Editor.dll
Symbol file LoadedFromMemory is not a mono symbol file
Symbol file data-000001BA0F171F00 doesn't match image C:\Users\T-Gamer\Documents\GitHub\TCC\Projeto 5\Library\ScriptAssemblies\Unity.2D.Psdimporter.Editor.dll
Symbol file LoadedFromMemory is not a mono symbol file
Symbol file data-000001BA1087CA00 doesn't match image C:\Users\T-Gamer\Documents\GitHub\TCC\Projeto 5\Library\ScriptAssemblies\Unity.2D.Path.Editor.dll
Symbol file LoadedFromMemory is not a mono symbol file
Symbol file data-000001BA0E7D20F0 doesn't match image C:\Users\T-Gamer\Documents\GitHub\TCC\Projeto 5\Library\ScriptAssemblies\Unity.InternalAPIEditorBridge.001.dll
Symbol file LoadedFromMemory is not a mono symbol file
Symbol file data-000001BA078D5DE0 doesn't match image C:\Users\T-Gamer\Documents\GitHub\TCC\Projeto 5\Library\ScriptAssemblies\Unity.Rider.Editor.dll
Symbol file LoadedFromMemory is not a mono symbol file
Symbol file data-000001BA0FCD0D30 doesn't match image C:\Users\T-Gamer\Documents\GitHub\TCC\Projeto 5\Library\ScriptAssemblies\Unity.Mathematics.dll
Symbol file LoadedFromMemory is not a mono symbol file
Symbol file data-000001BA0EA32D80 doesn't match image C:\Users\T-Gamer\Documents\GitHub\TCC\Projeto 5\Library\ScriptAssemblies\Unity.2D.IK.Runtime.dll
Symbol file LoadedFromMemory is not a mono symbol file
Symbol file data-000001BA0C2C6920 doesn't match image C:\Users\T-Gamer\Documents\GitHub\TCC\Projeto 5\Library\ScriptAssemblies\Unity.2D.Animation.Triangle.Runtime.dll
Symbol file LoadedFromMemory is not a mono symbol file
Symbol file data-000001BA0B96DE20 doesn't match image C:\Users\T-Gamer\Documents\GitHub\TCC\Projeto 5\Library\ScriptAssemblies\Unity.2D.Animation.Runtime.dll
Symbol file LoadedFromMemory is not a mono symbol file
Symbol file data-000001BA0EB01270 doesn't match image C:\Users\T-Gamer\Documents\GitHub\TCC\Projeto 5\Library\ScriptAssemblies\Unity.2D.PixelPerfect.Editor.dll
Symbol file LoadedFromMemory is not a mono symbol file
Symbol file data-000001BA0D796F90 doesn't match image C:\Users\T-Gamer\Documents\GitHub\TCC\Projeto 5\Library\ScriptAssemblies\Unity.Timeline.Editor.dll
Symbol file LoadedFromMemory is not a mono symbol file
Symbol file data-000001BA0EBA04B0 doesn't match image C:\Users\T-Gamer\Documents\GitHub\TCC\Projeto 5\Library\ScriptAssemblies\Unity.CollabProxy.Editor.dll
Symbol file LoadedFromMemory is not a mono symbol file
Symbol file data-000001BA0E5A5660 doesn't match image C:\Users\T-Gamer\Documents\GitHub\TCC\Projeto 5\Library\ScriptAssemblies\Unity.Mathematics.Editor.dll
Symbol file LoadedFromMemory is not a mono symbol file
Symbol file data-000001BA106283E0 doesn't match image C:\Users\T-Gamer\Documents\GitHub\TCC\Projeto 5\Library\ScriptAssemblies\Unity.2D.Common.Runtime.dll
Symbol file LoadedFromMemory is not a mono symbol file
Symbol file data-000001BA0FFBF840 doesn't match image C:\Users\T-Gamer\Documents\GitHub\TCC\Projeto 5\Library\ScriptAssemblies\Unity.2D.SpriteShape.Editor.dll
Symbol file LoadedFromMemory is not a mono symbol file
Symbol file data-000001BA0EA32D80 doesn't match image C:\Users\T-Gamer\Documents\GitHub\TCC\Projeto 5\Library\ScriptAssemblies\Unity.2D.Common.Editor.dll
Symbol file LoadedFromMemory is not a mono symbol file
Symbol file data-000001BA0C132010 doesn't match image C:\Users\T-Gamer\Documents\GitHub\TCC\Projeto 5\Library\ScriptAssemblies\Unity.2D.SpriteShape.Runtime.dll
Symbol file LoadedFromMemory is not a mono symbol file
Native extension for LinuxStandalone target not found
Native extension for WindowsStandalone target not found
Native extension for OSXStandalone target not found
Native extension for WebGL target not found
Refreshing native plugins compatible for Editor in 0.44 ms, found 1 plugins.
Preloading 0 native plugins for Editor in 0.00 ms.
Invoked RoslynAnalysisRunner static constructor.
RoslynAnalysisRunner will not be running.
RoslynAnalysisRunner has terminated.
Mono: successfully reloaded assembly
- Completed reload, in  0.954 seconds
Platform modules already initialized, skipping
Refreshing native plugins compatible for Editor in 0.44 ms, found 1 plugins.
Preloading 0 native plugins for Editor in 0.00 ms.
Unloading 1857 Unused Serialized files (Serialized files now loaded: 0)
System memory in use before: 94.1 MB.
System memory in use after: 94.2 MB.

Unloading 8 unused Assets to reduce memory usage. Loaded Objects now: 2372.
Total: 2.450600 ms (FindLiveObjects: 0.297600 ms CreateObjectMapping: 0.051600 ms MarkObjects: 2.078600 ms  DeleteObjects: 0.020300 ms)

========================================================================
Received Prepare
Registering precompiled user dll's ...
Registered in 0.001247 seconds.
Begin MonoManager ReloadAssembly
Symbol file data-000001BA0F686420 doesn't match image C:\Users\T-Gamer\Documents\GitHub\TCC\Projeto 5\Library\ScriptAssemblies\Unity.2D.Animation.Editor.dll
Symbol file LoadedFromMemory is not a mono symbol file
Symbol file data-000001BA0ECD5DB0 doesn't match image C:\Users\T-Gamer\Documents\GitHub\TCC\Projeto 5\Library\ScriptAssemblies\Unity.InternalAPIEngineBridge.001.dll
Symbol file LoadedFromMemory is not a mono symbol file
Symbol file data-000001BA0EC4C4C0 doesn't match image C:\Users\T-Gamer\Documents\GitHub\TCC\Projeto 5\Library\ScriptAssemblies\Unity.VSCode.Editor.dll
Symbol file LoadedFromMemory is not a mono symbol file
Symbol file data-000001BA0FEE7010 doesn't match image C:\Users\T-Gamer\Documents\GitHub\TCC\Projeto 5\Library\ScriptAssemblies\Unity.2D.PixelPerfect.dll
Symbol file LoadedFromMemory is not a mono symbol file
Symbol file data-000001BA072629B0 doesn't match image C:\Users\T-Gamer\Documents\GitHub\TCC\Projeto 5\Library\ScriptAssemblies\PsdPlugin.dll
Symbol file LoadedFromMemory is not a mono symbol file
Symbol file data-000001BA078B6830 doesn't match image C:\Users\T-Gamer\Documents\GitHub\TCC\Projeto 5\Library\ScriptAssemblies\Unity.TextMeshPro.Editor.dll
Symbol file LoadedFromMemory is not a mono symbol file
Symbol file data-000001BA0C808080 doesn't match image C:\Users\T-Gamer\Documents\GitHub\TCC\Projeto 5\Library\ScriptAssemblies\Unity.VisualStudio.Editor.dll
Symbol file LoadedFromMemory is not a mono symbol file
Symbol file data-000001BA0D660020 doesn't match image C:\Users\T-Gamer\Documents\GitHub\TCC\Projeto 5\Library\ScriptAssemblies\UnityEngine.TestRunner.dll
Symbol file LoadedFromMemory is not a mono symbol file
Symbol file data-000001BA0E7E8010 doesn't match image C:\Users\T-Gamer\Documents\GitHub\TCC\Projeto 5\Library\ScriptAssemblies\Unity.Timeline.dll
Symbol file LoadedFromMemory is not a mono symbol file
Symbol file data-000001BA0D296BF0 doesn't match image C:\Users\T-Gamer\Documents\GitHub\TCC\Projeto 5\Library\ScriptAssemblies\Unity.TextMeshPro.dll
Symbol file LoadedFromMemory is not a mono symbol file
Symbol file data-000001BA32AAD040 doesn't match image C:\Users\T-Gamer\Documents\GitHub\TCC\Projeto 5\Library\ScriptAssemblies\UnityEditor.TestRunner.dll
Symbol file LoadedFromMemory is not a mono symbol file
Symbol file data-000001BA0CFDE090 doesn't match image C:\Users\T-Gamer\Documents\GitHub\TCC\Projeto 5\Library\ScriptAssemblies\Unity.2D.IK.Editor.dll
Symbol file LoadedFromMemory is not a mono symbol file
Symbol file data-000001BA0C32C520 doesn't match image C:\Users\T-Gamer\Documents\GitHub\TCC\Projeto 5\Library\ScriptAssemblies\Unity.2D.Psdimporter.Editor.dll
Symbol file LoadedFromMemory is not a mono symbol file
Symbol file data-000001BA0E8AB2C0 doesn't match image C:\Users\T-Gamer\Documents\GitHub\TCC\Projeto 5\Library\ScriptAssemblies\Unity.2D.Path.Editor.dll
Symbol file LoadedFromMemory is not a mono symbol file
Symbol file data-000001BA076AB500 doesn't match image C:\Users\T-Gamer\Documents\GitHub\TCC\Projeto 5\Library\ScriptAssemblies\Unity.InternalAPIEditorBridge.001.dll
Symbol file LoadedFromMemory is not a mono symbol file
Symbol file data-000001BA0E8F7190 doesn't match image C:\Users\T-Gamer\Documents\GitHub\TCC\Projeto 5\Library\ScriptAssemblies\Unity.Rider.Editor.dll
Symbol file LoadedFromMemory is not a mono symbol file
Symbol file data-000001BA0B863010 doesn't match image C:\Users\T-Gamer\Documents\GitHub\TCC\Projeto 5\Library\ScriptAssemblies\Unity.Mathematics.dll
Symbol file LoadedFromMemory is not a mono symbol file
Symbol file data-000001BA0E91BFF0 doesn't match image C:\Users\T-Gamer\Documents\GitHub\TCC\Projeto 5\Library\ScriptAssemblies\Unity.2D.IK.Runtime.dll
Symbol file LoadedFromMemory is not a mono symbol file
Symbol file data-000001BA0CCDE020 doesn't match image C:\Users\T-Gamer\Documents\GitHub\TCC\Projeto 5\Library\ScriptAssemblies\Unity.2D.Animation.Triangle.Runtime.dll
Symbol file LoadedFromMemory is not a mono symbol file
Symbol file data-000001BA1065A2E0 doesn't match image C:\Users\T-Gamer\Documents\GitHub\TCC\Projeto 5\Library\ScriptAssemblies\Unity.2D.Animation.Runtime.dll
Symbol file LoadedFromMemory is not a mono symbol file
Symbol file data-000001BA1132EA80 doesn't match image C:\Users\T-Gamer\Documents\GitHub\TCC\Projeto 5\Library\ScriptAssemblies\Unity.2D.PixelPerfect.Editor.dll
Symbol file LoadedFromMemory is not a mono symbol file
Symbol file data-000001BA108A8EE0 doesn't match image C:\Users\T-Gamer\Documents\GitHub\TCC\Projeto 5\Library\ScriptAssemblies\Unity.Timeline.Editor.dll
Symbol file LoadedFromMemory is not a mono symbol file
Symbol file data-000001BA0D660020 doesn't match image C:\Users\T-Gamer\Documents\GitHub\TCC\Projeto 5\Library\ScriptAssemblies\Unity.CollabProxy.Editor.dll
Symbol file LoadedFromMemory is not a mono symbol file
Symbol file data-000001BA36132060 doesn't match image C:\Users\T-Gamer\Documents\GitHub\TCC\Projeto 5\Library\ScriptAssemblies\Unity.Mathematics.Editor.dll
Symbol file LoadedFromMemory is not a mono symbol file
Symbol file data-000001BA106283E0 doesn't match image C:\Users\T-Gamer\Documents\GitHub\TCC\Projeto 5\Library\ScriptAssemblies\Unity.2D.Common.Runtime.dll
Symbol file LoadedFromMemory is not a mono symbol file
Symbol file data-000001BA34161010 doesn't match image C:\Users\T-Gamer\Documents\GitHub\TCC\Projeto 5\Library\ScriptAssemblies\Unity.2D.SpriteShape.Editor.dll
Symbol file LoadedFromMemory is not a mono symbol file
Symbol file data-000001BA10625A30 doesn't match image C:\Users\T-Gamer\Documents\GitHub\TCC\Projeto 5\Library\ScriptAssemblies\Unity.2D.Common.Editor.dll
Symbol file LoadedFromMemory is not a mono symbol file
Symbol file data-000001BA0E8FD460 doesn't match image C:\Users\T-Gamer\Documents\GitHub\TCC\Projeto 5\Library\ScriptAssemblies\Unity.2D.SpriteShape.Runtime.dll
Symbol file LoadedFromMemory is not a mono symbol file
Native extension for LinuxStandalone target not found
Native extension for WindowsStandalone target not found
Native extension for OSXStandalone target not found
Native extension for WebGL target not found
Refreshing native plugins compatible for Editor in 0.43 ms, found 1 plugins.
Preloading 0 native plugins for Editor in 0.00 ms.
Invoked RoslynAnalysisRunner static constructor.
RoslynAnalysisRunner will not be running.
RoslynAnalysisRunner has terminated.
Mono: successfully reloaded assembly
- Completed reload, in  1.006 seconds
Platform modules already initialized, skipping
Refreshing native plugins compatible for Editor in 0.44 ms, found 1 plugins.
Preloading 0 native plugins for Editor in 0.00 ms.
Unloading 1857 Unused Serialized files (Serialized files now loaded: 0)
System memory in use before: 94.1 MB.
System memory in use after: 94.2 MB.

Unloading 8 unused Assets to reduce memory usage. Loaded Objects now: 2375.
Total: 2.115800 ms (FindLiveObjects: 0.224200 ms CreateObjectMapping: 0.050400 ms MarkObjects: 1.824000 ms  DeleteObjects: 0.016100 ms)

========================================================================
Received Import Request.
  Time since last request: 1166.049999 seconds.
  path: Assets/Scenes/FaseEsgoto 3-A.unity
  artifactKey: Guid(1fea1e7488b18314b9f423a883251bd9) Importer(815301076,1909f56bfc062723c751e8b465ee728b)
Start importing Assets/Scenes/FaseEsgoto 3-A.unity using Guid(1fea1e7488b18314b9f423a883251bd9) Importer(815301076,1909f56bfc062723c751e8b465ee728b)  -> (artifact id: 'ff28b6e5ee7e07f27f7dc971742e5609') in 0.036600 seconds
  Import took 0.052267 seconds .

========================================================================
Received Import Request.
  Time since last request: 92.279541 seconds.
  path: Assets/Scenes/FaseEsgoto 3-A.unity
  artifactKey: Guid(1fea1e7488b18314b9f423a883251bd9) Importer(815301076,1909f56bfc062723c751e8b465ee728b)
Start importing Assets/Scenes/FaseEsgoto 3-A.unity using Guid(1fea1e7488b18314b9f423a883251bd9) Importer(815301076,1909f56bfc062723c751e8b465ee728b)  -> (artifact id: '5315859414c9563c6c65f7b3b01e4257') in 0.003327 seconds
  Import took 0.040298 seconds .

========================================================================
Received Import Request.
  Time since last request: 4.731059 seconds.
  path: Assets/Scenes/FaseEsgoto 1-A.unity
  artifactKey: Guid(c01614fd7366afd488486fe5314baf52) Importer(815301076,1909f56bfc062723c751e8b465ee728b)
Start importing Assets/Scenes/FaseEsgoto 1-A.unity using Guid(c01614fd7366afd488486fe5314baf52) Importer(815301076,1909f56bfc062723c751e8b465ee728b)  -> (artifact id: '309b37187982194f578d33269c115db5') in 0.030936 seconds
  Import took 0.044130 seconds .

========================================================================
Received Import Request.
  Time since last request: 0.007332 seconds.
  path: Assets/Scenes/FaseEsgoto 1-A.unity
  artifactKey: Guid(c01614fd7366afd488486fe5314baf52) Importer(815301076,1909f56bfc062723c751e8b465ee728b)
Start importing Assets/Scenes/FaseEsgoto 1-A.unity using Guid(c01614fd7366afd488486fe5314baf52) Importer(815301076,1909f56bfc062723c751e8b465ee728b)  -> (artifact id: '309b37187982194f578d33269c115db5') in 0.003293 seconds
  Import took 0.006476 seconds .

========================================================================
Received Import Request.
  Time since last request: 247.814621 seconds.
  path: Assets/Scenes/FaseEsgoto 1-A.unity
  artifactKey: Guid(c01614fd7366afd488486fe5314baf52) Importer(815301076,1909f56bfc062723c751e8b465ee728b)
Start importing Assets/Scenes/FaseEsgoto 1-A.unity using Guid(c01614fd7366afd488486fe5314baf52) Importer(815301076,1909f56bfc062723c751e8b465ee728b)  -> (artifact id: '26cce960b1e6a18854aca216fcff6af9') in 0.003315 seconds
  Import took 0.039114 seconds .

========================================================================
Received Import Request.
  Time since last request: 1.223948 seconds.
  path: Assets/Scenes/FaseEsgoto 2-A.unity
  artifactKey: Guid(7b69a689622159e44b7704fd6fe01deb) Importer(815301076,1909f56bfc062723c751e8b465ee728b)
Start importing Assets/Scenes/FaseEsgoto 2-A.unity using Guid(7b69a689622159e44b7704fd6fe01deb) Importer(815301076,1909f56bfc062723c751e8b465ee728b)  -> (artifact id: 'd4df368be9be601df36c4106e80a2697') in 0.026608 seconds
  Import took 0.042212 seconds .

========================================================================
Received Import Request.
  Time since last request: 1.245460 seconds.
  path: Assets/Scenes/FaseEsgoto.unity
  artifactKey: Guid(57ad6624ae0963a40b16f2ff1131e415) Importer(815301076,1909f56bfc062723c751e8b465ee728b)
Start importing Assets/Scenes/FaseEsgoto.unity using Guid(57ad6624ae0963a40b16f2ff1131e415) Importer(815301076,1909f56bfc062723c751e8b465ee728b)  -> (artifact id: 'e281b739b13691826dfee7f1c006c7b2') in 0.024888 seconds
  Import took 0.028676 seconds .

========================================================================
Received Prepare
Registering precompiled user dll's ...
Registered in 0.026276 seconds.
Begin MonoManager ReloadAssembly
Symbol file data-000001BA10C51010 doesn't match image C:\Users\T-Gamer\Documents\GitHub\TCC\Projeto 5\Library\ScriptAssemblies\Unity.2D.Animation.Editor.dll
Symbol file LoadedFromMemory is not a mono symbol file
Symbol file data-000001BA0ECD7370 doesn't match image C:\Users\T-Gamer\Documents\GitHub\TCC\Projeto 5\Library\ScriptAssemblies\Unity.InternalAPIEngineBridge.001.dll
Symbol file LoadedFromMemory is not a mono symbol file
Symbol file data-000001BA0FCCA3D0 doesn't match image C:\Users\T-Gamer\Documents\GitHub\TCC\Projeto 5\Library\ScriptAssemblies\Unity.VSCode.Editor.dll
Symbol file LoadedFromMemory is not a mono symbol file
Symbol file data-000001BA11D3A1E0 doesn't match image C:\Users\T-Gamer\Documents\GitHub\TCC\Projeto 5\Library\ScriptAssemblies\Unity.2D.PixelPerfect.dll
Symbol file LoadedFromMemory is not a mono symbol file
Symbol file data-000001BA10571020 doesn't match image C:\Users\T-Gamer\Documents\GitHub\TCC\Projeto 5\Library\ScriptAssemblies\PsdPlugin.dll
Symbol file LoadedFromMemory is not a mono symbol file
Symbol file data-000001BA0F6A6430 doesn't match image C:\Users\T-Gamer\Documents\GitHub\TCC\Projeto 5\Library\ScriptAssemblies\Unity.TextMeshPro.Editor.dll
Symbol file LoadedFromMemory is not a mono symbol file
Symbol file data-000001BA10D49010 doesn't match image C:\Users\T-Gamer\Documents\GitHub\TCC\Projeto 5\Library\ScriptAssemblies\Unity.VisualStudio.Editor.dll
Symbol file LoadedFromMemory is not a mono symbol file
Symbol file data-000001BA0E8A9010 doesn't match image C:\Users\T-Gamer\Documents\GitHub\TCC\Projeto 5\Library\ScriptAssemblies\UnityEngine.TestRunner.dll
Symbol file LoadedFromMemory is not a mono symbol file
Symbol file data-000001BA0E7E8010 doesn't match image C:\Users\T-Gamer\Documents\GitHub\TCC\Projeto 5\Library\ScriptAssemblies\Unity.Timeline.dll
Symbol file LoadedFromMemory is not a mono symbol file
Symbol file data-000001BA0D296BF0 doesn't match image C:\Users\T-Gamer\Documents\GitHub\TCC\Projeto 5\Library\ScriptAssemblies\Unity.TextMeshPro.dll
Symbol file LoadedFromMemory is not a mono symbol file
Symbol file data-000001BA32C0A030 doesn't match image C:\Users\T-Gamer\Documents\GitHub\TCC\Projeto 5\Library\ScriptAssemblies\UnityEditor.TestRunner.dll
Symbol file LoadedFromMemory is not a mono symbol file
Symbol file data-000001BA0FCCA3D0 doesn't match image C:\Users\T-Gamer\Documents\GitHub\TCC\Projeto 5\Library\ScriptAssemblies\Unity.2D.IK.Editor.dll
Symbol file LoadedFromMemory is not a mono symbol file
Symbol file data-000001BA0F171E50 doesn't match image C:\Users\T-Gamer\Documents\GitHub\TCC\Projeto 5\Library\ScriptAssemblies\Unity.2D.Psdimporter.Editor.dll
Symbol file LoadedFromMemory is not a mono symbol file
Symbol file data-000001BA0F26C010 doesn't match image C:\Users\T-Gamer\Documents\GitHub\TCC\Projeto 5\Library\ScriptAssemblies\Unity.2D.Path.Editor.dll
Symbol file LoadedFromMemory is not a mono symbol file
Symbol file data-000001BA07443500 doesn't match image C:\Users\T-Gamer\Documents\GitHub\TCC\Projeto 5\Library\ScriptAssemblies\Unity.InternalAPIEditorBridge.001.dll
Symbol file LoadedFromMemory is not a mono symbol file
Symbol file data-000001BA0B999A00 doesn't match image C:\Users\T-Gamer\Documents\GitHub\TCC\Projeto 5\Library\ScriptAssemblies\Unity.Rider.Editor.dll
Symbol file LoadedFromMemory is not a mono symbol file
Symbol file data-000001BA0FCD0D30 doesn't match image C:\Users\T-Gamer\Documents\GitHub\TCC\Projeto 5\Library\ScriptAssemblies\Unity.Mathematics.dll
Symbol file LoadedFromMemory is not a mono symbol file
Symbol file data-000001BA0FCCA3D0 doesn't match image C:\Users\T-Gamer\Documents\GitHub\TCC\Projeto 5\Library\ScriptAssemblies\Unity.2D.IK.Runtime.dll
Symbol file LoadedFromMemory is not a mono symbol file
Symbol file data-000001BA0C2C6920 doesn't match image C:\Users\T-Gamer\Documents\GitHub\TCC\Projeto 5\Library\ScriptAssemblies\Unity.2D.Animation.Triangle.Runtime.dll
Symbol file LoadedFromMemory is not a mono symbol file
Symbol file data-000001BA1065A2E0 doesn't match image C:\Users\T-Gamer\Documents\GitHub\TCC\Projeto 5\Library\ScriptAssemblies\Unity.2D.Animation.Runtime.dll
Symbol file LoadedFromMemory is not a mono symbol file
Symbol file data-000001BA0C1E1180 doesn't match image C:\Users\T-Gamer\Documents\GitHub\TCC\Projeto 5\Library\ScriptAssemblies\Unity.2D.PixelPerfect.Editor.dll
Symbol file LoadedFromMemory is not a mono symbol file
Symbol file data-000001BA105E4C90 doesn't match image C:\Users\T-Gamer\Documents\GitHub\TCC\Projeto 5\Library\ScriptAssemblies\Unity.Timeline.Editor.dll
Symbol file LoadedFromMemory is not a mono symbol file
Symbol file data-000001BA0EAF1CC0 doesn't match image C:\Users\T-Gamer\Documents\GitHub\TCC\Projeto 5\Library\ScriptAssemblies\Unity.CollabProxy.Editor.dll
Symbol file LoadedFromMemory is not a mono symbol file
Symbol file data-000001BA0714C380 doesn't match image C:\Users\T-Gamer\Documents\GitHub\TCC\Projeto 5\Library\ScriptAssemblies\Unity.Mathematics.Editor.dll
Symbol file LoadedFromMemory is not a mono symbol file
Symbol file data-000001BA10628220 doesn't match image C:\Users\T-Gamer\Documents\GitHub\TCC\Projeto 5\Library\ScriptAssemblies\Unity.2D.Common.Runtime.dll
Symbol file LoadedFromMemory is not a mono symbol file
Symbol file data-000001BA34161010 doesn't match image C:\Users\T-Gamer\Documents\GitHub\TCC\Projeto 5\Library\ScriptAssemblies\Unity.2D.SpriteShape.Editor.dll
Symbol file LoadedFromMemory is not a mono symbol file
Symbol file data-000001BA0EAA3210 doesn't match image C:\Users\T-Gamer\Documents\GitHub\TCC\Projeto 5\Library\ScriptAssemblies\Unity.2D.Common.Editor.dll
Symbol file LoadedFromMemory is not a mono symbol file
Symbol file data-000001BA0E8FD460 doesn't match image C:\Users\T-Gamer\Documents\GitHub\TCC\Projeto 5\Library\ScriptAssemblies\Unity.2D.SpriteShape.Runtime.dll
Symbol file LoadedFromMemory is not a mono symbol file
Native extension for LinuxStandalone target not found
Native extension for WindowsStandalone target not found
Native extension for OSXStandalone target not found
Native extension for WebGL target not found
Refreshing native plugins compatible for Editor in 0.44 ms, found 1 plugins.
Preloading 0 native plugins for Editor in 0.00 ms.
Invoked RoslynAnalysisRunner static constructor.
RoslynAnalysisRunner will not be running.
RoslynAnalysisRunner has terminated.
Mono: successfully reloaded assembly
- Completed reload, in  1.010 seconds
Platform modules already initialized, skipping
Refreshing native plugins compatible for Editor in 0.46 ms, found 1 plugins.
Preloading 0 native plugins for Editor in 0.00 ms.
Unloading 1857 Unused Serialized files (Serialized files now loaded: 0)
System memory in use before: 94.1 MB.
System memory in use after: 94.2 MB.

Unloading 8 unused Assets to reduce memory usage. Loaded Objects now: 2378.
Total: 2.916000 ms (FindLiveObjects: 0.305800 ms CreateObjectMapping: 0.053900 ms MarkObjects: 2.531000 ms  DeleteObjects: 0.022900 ms)

========================================================================
Received Prepare
Registering precompiled user dll's ...
Registered in 0.001239 seconds.
Begin MonoManager ReloadAssembly
Symbol file data-000001BA07567F40 doesn't match image C:\Users\T-Gamer\Documents\GitHub\TCC\Projeto 5\Library\ScriptAssemblies\Unity.2D.Animation.Editor.dll
Symbol file LoadedFromMemory is not a mono symbol file
Symbol file data-000001BA0ECD64F0 doesn't match image C:\Users\T-Gamer\Documents\GitHub\TCC\Projeto 5\Library\ScriptAssemblies\Unity.InternalAPIEngineBridge.001.dll
Symbol file LoadedFromMemory is not a mono symbol file
Symbol file data-000001BA0C561030 doesn't match image C:\Users\T-Gamer\Documents\GitHub\TCC\Projeto 5\Library\ScriptAssemblies\Unity.VSCode.Editor.dll
Symbol file LoadedFromMemory is not a mono symbol file
Symbol file data-000001BA0DB9CFF0 doesn't match image C:\Users\T-Gamer\Documents\GitHub\TCC\Projeto 5\Library\ScriptAssemblies\Unity.2D.PixelPerfect.dll
Symbol file LoadedFromMemory is not a mono symbol file
Symbol file data-000001BA10571020 doesn't match image C:\Users\T-Gamer\Documents\GitHub\TCC\Projeto 5\Library\ScriptAssemblies\PsdPlugin.dll
Symbol file LoadedFromMemory is not a mono symbol file
Symbol file data-000001BA0F6A6430 doesn't match image C:\Users\T-Gamer\Documents\GitHub\TCC\Projeto 5\Library\ScriptAssemblies\Unity.TextMeshPro.Editor.dll
Symbol file LoadedFromMemory is not a mono symbol file
Symbol file data-000001BA10D49010 doesn't match image C:\Users\T-Gamer\Documents\GitHub\TCC\Projeto 5\Library\ScriptAssemblies\Unity.VisualStudio.Editor.dll
Symbol file LoadedFromMemory is not a mono symbol file
Symbol file data-000001BA0E8A9010 doesn't match image C:\Users\T-Gamer\Documents\GitHub\TCC\Projeto 5\Library\ScriptAssemblies\UnityEngine.TestRunner.dll
Symbol file LoadedFromMemory is not a mono symbol file
Symbol file data-000001BA0E7E8010 doesn't match image C:\Users\T-Gamer\Documents\GitHub\TCC\Projeto 5\Library\ScriptAssemblies\Unity.Timeline.dll
Symbol file LoadedFromMemory is not a mono symbol file
Symbol file data-000001BA0D296BF0 doesn't match image C:\Users\T-Gamer\Documents\GitHub\TCC\Projeto 5\Library\ScriptAssemblies\Unity.TextMeshPro.dll
Symbol file LoadedFromMemory is not a mono symbol file
Symbol file data-000001BA0C0FE020 doesn't match image C:\Users\T-Gamer\Documents\GitHub\TCC\Projeto 5\Library\ScriptAssemblies\UnityEditor.TestRunner.dll
Symbol file LoadedFromMemory is not a mono symbol file
Symbol file data-000001BA0C561030 doesn't match image C:\Users\T-Gamer\Documents\GitHub\TCC\Projeto 5\Library\ScriptAssemblies\Unity.2D.IK.Editor.dll
Symbol file LoadedFromMemory is not a mono symbol file
Symbol file data-000001BA0F171E50 doesn't match image C:\Users\T-Gamer\Documents\GitHub\TCC\Projeto 5\Library\ScriptAssemblies\Unity.2D.Psdimporter.Editor.dll
Symbol file LoadedFromMemory is not a mono symbol file
Symbol file data-000001BA0F26C010 doesn't match image C:\Users\T-Gamer\Documents\GitHub\TCC\Projeto 5\Library\ScriptAssemblies\Unity.2D.Path.Editor.dll
Symbol file LoadedFromMemory is not a mono symbol file
Symbol file data-000001BA06D63250 doesn't match image C:\Users\T-Gamer\Documents\GitHub\TCC\Projeto 5\Library\ScriptAssemblies\Unity.InternalAPIEditorBridge.001.dll
Symbol file LoadedFromMemory is not a mono symbol file
Symbol file data-000001BA0B999A00 doesn't match image C:\Users\T-Gamer\Documents\GitHub\TCC\Projeto 5\Library\ScriptAssemblies\Unity.Rider.Editor.dll
Symbol file LoadedFromMemory is not a mono symbol file
Symbol file data-000001BA0C346010 doesn't match image C:\Users\T-Gamer\Documents\GitHub\TCC\Projeto 5\Library\ScriptAssemblies\Unity.Mathematics.dll
Symbol file LoadedFromMemory is not a mono symbol file
Symbol file data-000001BA0C561030 doesn't match image C:\Users\T-Gamer\Documents\GitHub\TCC\Projeto 5\Library\ScriptAssemblies\Unity.2D.IK.Runtime.dll
Symbol file LoadedFromMemory is not a mono symbol file
Symbol file data-000001BA079DA030 doesn't match image C:\Users\T-Gamer\Documents\GitHub\TCC\Projeto 5\Library\ScriptAssemblies\Unity.2D.Animation.Triangle.Runtime.dll
Symbol file LoadedFromMemory is not a mono symbol file
Symbol file data-000001BA342AF640 doesn't match image C:\Users\T-Gamer\Documents\GitHub\TCC\Projeto 5\Library\ScriptAssemblies\Unity.2D.Animation.Runtime.dll
Symbol file LoadedFromMemory is not a mono symbol file
Symbol file data-000001BA0C1E6310 doesn't match image C:\Users\T-Gamer\Documents\GitHub\TCC\Projeto 5\Library\ScriptAssemblies\Unity.2D.PixelPerfect.Editor.dll
Symbol file LoadedFromMemory is not a mono symbol file
Symbol file data-000001BA105E4C90 doesn't match image C:\Users\T-Gamer\Documents\GitHub\TCC\Projeto 5\Library\ScriptAssemblies\Unity.Timeline.Editor.dll
Symbol file LoadedFromMemory is not a mono symbol file
Symbol file data-000001BA0EAF1CC0 doesn't match image C:\Users\T-Gamer\Documents\GitHub\TCC\Projeto 5\Library\ScriptAssemblies\Unity.CollabProxy.Editor.dll
Symbol file LoadedFromMemory is not a mono symbol file
Symbol file data-000001BA336B3800 doesn't match image C:\Users\T-Gamer\Documents\GitHub\TCC\Projeto 5\Library\ScriptAssemblies\Unity.Mathematics.Editor.dll
Symbol file LoadedFromMemory is not a mono symbol file
Symbol file data-000001BA10628060 doesn't match image C:\Users\T-Gamer\Documents\GitHub\TCC\Projeto 5\Library\ScriptAssemblies\Unity.2D.Common.Runtime.dll
Symbol file LoadedFromMemory is not a mono symbol file
Symbol file data-000001BA34161010 doesn't match image C:\Users\T-Gamer\Documents\GitHub\TCC\Projeto 5\Library\ScriptAssemblies\Unity.2D.SpriteShape.Editor.dll
Symbol file LoadedFromMemory is not a mono symbol file
Symbol file data-000001BA0C561030 doesn't match image C:\Users\T-Gamer\Documents\GitHub\TCC\Projeto 5\Library\ScriptAssemblies\Unity.2D.Common.Editor.dll
Symbol file LoadedFromMemory is not a mono symbol file
Symbol file data-000001BA0E8FD460 doesn't match image C:\Users\T-Gamer\Documents\GitHub\TCC\Projeto 5\Library\ScriptAssemblies\Unity.2D.SpriteShape.Runtime.dll
Symbol file LoadedFromMemory is not a mono symbol file
Native extension for LinuxStandalone target not found
Native extension for WindowsStandalone target not found
Native extension for OSXStandalone target not found
Native extension for WebGL target not found
Refreshing native plugins compatible for Editor in 0.44 ms, found 1 plugins.
Preloading 0 native plugins for Editor in 0.00 ms.
Invoked RoslynAnalysisRunner static constructor.
RoslynAnalysisRunner will not be running.
RoslynAnalysisRunner has terminated.
Mono: successfully reloaded assembly
- Completed reload, in  1.014 seconds
Platform modules already initialized, skipping
Refreshing native plugins compatible for Editor in 0.44 ms, found 1 plugins.
Preloading 0 native plugins for Editor in 0.00 ms.
Unloading 1857 Unused Serialized files (Serialized files now loaded: 0)
System memory in use before: 94.1 MB.
System memory in use after: 94.2 MB.

Unloading 8 unused Assets to reduce memory usage. Loaded Objects now: 2381.
Total: 2.167000 ms (FindLiveObjects: 0.276600 ms CreateObjectMapping: 0.054900 ms MarkObjects: 1.817300 ms  DeleteObjects: 0.015800 ms)

========================================================================
Received Import Request.
  Time since last request: 251.444495 seconds.
  path: Assets/Scenes/Tutorial.unity
  artifactKey: Guid(2cda990e2423bbf4892e6590ba056729) Importer(815301076,1909f56bfc062723c751e8b465ee728b)
Start importing Assets/Scenes/Tutorial.unity using Guid(2cda990e2423bbf4892e6590ba056729) Importer(815301076,1909f56bfc062723c751e8b465ee728b)  -> (artifact id: '96b1be5e1a28e4c92c31cfe2987a695e') in 0.015187 seconds
  Import took 0.018781 seconds .

AssetImportWorkerClient::OnTransportError - code=2 error=End of file
